4.002602,2,0.0030499495236408123,-0.000043825205257366274,-0.0006920997169259103,28
4.002602,2,0.001462577213048105,0.0005813919321702259,-0.0003691315109203838,27
4.002602,2,0.0023104483704155278,0.002389758888118344,-0.0032715405232608087,45
4.002602,2,0.0024308566801651307,0.000191575944662925,-0.0012570844466675028,26
4.002602,2,0.0004774251501370269,0.002034997361160161,0.001291592142345347,26
4.002602,2,0.0019846592534570194,-0.0010157092008040902,0.00043745577357889826,32
4.002602,2,0.00018208961120186903,-0.004207261822200929,0.002076570569985221,39
4.002602,2,0.0032432231637127143,0.0015358430209688966,-0.0007307122792327564,38
4.002602,2,0.002229988300608059,-0.000947163586308726,-0.0005808261648315709,24
4.002602,2,0.0004811772910522048,-0.0006416347550685138,0.00018751461316576733,20
4.002602,2,0.0030337924340967256,-0.0002613843328020965,0.003159540939936831,35
4.002602,2,0.0022155935092135924,-0.000005733546230931012,0.00119691327935708,26
4.002602,2,0.0022999175905377436,0.0007530381462730379,0.002044419734939435,26
4.002602,2,0.0012560048080939978,0.0040787020753380735,0.0006361306640815216,39
4.002602,2,0.0031910984638155435,-0.0015758278988351573,-0.00042429356188105043,28
4.002602,2,0.0009825215471816536,0.00020696587715572618,-0.002027553932995436,29
4.002602,2,0.0003282398848336646,0.00008330625805886982,0.0017565943225003797,20
4.002602,2,0.0009010680104025385,-0.0007040089217302273,0.0004371860390513621,27
4.002602,2,0.0007245992590037017,-0.0000996585441582642,-0.0007672297136410124,16
4.002602,2,0.002685540025290533,-0.004557656232387971,-0.00011114675115325769,45
4.002602,2,0.0009196228539188273,-0.0007722349889305582,-0.0039333118162097214,31
4.002602,2,0.0011913610369340545,0.0025180437790544557,-0.0006024337331525004,33
4.002602,2,0.0061826942239555475,0.002036851878624276,-0.0005583392155408771,44
4.002602,2,0.0024557012739850705,-0.0006592749862746448,-0.00022077104572660184,25
4.002602,2,0.000250718570667711,0.0014235017722451563,-0.0011683690018248392,36
4.002602,2,0.0011871707120352495,0.000505406116724328,-0.0028461574403463854,32
4.002602,2,0.0033201954948172837,0.00036188357407426075,-0.003595284249042135,38
4.002602,2,0.0015943305797702695,-0.0011824134901131625,0.00042594701801456,22
4.002602,2,0.0016172334625364389,-0.0025671551684594753,-0.0015329905971187931,34
4.002602,2,0.0009673170077422061,0.000319068733686645,0.00004307802069586827,23
4.002602,2,0.00014839503474855584,-0.0006581594130195821,0.0005945682237328451,19
4.002602,2,0.002546681087469868,-0.0016886278789844248,-0.0006037048414763263,31
4.002602,2,0.00025774541731456125,-0.00030737525775995523,-0.0005640849481279461,21
4.002602,2,0.0016722465244524186,0.0029230603098745964,0.00003282109535349857,24
4.002602,2,0.0029895269750520414,-0.0014346332471819293,0.0012078018990334199,33
4.002602,2,0.0023214835988033876,-0.0010602901801311695,0.00013017784253945933,25
4.002602,2,0.0013533970793802943,0.00044834831689438004,-0.0007527009975665131,31
4.002602,2,0.000981488170622252,0.000504614120214876,-0.0010674919562000422,22
4.002602,2,0.002122614870000712,0.0012587330513282988,-0.00016236723430735332,23
4.002602,2,0.0013649384114422052,-0.0007856598342411861,0.0016487297926435426,31
4.002602,2,0.0019506974417709173,-0.00028762343561073204,0.0005920038980335527,28
4.002602,2,0.003309448967556565,0.00008902277677515296,-0.0007313549841766372,30
4.002602,2,0.0022057546709796853,0.00014928286012510765,-0.000682582817713354,24
4.002602,2,0.0016478178829803603,0.001913281640265297,0.0003062895172334115,26
4.002602,2,0.0010750461717764354,0.0017091523545976525,0.0018852623751783987,30
4.002602,2,0.0007293646170163884,-0.0020245658167659165,0.0020035657695201825,30
4.002602,2,0.0023236720382062794,0.00021276300693721435,0.0024427440257525296,30
4.002602,2,0.0009890808427844445,0.0013856971609387642,0.0025549349453748756,26
4.002602,2,0.0011131435410890434,0.00008404001225450591,0.002719410452728602,32
4.002602,2,0.0023953686155607067,0.0009170448434240489,0.0012673568255192247,33
4.002602,2,0.003125265600270435,0.0015492755800465181,-0.0017200286904169842,32
4.002602,2,0.0022216580879572114,-0.0004391380735214182,-0.000013607331360991697,27
4.002602,2,0.0016286509504664418,-0.00035705945426709634,0.0007485891129542948,28
4.002602,2,0.0020710717507028457,-0.000560952716544914,0.0002727513899103256,24
4.002602,2,0.0021043869912624334,-0.000294845660663732,0.0008008421722038883,31
4.002602,2,0.0028066342356865065,-0.0035810614459937514,0.0007355977148138658,37
4.002602,2,0.0015094866854481624,0.000047718430237609936,0.0004229665622477209,36
4.002602,2,0.002436462077817822,0.0005724374026429252,-0.0008674267939495331,35
4.002602,2,0.0019287821800370844,0.0013029665284487143,-0.0005823576810076528,30
4.002602,2,0.0011873274384054636,0.0023619000361949825,-0.00007052162896656248,37
4.002602,2,0.004452159543535233,0.0023099231454309756,0.0018174777493094674,39
4.002602,2,0.004275154597925074,0.0004857313040930168,-0.001572974462744999,34
4.002602,2,0.0026608412214995736,0.0006011049994505874,0.0004973860053170076,29
4.002602,2,0.0015324207962903339,0.001406352141075451,-0.0008492859007566436,38
4.002602,2,0.0039011959220448234,0.0016428128000174833,0.0005385668715955895,36
4.002602,2,0.0016647871417962566,-0.0013743962526250868,-0.0016876324690516815,31
4.002602,2,0.0036106937241050653,0.0014549477903759158,0.000058724058180362995,32
4.002602,2,0.0031158322172137216,0.0009045960957892817,-0.000962173321366097,30
4.002602,2,0.004488281024323238,-0.0013394204118802732,-0.0009447262202942947,49
4.002602,2,0.0038264017178487823,-0.0014248013664027834,-0.002289180181364079,32
4.002602,2,0.003016700395013684,0.0026669834268040395,0.0015340240494073948,33
4.002602,2,0.0010733695328652938,-0.0016980283421006437,0.0022276289114330915,31
4.002602,2,0.00333307612518171,0.00045237240534666225,-0.0013212362905877957,30
4.002602,2,0.000527136403020278,-0.0016049956260769567,0.0020502978219987967,27
4.002602,2,0.0029120230599511427,0.001723495731521821,0.0008164186147861255,33
4.002602,2,0.0007610646935526407,-0.002611129599273022,-0.0010617249717946532,32
4.002602,2,0.001754077616333537,0.0025291693185123393,0.0013154924086743454,22
4.002602,2,0.004150017132668029,-0.00047539000627802775,-0.0005290385624973779,43
4.002602,2,0.0005062575358789178,0.0043046397102813804,-0.0023859193496259465,41
4.002602,2,0.0016069150517022746,0.0006338493979017439,-0.0014980975085697055,21
