4.002602,2,3.2081367875046043,-0.10008945437245646,-0.0026003016840219976,0.05418771112472194,-0.8839910681254395,-0.017183071798169806,0.4671878995843361,18
4.002602,2,143.43978696071554,-0.10003344682241187,-0.04903119324938364,0.07144873778473752,-0.7565591816438718,-0.367962864477148,0.5405751890682065,4
4.002602,2,105.51195527042529,-0.10008545279168996,-0.14520412385218648,0.18069354562794027,-0.39765937702275495,-0.5736565114218717,0.7160902364710486,3
4.002602,2,137.89415395874616,-0.10004974002892571,-0.19008129883175082,0.09148376142731701,-0.4304562295192559,-0.8142351299873533,0.3895235391636092,8
4.002602,2,117.70110061804965,-0.10006002758701678,0.05992518269540361,-0.05103226463863666,-0.7914783103097544,0.45854232850144355,-0.4041052057097144,11
4.002602,2,87.08596152421643,-0.10010231216431272,-0.002333436773630503,0.022634801016351624,-0.9735776396971824,-0.026133514818366534,0.2268559430231036,7
4.002602,2,37.09310978887277,-0.10013944598122834,-0.014177836623949159,-0.004182316080071171,-0.989739040742615,-0.13790996220705484,-0.037382797567024735,9
4.002602,2,143.62474733628613,-0.10009189899658613,0.025299528069684805,-0.032178886489986534,-0.9257981092528575,0.23365334783096453,-0.29715984579215354,1
4.002602,2,17.132361948339,-0.10000174907184374,-0.14437406791359414,0.052235990878778144,-0.5506460445013095,-0.7843899180859628,0.28551950910604773,17
4.002602,2,53.8783888245352,-0.10001607608164775,0.05644458509013566,-0.15239755837842853,-0.5227321865334633,0.29911483339677813,-0.798299052738986,21
4.002602,2,1.2713611632680444,-0.10014631452330733,-0.09011031915535547,-0.0007451942818390856,-0.7403471409455401,-0.6721526105486416,-0.009847792971566904,21
4.002602,2,154.05828775891868,-0.10005877226368941,0.07833584558071463,-0.12307685036283131,-0.5666222582404039,0.4424181753169429,-0.6951297537983625,3
4.002602,2,40.70093881220767,-0.10009287006439058,0.037549622024333845,0.01952975729423389,-0.9218351179276234,0.35322661120686494,0.15953362181897293,22
4.002602,2,13.70369204031755,-0.10016482966859773,-0.013997705782084131,-0.07024874237629111,-0.809473332989532,-0.1173044894233398,-0.5753195459394267,19
4.002602,2,164.12032832905393,-0.10005091665182833,0.34449178637433836,-0.05478477960358525,-0.27568359194345415,0.9493150601558024,-0.1509949459238303,2
4.002602,2,113.46115314212103,-0.10010617104008555,0.06760959813218699,0.05965918804504202,-0.7443701290231536,0.49961330700304274,0.44305716841457043,4
4.002602,2,161.41492321426293,-0.10005077681072751,-0.06339271854522231,-0.23743199256619457,-0.37747851431522345,-0.2390821581699948,-0.8946226539022748,2
4.002602,2,93.36926230904402,-0.10012770049086304,0.05307161739851013,-0.1337130840103318,-0.572756986619854,0.305359926094019,-0.760726461886268,5
4.002602,2,109.2023844744916,-0.10014859909614665,0.008238756277904482,0.002407756522123444,-0.9963048224132797,0.08190929283680456,0.025837348606582804,10
4.002602,2,100.72875893926631,-0.10005674546797041,-0.017220307560802055,0.015208713640260052,-0.9744211005299837,-0.17071677969421173,0.14614821234888095,8
4.002602,2,14.299910106142267,-0.10002718036630077,0.02042876736586601,0.1412822217510323,-0.5714391619317736,0.10858417356938882,0.8134290143958263,28
4.002602,2,8.055098205575034,-0.10001128887007099,0.11130344409449626,0.0880383006506641,-0.5736103917582102,0.6431513581807684,0.5072745301483468,31
4.002602,2,98.48538361306012,-0.10002160218978354,0.20781362810523488,0.07081574949518912,-0.4145967376357933,0.8613640350387448,0.29353286746722135,1
4.002602,2,43.48207759554764,-0.1000597752924771,-0.020639329572434018,0.00915057636465211,-0.9759667212192803,-0.19890313633579174,0.08903090153577539,7
4.002602,2,124.31473821238944,-0.10017795561579201,0.03494432038611234,-0.007764025441460987,-0.9425410023877954,0.3266891134660719,-0.06993341090324522,10
