4.002602,2,110.48381113268024,-0.10000759842550151,-0.02518743837304387,-0.0998832917341092,-0.6981662717297095,-0.17428507692920983,-0.6943979903332218,3
4.002602,2,57.254270469690915,-0.10018836030363469,0.0017309925755972424,0.03317354872416114,-0.9520341143980573,0.01656064074408548,0.3055434342290013,11
4.002602,2,112.37613052424616,-0.10009144297336396,0.03281551620043076,-0.08218820295076285,-0.7497258314878655,0.24706214810510152,-0.613898584925492,5
4.002602,2,101.72026440577882,-0.10014792136573383,-0.11013558010093624,-0.0268509387646472,-0.6649942178357664,-0.7273999308768246,-0.16932817487172044,14
4.002602,2,142.8005043603587,-0.10014666650594632,-0.004549801785495656,0.008945801786546751,-0.9950194053370448,-0.04518914646150821,0.08885000869327025,1
4.002602,2,2.1355839041139886,-0.10011823606758591,-0.009907001543828797,0.04174874010416578,-0.9248964030949127,-0.07425136891453982,0.3728986159218215,29
4.002602,2,63.872339598280995,-0.1000508601048347,-0.24979037118313444,0.18515890323387282,-0.306698784332216,-0.7650286290365205,0.566274714642675,3
4.002602,2,119.29391667657906,-0.10014224839197798,0.06760835059424175,0.08981742658349362,-0.6684121455891471,0.44836523613204005,0.5934591971291482,6
4.002602,2,84.0449489314871,-0.10006870738914814,0.12905105668938094,0.03996382601677842,-0.595658554366326,0.7696293402865928,0.2299164308618304,16
4.002602,2,156.53074434087466,-0.10009784095003418,0.03637725258743165,0.19506417475719368,-0.45100501480317734,0.16362672863864858,0.8773943071945475,2
4.002602,2,59.919145838732305,-0.10002681802296015,-0.2451936218231373,-0.19720929918366617,-0.3050244658024101,-0.7435372718607066,-0.5950734413632423,16
4.002602,2,77.15780544970006,-0.10014002958474943,0.010467455687691321,0.02640315566820971,-0.9619469091885198,0.10563877108573153,0.2519892734743887,14
4.002602,2,46.75227202074702,-0.10001317648937835,0.09482734307553707,0.13497679671902318,-0.5283388176300411,0.48100357661699616,0.6996382301353662,30
4.002602,2,22.385943360157885,-0.10015133689063124,-0.00031303907548312104,-0.008594914335498537,-0.9963530981960859,-0.04185333381459497,-0.07435591545845555,27
4.002602,2,150.46993762926738,-0.10005985807792186,0.09991495807859593,0.08330117499196327,-0.6113459213321549,0.6086081706344788,0.5058184052676332,4
4.002602,2,66.9847635139005,-0.10013670018634449,-0.08268193396936525,-0.049293799099762586,-0.7210007257685012,-0.5942534411008722,-0.35639977718997917,6
4.002602,2,103.37134492266897,-0.10016550764678564,0.0076472489374080415,0.0013716594231774184,-0.9962833520635317,0.08482537988754754,0.0149712166501529,12
4.002602,2,126.28661626027223,-0.10006291918251617,0.031162320543193782,-0.06031761260825086,-0.8320390984632525,0.24669477235515141,-0.49684265911966335,9
4.002602,2,53.813949219974695,-0.10002279020778207,-0.014150503122623111,-0.0954944310309026,-0.7189524271072707,-0.1001859884107365,-0.6878009706904521,7
4.002602,2,44.22696990506185,-0.10020353664812522,0.03236089141682094,0.015148991772274262,-0.9426148950680027,0.2948928289493978,0.1565738772278431,13
4.002602,2,45.60470201637193,-0.1000531556568359,-0.0860390022943619,0.18948619925951649,-0.43310242215863853,-0.3724922066325196,0.8207751506462393,12
4.002602,2,161.69984206247454,-0.1000759675276749,-0.21990217296078357,0.08500404465906995,-0.39194210929205975,-0.8583298995638624,0.3311361751279688,4
