4.002602,2,0.02813320304098063,0.008240927057041282,0.013517995422849795,182
4.002602,2,0.002680208338541274,-0.0029741726139923203,-0.020067833321698,187
4.002602,2,0.03906627389898391,-0.018831046534610735,0.010934747456012799,246
4.002602,2,0.012959768839286508,0.00915554299579031,0.013261277806307564,166
4.002602,2,0.011688291923711113,-0.010081022310746849,0.0059461774917600446,163
4.002602,2,0.012245370963086661,0.016298321370580106,0.005215098027649757,219
4.002602,2,0.020471992882224618,0.03392313812716163,0.005709536821035672,235
4.002602,2,0.01829381734859357,-0.01127294565327512,0.0019147942466837687,154
4.002602,2,0.01759011618665035,-0.02261277993146183,-0.02691416818457709,238
4.002602,2,0.00970580193380289,0.002175511031144992,0.0021542838465681666,123
4.002602,2,0.009128509114274635,0.021070033796868694,-0.009445623572288762,172
4.002602,2,0.03714738551926025,0.004046738098610474,0.009295306438262731,224
4.002602,2,0.024487315528338625,0.029322366516262417,-0.0071076062259003425,238
4.002602,2,0.0054368306692865916,0.006310802880096252,-0.001176099137834655,136
4.002602,2,0.005432857394410599,0.010185521052352889,0.010434427625742539,174
4.002602,2,0.020005003366325866,0.011990355743663278,0.010141625113713939,231
4.002602,2,0.024635291837968074,-0.00026807428855867216,0.0063117675518516835,216
4.002602,2,0.008887166375656171,0.02980518340962907,-0.012528356889291423,212
4.002602,2,0.026074963328910666,0.005629095419935138,0.00510072635421716,222
4.002602,2,0.02010708160056117,0.0070626832958580665,0.02153760180271867,218
4.002602,2,0.026458134467809064,-0.01363735175383628,0.00026719051814779794,190
4.002602,2,0.029999086273276306,0.01046843155962442,-0.010066008782442938,243
4.002602,2,0.026879726012609833,-0.007691833925392735,0.010034445432993805,221
4.002602,2,0.014857637069144756,-0.004840886040473732,-0.008839302484833644,168
4.002602,2,0.036044470689009345,0.012543849720569045,0.02051967847277798,259
4.002602,2,0.035241954219800004,0.00021140830662694398,-0.0066142193527569835,281
4.002602,2,0.021926300123618694,-0.003967796211624236,-0.019392519821162916,215
4.002602,2,0.015540413192789853,-0.0019028290373390845,-0.013636109455701597,246
4.002602,2,0.016963760102449384,-0.010249333018823678,-0.00010026974182062757,143
4.002602,2,0.012271832528792534,0.005847603642451027,0.004711605738152094,171
4.002602,2,0.027043682919403164,0.005277782973082267,0.013591572901447127,195
4.002602,2,0.020234920039639642,-0.0026700667253018416,-0.002873601563673693,163
4.002602,2,0.006873112846416315,0.003975463918774854,0.013249364632172493,158
4.002602,2,0.002753840213471528,0.0026784203215479514,-0.0013945727984398058,143
4.002602,2,0.03803303040806332,0.005726856168203002,-0.01607260552166505,241
4.002602,2,0.016244383950509193,-0.001827744121314568,-0.0012480886639621885,224
4.002602,2,0.0011732918832186845,0.024613010190987567,-0.01513133254892547,207
4.002602,2,0.038600876916139615,-0.007673065602295461,0.024755275059799173,275
4.002602,2,0.020606357371518343,0.01477249027926686,0.014491508265705869,235
4.002602,2,0.03648610652284388,-0.013013778284967659,0.005611342561597123,243
4.002602,2,0.01800649873135894,-0.006462319830489014,-0.001902658789094358,167
4.002602,2,0.01868195864478206,0.02153268184466377,-0.006276515212591551,210
4.002602,2,0.035399193419544235,0.006838495911906336,-0.018076232236131227,242
4.002602,2,0.03889412903108984,0.02321349834606229,-0.011285173458073281,250
4.002602,2,0.008550050898699282,-0.006559471493793804,-0.00025856134650302054,218
4.002602,2,0.011224012603300155,-0.012740817910414691,-0.003517529807666507,217
4.002602,2,0.009610787315542723,-0.006336570768060825,-0.01168963537628154,168
4.002602,2,0.004232890361342042,0.008001050409388468,-0.01124643529645928,157
4.002602,2,0.028971843804183224,-0.01989267412991685,0.0013282550560205512,221
4.002602,2,0.01898424763256505,0.02819415398100692,0.013141869484834484,267
4.002602,2,0.04093170928936862,0.009638840101567193,-0.016867186119434364,256
4.002602,2,0.009334148177589053,0.018514651115701213,-0.013783493910703142,191
4.002602,2,0.024159487612339534,0.0133142066356628,0.013049196705743577,218
4.002602,2,0.01657056910469545,-0.0031730549135851145,-0.021673201975448343,225
4.002602,2,0.02094142941692219,-0.0015382994044035039,0.009747521620928075,174
4.002602,2,0.023362282487172658,0.016537342331226335,0.0015432585829276621,216
4.002602,2,0.009690311971871698,-0.022345985096142284,0.012999151781474856,215
4.002602,2,0.02952901168522337,0.0009781454811755152,0.008645963962145736,188
4.002602,2,0.012706712372968967,-0.0027341825425784383,0.009476155595684191,122
4.002602,2,0.011692348766174582,0.003926461548084053,-0.024089719648102997,209
4.002602,2,0.022882109507524593,0.01371092502132704,-0.028897833339419022,226
4.002602,2,0.00914630000301366,-0.010000817435733002,0.004696515130208459,173
4.002602,2,0.019155192870391028,0.006442477100378129,0.0012230861689682593,186
4.002602,2,0.016165691669115273,-0.014252906191685887,-0.007144045119671755,236
4.002602,2,0.04268883191803093,-0.019482594937558103,-0.020279577400500178,269
4.002602,2,0.02516467910691314,-0.01655673636771002,0.01213219742066164,225
4.002602,2,0.017517088991623304,-0.015582996736375674,-0.012557149264865642,233
4.002602,2,0.014935324814700392,-0.007522447625525027,-0.021791143684960292,175
4.002602,2,0.007256157479889867,-0.018833349450630556,-0.024316078919495197,248
4.002602,2,0.012708763635885615,0.006631404104701026,-0.0006196483718565573,153
4.002602,2,0.001672288322588651,-0.0016586455075352162,0.015559516715469004,127
4.002602,2,0.013011117474842416,-0.014813338327919773,0.024530272001558207,230
4.002602,2,0.025938410341799428,-0.0024886882043152285,0.01009208576024281,230
4.002602,2,0.009171071310256025,-0.0024000772216427333,0.0009379831835245552,120
4.002602,2,0.027439590230433516,0.017110073656476054,-0.007110434968370987,185
4.002602,2,0.013808271438155079,0.0019787526546522316,-0.00461371609693298,159
4.002602,2,0.007396232300178722,0.01897465378715397,-0.0019844481313576715,180
4.002602,2,0.0030253120213970053,-0.005482900303018818,0.016690967098528044,183
4.002602,2,0.0008305213533205769,0.012590752359202317,-0.004561279615325485,159
4.002602,2,0.003786538854864295,0.006933394294680745,0.0024542979982952046,128
4.002602,2,0.03681343301933629,0.0026078220597635783,0.0009610135857545781,223
4.002602,2,0.014471064258268359,-0.0062446752362562055,-0.007183314326030111,194
4.002602,2,0.006727379543308714,-0.004676383487836309,0.0026759549617918453,167
4.002602,2,0.019266058005981773,0.01407237754005441,-0.008592117054635293,175
