4.002602,2,0.001075064805828562,0.00006659021103179184,0.00015446396848225183,17
4.002602,2,0.0010213748292113472,0.0003996755855797552,-0.00009924337988842372,11
4.002602,2,0.002239570007768642,-0.0016159582867953893,0.002142197282969801,34
4.002602,2,0.0028582284841432997,-0.0015875546235619435,-0.00023896861935909005,33
4.002602,2,0.002487000226216978,0.00025173371170181854,0.0013832754322683056,28
4.002602,2,0.0024475106565409986,0.0009139957025802591,0.0013973313119764717,28
4.002602,2,0.001762432699580564,-0.002691903086822035,0.0003293835506603544,32
4.002602,2,0.0006228923503992924,-0.00003969747979903069,-0.00030976565349039536,31
4.002602,2,0.0030016187802891473,-0.00007922980294930477,-0.0005322177809961271,40
4.002602,2,0.0016471894216544662,0.0002329584413858952,0.0016251762371813697,25
4.002602,2,0.00244583144809995,-0.0005658215904318703,-0.0002254601645083326,21
4.002602,2,0.003282891761395876,0.00034459561757669476,0.0016078390646167419,33
4.002602,2,0.0021027271819518208,-0.0024650228933834266,-0.0009431030768753975,33
4.002602,2,0.0028873825012867603,0.0011346942565178416,0.0014397409606443767,35
4.002602,2,0.0008646877169201989,-0.0010853088760493595,0.0005326733479029175,16
4.002602,2,0.0017657841853963537,-0.0001458385509098875,-0.0008456818735235076,21
4.002602,2,0.0018061702248659273,-0.0009277311343466971,-0.0016318226226024195,27
4.002602,2,0.00241472006681056,0.000095680734392348,-0.000338939893979816,32
4.002602,2,0.002093489497158064,0.0033422593094978668,-0.0008467282224679211,40
4.002602,2,0.0005547156665213865,-0.00019113537954064508,-0.0007370936156973098,25
4.002602,2,0.0036832950603431546,-0.0004207805884546455,0.00004052683727731634,35
4.002602,2,0.0002951210307527493,-0.001225560679860602,0.0000663557291195111,23
4.002602,2,0.0014096719790497635,-0.0016364290872084306,-0.0016539609377358912,32
4.002602,2,0.0006468129500339067,0.0005965028989795494,-0.000722611083258785,22
4.002602,2,0.00139852036943437,0.0004734144715561025,-0.0009085293708958631,40
4.002602,2,0.004141032016838476,0.000029788235431990015,-0.0004662795054122153,37
4.002602,2,0.00380532016402183,0.001011828263997207,0.000672775216911419,30
4.002602,2,0.0013244579744134516,-0.0009880374991604053,-0.0012060990795878237,28
4.002602,2,0.0031660606860940206,0.0020523052271926604,-0.00010201971035629181,25
4.002602,2,0.0003184263018398261,-0.00018865953005281792,0.0002589432636596517,13
4.002602,2,0.0035267153887445415,-0.00043434714948049674,0.0006553847493063915,30
4.002602,2,0.004108148920804294,0.0009739617296651867,0.0005869603887034532,31
4.002602,2,0.0008626059633307343,-0.0018645329214262896,-0.002769100270359163,32
4.002602,2,0.0018033695876387265,0.001150820370199789,0.000863167428133925,26
4.002602,2,0.003471632584031535,-0.0018520939181134398,-0.0007209471468928463,34
4.002602,2,0.0039999671815046664,-0.0012371184539739183,-0.00019705225304628425,32
4.002602,2,0.0011302153541735095,-0.0008927004728127886,0.00046037757595458674,21
4.002602,2,0.0017928837977971204,-0.00048710479959197453,-0.000338924375836546,22
4.002602,2,0.0007141638023875076,0.00028967290326149375,0.00042656573814515606,21
4.002602,2,0.004300140855342285,0.00002141043265452425,-0.002360512487141203,39
4.002602,2,0.0002383841494553093,-0.0005264507566312203,0.00043882277594251153,15
4.002602,2,0.002244687690516634,0.0005697378732957467,-0.00008173815215817085,27
4.002602,2,0.001678268823040447,-0.0017740490898426038,0.00006749217701967755,28
4.002602,2,0.004801295096729576,0.0026502324196396327,0.0018837629358614198,42
4.002602,2,0.0014315096472832195,-0.0022094379313955036,-0.0012336280210357492,28
4.002602,2,0.0018443040010719665,-0.000927705693649863,-0.00010528269751105411,30
4.002602,2,0.0005766492470624688,-0.00215046210444803,0.0029813189912440974,28
4.002602,2,0.0017480314642292648,0.0009672524936459017,-0.00166961885821869,22
4.002602,2,0.0028417357315598285,-0.0026070227051031517,-0.0006010428289789357,27
4.002602,2,0.0017298541613216894,-0.00012099625605305561,-0.003977203645406964,34
4.002602,2,0.0013065536533591478,-0.0012194297791123527,-0.0029515685756081344,35
4.002602,2,0.0009712875141034318,0.0012766991865625682,0.0003352981302377694,22
4.002602,2,0.002374281350012129,-0.004905481289974244,-0.0010470857578932036,44
4.002602,2,0.0009993587075357918,-0.0024633004743547225,-0.000968765459245446,26
4.002602,2,0.0016322250647746363,0.0016034939657896714,-0.0003545073920911057,27
4.002602,2,0.0022199589434304303,-0.0002883581093000745,-0.0002678536457994519,29
4.002602,2,0.006449477096134309,-0.00011102802282741956,0.0013560307140841272,45
4.002602,2,0.0010997857944565494,0.0007459437644145349,0.0013862089661423776,31
4.002602,2,0.004131367765807838,-0.0006639974628900044,0.0035576172650054363,37
4.002602,2,0.001310494488554443,-0.002461913553525986,0.0008375238306817108,27
4.002602,2,0.002473656691212318,-0.000014937252796724923,0.0024244528244478166,36
4.002602,2,0.0008177359246794412,0.0002892084861545002,-0.0012821716451567283,22
4.002602,2,0.0019120091757586861,-0.0010872693697524497,0.0009158845581844988,26
4.002602,2,0.0029890907040069073,0.00021479230429624602,-0.0016568668770096362,26
4.002602,2,0.00201600314473426,-0.001119757726711216,0.004070478165252616,31
4.002602,2,0.002015143691225766,-0.0005215285240287839,0.0017099039861230637,36
4.002602,2,0.0003571699033743011,0.00037363072885048524,0.0007496626798858835,18
4.002602,2,0.004215624070912999,-0.0011715980043460717,0.0006265099757663017,40
4.002602,2,0.0034688890686916537,-0.0014534728940907213,-0.00018011350167973213,28
4.002602,2,0.00195340527417501,0.0015165189992498243,-0.0012260628833342519,29
4.002602,2,0.0005891854200324633,-0.0003710491177297393,-0.0012651015658087434,21
4.002602,2,0.0029482327484430795,-0.0005134457079890897,0.0002789854016819443,34
4.002602,2,0.001973667471601314,-0.0008821904058669351,-0.0005458429121638201,23
4.002602,2,0.0017957825337277555,-0.0007590198584019729,-0.0006166568427188369,37
