4.002602,2,99.31217055359055,-0.10003941889209421,-0.011802163193787376,-0.072150810098036,-0.8089515132661843,-0.09467366770496043,-0.5802019870938406,3
4.002602,2,111.1923724891768,-0.10016128020214524,-0.0291658733725692,0.020985811463528504,-0.9412720043372163,-0.27304384945542337,0.1986304863951246,5
4.002602,2,107.63314649965041,-0.1001956123641363,-0.001437843980078126,-0.01846988883991014,-0.9823542778548736,-0.032160925250251195,-0.1842437181216164,14
4.002602,2,108.99625268578673,-0.10012653296267102,-0.10536083993125847,-0.0783978217611195,-0.6079656238411129,-0.6380091008142165,-0.47256976998716455,4
4.002602,2,91.38759027646034,-0.10004498219999271,-0.25091692372542596,-0.054494087521740606,-0.36586912981890796,-0.9102686662935978,-0.19378012026425714,18
4.002602,2,34.10987192131101,-0.10021370054854165,0.014018407293940145,-0.011299210231057698,-0.9829166917430474,0.1443178574312522,-0.11422404790304015,13
4.002602,2,37.58201686751283,-0.10005234155594804,0.07583711550240137,0.062217768892453784,-0.7121945984266312,0.5504209996721661,0.4356782954105277,13
4.002602,2,75.827898329421,-0.10016024190714362,0.015368969708886146,0.06616439827080293,-0.8236423895664678,0.1406574692298786,0.549389379638053,17
4.002602,2,103.15646829266649,-0.10000514407465848,0.18500108182315214,-0.23825080495940917,-0.31483619685289593,0.5820314586147924,-0.74974499020263,2
4.002602,2,104.74979805336008,-0.10007699713594574,-0.19566164473974046,0.02241768530746804,-0.45377677162424734,-0.8853364209844926,0.10132158315307288,1
4.002602,2,119.1914995896261,-0.10012498790411849,-0.10675872980003569,0.0828239409336323,-0.6024162939755329,-0.6247160667082077,0.496814296039688,16
4.002602,2,22.332278803935267,-0.10011777496031625,0.030547392583640445,-0.028860756458101346,-0.9242068298479907,0.2810742715381549,-0.25853237619614083,21
4.002602,2,78.37284860419022,-0.1001506479443535,0.03225742401402703,-0.10344312400109631,-0.6793626812810472,0.225508613214366,-0.6982923547116636,8
4.002602,2,73.39390335606721,-0.10009974867461757,-0.024537471577564272,0.024570366483758547,-0.9419225717739312,-0.25027361213333504,0.22393076575700077,16
4.002602,2,37.815814940833036,-0.10006123317106652,-0.08751971867502097,-0.023020827693701583,-0.7508210274403934,-0.6391937294447061,-0.1664306491963543,18
4.002602,2,9.177337703064481,-0.10000926517245712,-0.00784370535020718,0.011145463097120245,-0.9924378865273966,-0.08477626561892086,0.08876951150448209,25
4.002602,2,122.13522759687805,-0.10009347079105878,-0.02668802387149937,-0.11090595916693623,-0.6640190677322582,-0.175689201970842,-0.7267819356580291,7
4.002602,2,23.80849618899608,-0.10006896369983447,-0.06354899801444608,0.029550168445742393,-0.8128565594513606,-0.5300841712808637,0.24140212325987617,17
4.002602,2,70.65568307011313,-0.10006791976930604,0.26297444565428774,-0.050806507844526574,-0.35055902387546334,0.9200343576147956,-0.17505756649688964,5
4.002602,2,43.036831344504776,-0.10007558871307602,0.05324717073393498,0.05560251098145821,-0.8020964531967797,0.424194295988844,0.42035756091650783,30
4.002602,2,10.219441890377265,-0.10013398150860126,-0.033693779121484274,-0.0031444392358779675,-0.9449345109683751,-0.3254163324260719,-0.034684010311983995,19
4.002602,2,17.902711462273093,-0.1001095784680141,-0.036955751565923504,0.023750901849092752,-0.9164812586877403,-0.338085294188332,0.2139168911697353,15
4.002602,2,105.21336728633663,-0.10000705051781374,0.3266728095596352,0.3045859850148112,-0.2186177836311046,0.7136386835399574,0.6655269296095989,1
4.002602,2,127.41052355297491,-0.1000424615893843,-0.22450030068100255,0.031454080154070425,-0.40484223900358485,-0.9055065250166077,0.12712472092756852,6
4.002602,2,66.23564200504443,-0.1000687130733939,0.17895044188198306,-0.05081955028452212,-0.4767349484537234,0.8443800613919703,-0.24443015535428195,11
4.002602,2,48.651242024538945,-0.1001415624236768,-0.03203768989942462,-0.031047097646179328,-0.9157125519868183,-0.2927420508679627,-0.2752682578638663,11
4.002602,2,37.731849520212606,-0.10011520137605351,0.0015084886254721256,0.05589947449584541,-0.8718342913517597,0.023189608282843128,0.4892516841982901,13
4.002602,2,20.190059260160695,-0.10002049101252292,0.05974354434138595,0.00033940878263951404,-0.8565123806952185,0.5161014334927398,-0.005084492358946174,29
4.002602,2,92.34115010227589,-0.10001196767917511,0.0711979003565846,0.14053913310559016,-0.5367611703714623,0.38609073198601923,0.7502142311739748,14
4.002602,2,96.52579875869172,-0.1001059762831633,0.07629051649666527,0.016844753506531168,-0.793743553917193,0.5974450253146981,0.11415170757208963,17
4.002602,2,65.35433875859668,-0.1000070542773475,0.02168697306216426,0.00874234928595161,-0.9722700673564778,0.21152505150299739,0.09974000556088063,17
