4.002602,2,0.0026762387920648586,-0.0008236922480527238,-0.0006727359746450604,29
4.002602,2,0.0011719065777730062,0.0003115181409817065,0.0012800133970564383,29
4.002602,2,0.0023030848416841472,-0.0008742313971211573,-0.0011542161303244552,36
4.002602,2,0.0029828454094026403,0.0013068151397549249,0.00138797425740197,33
4.002602,2,0.004467416719261486,-0.003622800637646602,-0.000036804719967235985,40
4.002602,2,0.002357978978071263,0.0010814447665245274,-0.001066920398912632,30
4.002602,2,0.002700757526246066,-0.0023817429378325257,0.0036850786190997997,35
4.002602,2,0.002838002642542517,-0.0025028630324842563,0.0008205751802616243,35
4.002602,2,0.003665827084925818,0.0002384828308761465,0.0003083106485840748,34
4.002602,2,0.0011420404920070967,-0.0036312398610104705,0.002507413746698862,31
4.002602,2,0.0025157394711385656,-0.003402055659822332,0.0038143354917595552,41
4.002602,2,0.0024620255484780074,-0.0006726686191981598,-0.00010583538108498969,27
4.002602,2,0.003937909365564081,-0.00046255870933538715,-0.0014354344096093909,31
4.002602,2,0.0021956794290040045,-0.0031404003077456118,-0.0009396456474407911,39
4.002602,2,0.0002679157382893767,0.00005994838671638026,0.0008563343829467395,19
4.002602,2,0.0027414268407595474,-0.004146591659590831,0.00151270539930063,35
4.002602,2,0.003002630217155989,-0.0008835625367134256,0.0012933205644108557,34
4.002602,2,0.0030131942058160724,-0.0008007395175763607,-0.0005309233850814159,35
4.002602,2,0.0014264953802637513,0.00015045902416080696,-0.0016042671990485022,22
4.002602,2,0.0011484522803276002,-0.0016918825751336456,0.001037736560001249,20
4.002602,2,0.0017196101577410803,-0.001266370486795563,-0.0011162071174027981,37
4.002602,2,0.0011332946018813455,-0.00008890944379633407,0.0006671888832844129,28
4.002602,2,0.0027805620255847456,0.00040321618257229547,-0.00028873105818598253,34
4.002602,2,0.0012598178843509565,0.0014137097868024322,0.0017774961986007276,38
4.002602,2,0.002570583479177876,-0.0021178450532638514,0.00030296915580626176,33
4.002602,2,0.002829440134236317,-0.0014020383917364787,-0.00021387907593065005,30
4.002602,2,0.0032823666856164934,0.0009698420644493569,-0.002950077496457146,37
4.002602,2,0.002744872449864626,0.0009372265919972187,0.0013583754437149348,27
4.002602,2,0.0006095497109714269,0.0004673674991621751,0.0016499276319309304,30
4.002602,2,0.00040430762738899846,-0.0004707075593724404,0.00003112932486282546,16
4.002602,2,0.004617269663725991,-0.004143451056819124,-0.002225565352216067,42
4.002602,2,0.00026630451787269484,-0.0010348315618433398,-0.002485561822426525,32
4.002602,2,0.0009849664702286213,0.00002847436000516873,-0.00010813679046345058,19
4.002602,2,0.0009933555713768168,0.000568919816861515,0.0009349144412012199,36
4.002602,2,0.0015793036574391467,0.0007053507531808286,0.00041240445950991737,20
4.002602,2,0.005498689097122451,-0.000779734640955467,-0.001963062924256555,44
4.002602,2,0.002711582698886949,-0.00350169848644901,-0.000778917622642422,32
4.002602,2,0.0025488951088194346,0.0007685422193748563,-0.0016008964153877555,28
4.002602,2,0.0008360561728948122,-0.0006435205183875446,-0.002387219072036381,26
4.002602,2,0.0028944232975136215,-0.0013080431951210277,-0.0007343206397936616,39
4.002602,2,0.0009967746400799781,0.0000317189758502166,0.00011740264398908069,21
4.002602,2,0.0028146183823269453,-0.0036040295852555163,0.002074016827087421,36
4.002602,2,0.0005313157618058654,0.000891125046128706,-0.0007687078602883143,22
4.002602,2,0.0037930457051456204,-0.0035462172671632077,0.0021571223072946793,44
4.002602,2,0.0023179414017753574,-0.00020988583332021807,0.00019721450463857257,27
4.002602,2,0.002158038897492616,-0.00003929319022609377,0.001794383335780605,33
4.002602,2,0.0010378579189436856,-0.002357282458630582,0.0017012793442873762,26
4.002602,2,0.0009409275881584452,0.003335877618431434,-0.0002672470851155899,27
4.002602,2,0.0024118466612077054,-0.0022705456559509265,0.0029713339145548065,39
4.002602,2,0.0010141248470994584,0.00037222317328531516,-0.0015312410979090821,22
4.002602,2,0.0010640006011856122,0.0006670313948560644,-0.00038177834400818683,17
4.002602,2,0.0019012834589481563,-0.0013917598424593367,0.0018056106012269313,27
4.002602,2,0.0018224701515175746,0.00311173737857229,0.0007085513904616307,38
4.002602,2,0.001084436361058336,-0.0002408924649446593,-0.0018941578987326177,31
4.002602,2,0.004577541390757928,-0.001625002809652879,-0.00016954166128858896,35
4.002602,2,0.0013627542846032896,-0.0024948325965528447,0.0016053749973606879,30
4.002602,2,0.003251086127119096,-0.0027927308971315247,0.0016504905820743877,33
4.002602,2,0.0007515939047578611,-0.0007483570513706578,-0.00011870355709238785,19
4.002602,2,0.0017309045298752534,-0.0009308462554719779,-0.002825367920242024,36
4.002602,2,0.0019509806908618278,0.000565585916319695,0.0013047796249263167,27
4.002602,2,0.0003666999383923166,-0.0012965159102307476,-0.0014932749184077313,20
4.002602,2,0.005244544965079532,-0.0002587873661431112,0.000549898228776305,35
4.002602,2,0.0004011490251882708,-0.00159945804808984,0.0030464498469047674,30
4.002602,2,0.0006484217290421384,-0.0006819579602121055,0.0001006489176637304,24
4.002602,2,0.00024067673759574847,-0.0038732352246790636,0.0002667315284833396,40
4.002602,2,0.0015821155116862893,-0.0005066387261374989,0.0013704240274841914,27
4.002602,2,0.0012732469616349481,0.0009340837581736667,0.00033988223833777807,22
4.002602,2,0.003224291385841423,-0.0006045387719057223,0.0012906169393156293,27
4.002602,2,0.002379899362821854,0.0012964843267607097,-0.0023553519268627314,31
4.002602,2,0.003243324226732358,-0.0012151115229274022,-0.0018287428386459506,32
4.002602,2,0.004361807164659412,0.0015594910272332934,-0.0017286822834911373,34
4.002602,2,0.0015953981662968637,-0.0008859350579473965,0.0024001144713817813,35
4.002602,2,0.0005194818686268042,-0.000839682222597433,0.0018519819391939775,25
4.002602,2,0.0018196547454003538,-0.00031624637815776563,-0.0015407983971819548,30
4.002602,2,0.0012541414267022363,-0.00045459040170720103,-0.003072214463544192,28
4.002602,2,0.00247742019989414,-0.002869998432108298,0.004077366948132805,45
4.002602,2,0.0042699287590301635,-0.0017620878384487706,0.0007568913102251371,37
4.002602,2,0.0008940995437299729,-0.0011021209264317833,0.0027043353444367708,36
4.002602,2,0.002391427272120084,-0.000504547823867077,-0.0031803660901947423,37
