4.002602,2,165.84087104713026,-0.10008452235851051,-0.0883590034421992,0.21532055645598347,-0.3967743134501521,-0.34684306433863893,0.8498647144730407,3
4.002602,2,153.7075336643489,-0.10008115110968185,-0.04526363420943963,0.14262945989002776,-0.5571395047337792,-0.25062162851462316,0.7916971463796478,3
4.002602,2,167.84850100288398,-0.10007259344036427,-0.18639373703235582,-0.18828177772282628,-0.3534245243433091,-0.6581099379547677,-0.6648175803616189,1
4.002602,2,91.7951546446827,-0.10006321961907545,-0.04931568495846563,-0.06068313665897464,-0.788026172372384,-0.38821885374937676,-0.4778084064242167,1
4.002602,2,76.95266080598297,-0.10006501769445486,0.019454732737433377,-0.04902013242384919,-0.8847952550115696,0.1738634104061804,-0.4323295863469717,3
4.002602,2,119.29955122372323,-0.10012005530000742,-0.07449125009778158,0.05879231865541117,-0.7313661225057787,-0.5346011889798234,0.4234444043699497,10
4.002602,2,52.50025377288225,-0.10013810491965411,0.004015280884455185,-0.02291351574341696,-0.9768805522905059,0.03262804684956214,-0.21128132221135731,9
4.002602,2,105.17626273445029,-0.10004676779369168,0.03627356779784422,0.05500283677315798,-0.8330783659573664,0.31160060204783696,0.4570399336789183,7
4.002602,2,71.44798208730725,-0.10008076336949819,0.020010037010516468,-0.14748550065715818,-0.5589880616785923,0.11661261692226949,-0.8209347382559412,10
4.002602,2,9.620681622727865,-0.10008445388780131,-0.07854308652447467,0.09209564021046147,-0.6338354481831096,-0.4985021795277299,0.5913951315597888,17
4.002602,2,163.22971332422722,-0.10002547683944077,-0.2696338487812291,0.10291226502203923,-0.32849701714905527,-0.8822517907322176,0.3372261666507637,4
4.002602,2,89.64369148384857,-0.10015868767010216,-0.025568410239597418,0.06518826340488577,-0.8215842003350707,-0.20486788150853763,0.5320042790109739,6
4.002602,2,148.7696432842017,-0.10002629872556781,-0.12338144636579922,0.09859289882598549,-0.5360985013690646,-0.6589461734361586,0.5276251864190026,3
4.002602,2,112.14182513089453,-0.10010008616172102,-0.13071274725625515,0.08516682929777322,-0.5436237270914189,-0.7020040213708734,0.46006912233093505,8
4.002602,2,112.54354065620481,-0.10015978333728245,0.00008481136343538469,0.05518734524845304,-0.8775242780532927,0.0021770153869981224,0.47952726932996453,3
4.002602,2,146.55712874640227,-0.10001039955094068,0.09560583840095002,-0.09290791085428327,-0.600560712442063,0.573898593653131,-0.556747011553758,2
4.002602,2,113.13563743190136,-0.10002407273386509,-0.07151200052064428,0.28430926396852446,-0.3229135534607348,-0.23087429296436562,0.9178365311097427,1
4.002602,2,110.23646591894982,-0.10004622857072934,0.005540575583157786,-0.059413805604330024,-0.8651160802619389,0.05621442322416523,-0.49841158322594464,13
4.002602,2,4.0242731042041,-0.10017948798487562,0.013621499725492491,-0.014407290002283009,-0.9821404932371538,0.1300994726179487,-0.13591975120788083,16
4.002602,2,36.28239320887527,-0.10009591938764448,-0.03357661909945029,-0.16680777596352223,-0.5032716073102066,-0.17486254437230753,-0.846251014682431,19
4.002602,2,55.94423490185299,-0.10017060862620239,0.06584620140222555,-0.01989283012060849,-0.825762243640158,0.5399609689435577,-0.16296892033730484,6
4.002602,2,19.04983008581572,-0.10004734259596754,0.0807129488077372,0.07848775681081566,-0.6592659257899602,0.5508943889765234,0.5117458463793229,26
4.002602,2,88.42383449410721,-0.10018063839092711,0.012421962877406885,-0.049524707068688896,-0.8963908895996247,0.10850514011377652,-0.429779021837599,14
4.002602,2,112.45607299213479,-0.10007022443530275,-0.061540098513209684,-0.022579791903205342,-0.8428288983925301,-0.5049892395883909,-0.18607878958756435,10
4.002602,2,108.56365854222942,-0.10004487127252921,0.12379879245408269,-0.13212225482218412,-0.48550980675492433,0.5995279688060197,-0.6362754451997377,8
4.002602,2,144.4603209925997,-0.10006828818233608,0.0003355261058314011,-0.07468383960051088,-0.8024432313626194,0.003061815911260613,-0.5967206094343007,3
