15.999399999999998,8,2.9536063490461815,-0.10011829339161077,-0.017928830487503912,-0.03269805738346972,-0.93893266200427,-0.16196176382232239,-0.30360145467559574,2,0.00008486669831028005,-0.0004406201376809333,-0.00030678520604772517
15.999399999999998,8,29.407353170789083,-0.10003803527898829,-0.14559107531029128,-0.11797806490058874,-0.4732197615211441,-0.6839588670125181,-0.5552146661795097,0,0.00013615313272037345,-0.0009377718967957918,-0.0005534076002290411
15.999399999999998,8,5.737386456509118,-0.10002549009389475,-0.0008416968888453931,0.04222714241076227,-0.9228998207648582,0.0004425273049622788,0.38503990053210974,5,0.00021397204934964014,-0.00024102482583284344,0.00008850909180934512
15.999399999999998,8,2.6671230999211195,-0.10007325125621108,-0.1878272346015345,-0.08365392128695529,-0.4382800491233986,-0.8190739059160652,-0.37017365544807773,1,0.000012406556198035545,-0.0011479907013566054,0.0005149036115863312
15.999399999999998,8,8.091908550520374,-0.10001451979571888,0.00023479620117817422,-0.018075298489386923,-0.9844900657868058,0.0025678584491071956,-0.17542153935613594,0,0.00016413978171184298,-0.00002622084132493962,-0.00024409310888808298
15.999399999999998,8,45.431164312533625,-0.10002345606534307,-0.2772219381651987,-0.03953137331052652,-0.3379056911387196,-0.9315687172719104,-0.13416209932925044,1,0.000001956259743193147,-0.0011695638945528194,0.00010867875486793936
15.999399999999998,8,16.01628279693767,-0.10007302982589891,-0.21116621479596853,0.07010260781247608,-0.41143375973558205,-0.8645207423832374,0.288662687819156,0,0.00010810545693670452,-0.0009463754685668712,-0.00008311003029690991
15.999399999999998,8,32.77756369467924,-0.1001979085469352,-0.0038717305222126792,-0.0402221719435826,-0.9272197354541173,-0.033206789129788354,-0.37304272052954857,0,0.00013964217317296356,-0.00031331023857361526,0.0001652484449420394
15.999399999999998,8,14.939320636467455,-0.10005913532420048,-0.025153064751092937,-0.02332370436785097,-0.9473232569215106,-0.24041196948340302,-0.21161458320430834,0,0.00014620786683082327,0.00025998890859387907,-0.0009547151295069851
15.999399999999998,8,2.0988671320222676,-0.10011442395808325,0.02509295095623163,-0.002338605920063894,-0.9688032250758464,0.24646887875041912,-0.0259500075173384,1,0.00017027266842674322,-0.00038191337399414853,0.00029337990455864627
15.999399999999998,8,9.774203749829637,-0.10011978396360117,-0.012734937727476347,0.016371039032483953,-0.9795966540060634,-0.12110475343661163,0.16038713837207275,1,0.00015469540447891734,-0.0002503912629244903,0.000007908990826908384
15.999399999999998,8,2.393395182926921,-0.10010287103355377,-0.10533010648350963,-0.1198767789271696,-0.5311547222155204,-0.5580891317081728,-0.6375038683312999,1,0.00012984708167354002,-0.0003331858702764305,-0.00005400293225955799
15.999399999999998,8,8.211162173177895,-0.10005331973384156,0.03839237563040555,0.002347308081001709,-0.9336643662132605,0.3568635672888149,0.030319063400642693,1,0.00015318412935473542,0.0001386780782430981,-0.0008432634356756175
15.999399999999998,8,3.299507303335528,-0.10013355613940744,-0.02976816344080352,-0.07674622133840307,-0.7759545661477237,-0.2323925061048058,-0.5864198448047488,0,0.00003189205812367123,0.00014063024221062633,-0.0009544819558442136
15.999399999999998,8,21.770484679810142,-0.10015552165624539,-0.026122038131753008,-0.062141153457720526,-0.8321217886808511,-0.22081964629861778,-0.5087357001539551,0,0.00011437710975085513,0.00047951201904499266,-0.000840892606654355
15.999399999999998,8,3.0204469632885997,-0.10004746699408212,-0.03770373468747748,0.03284974113103111,-0.9049841737597755,-0.30921842329138755,0.2922115876236338,0,0.0001499605204827384,-0.003543847796920814,0.0005686283982137271
47.867,22,23.475272959033823,-0.10005066961337299,0.02289176830107983,-0.17440699188188336,-0.49438814234012063,0.11060314907411056,-0.8621759148389468,0,0.00008741012020897348,0.0005129284389124469,0.00004099529314247855
47.867,22,3.473823218796086,-0.10006473626433007,0.0925466373223716,0.14911954890533236,-0.4961140754104668,0.4570780244716489,0.7382076291428535,0,0.00007769318836509391,0.0005396950025842184,0.0004921479779665677
15.999399999999998,8,14.906150133423543,-0.1001214205437127,0.03590619728468544,-0.04423126792847705,-0.86923735013462,0.3210170571685324,-0.3759979762416271,2,0.00023529830450996937,-0.0009481297094766557,-0.000651542343329328
47.867,22,11.863741874102594,-0.10010443837899194,0.1614078961887627,0.09085446773948228,-0.4758195762552857,0.7669108422243256,0.43063150248329074,0,0.00013610394045384275,0.00010755459536958868,0.0002608696163694655
15.999399999999998,8,22.5850484151773,-0.10002233054935089,0.19403346396319066,-0.0025139650439958672,-0.4525107346261412,0.8916433668977112,-0.014357622206468173,0,0.000011131369395705267,-0.0029023308883914306,0.0006571792120841374
47.867,22,17.152198981788274,-0.1001074096890785,-0.008075775443163973,-0.028085174180055326,-0.9607252912331119,-0.0636520861675747,-0.2701024374409988,0,0.00022393674307646778,-0.0014423281052811277,0.00011430987525835065
15.999399999999998,8,4.7508289387598195,-0.10008637148931515,0.11706430196422647,-0.04169476214671835,-0.6302983184389351,0.7294939904994502,-0.26563611877573956,0,0.000030015832012120343,0.0014399701838562963,0.0004083930953803544
15.999399999999998,8,9.922031016311266,-0.10016139274045409,0.019587178799531563,0.0629279004178548,-0.8364169737565103,0.16535669644246428,0.5225550774355137,0,0.0000668318810372979,-0.00017231416341232758,0.0003239172631895332
15.999399999999998,8,0.8094819029181994,-0.10006651307983898,0.04139286842506655,0.054433752561887795,-0.823585927896749,0.3446465486976756,0.45047194789601663,2,0.00003719635432329925,-0.00002531532588254323,-0.00004363903205932025
15.999399999999998,8,14.356500824927249,-0.10007959086644103,0.0007800678632054311,0.17173590740825556,-0.5041030074503998,0.006950177834132739,0.8636155700932775,0,0.00007515104321903755,-0.0005891985105076644,0.0002546460614676193
15.999399999999998,8,18.75172739528684,-0.10012227749189176,0.09604394570340316,0.10086774632164323,-0.5881314042624735,0.5632593338665379,0.580379508711735,1,0.0002293346076874307,-0.00016470536098615993,0.0018333972729145354
