28.0134,7,13.421584653043436,0,-0.00017469661284537713,-0.00000017485401356642364,0
28.0134,7,0,0.935478702961284,0.0001428429160299996,0.000050144960876147,-0.00026403632599608846
28.0134,7,7.748632283192017,0,-0.00004831778249886926,0.00001985213088351895,-0.00010508487609890905
28.0134,7,6.362741184136275,0,-0.00014143663398381547,-0.00000014156074143272832,0
28.0134,7,11.135503961897937,0.25550108600288807,0.000011742442109821956,0.0000869343728651471,0.00005388678786338713
28.0134,7,2.9962808041854445,0,-0.00002373152354423573,0.00018074858708665915,0.00003964284923159725
28.0134,7,10.08241549850538,0,-0.0001648258718618055,-0.00000016497339196124686,0
28.0134,7,1.1491856538915675,0.7328870979096308,0.00006599446449038869,0.0000029536808886471064,-0.00016251417701205632
28.0134,7,9.68244062514258,-0,0.000029981310470324315,0.00002017835874310245,-0.00010977363590280872
28.0134,7,11.417527871366087,0,-0.00016368111789890792,-0.00000016382749209848652,0
28.0134,7,6.86533998563821,0.32780839321028427,0.000058278361785494466,0.00017854454903493114,0.000014755401905626958
28.0134,7,9.319971621611295,0,-0.000036224093778037416,-0.00000003624288336888638,0
28.0134,7,12.942698843036865,0,0.00005674247217028337,-0.00000719665318445589,0.000030463584448081714
28.0134,7,15.05944157724012,0,-0.00005475652766005222,-0.000000054793868235768066,0
28.0134,7,5.392383887185048,0,0.00000851670330787368,0.0000015415527507544011,0.00004696032523704642
28.0134,7,10.41455102800134,0,-0.00013240917803449483,-0.00000013252424899096587,0
28.0134,7,2.508814928703123,0.6495408324773945,0.0000919909166669526,0.00009237438686679373,0.00013658387564568722
28.0134,7,6.943703213582459,-0,0.00006790095633030287,0.0000825150457758292,0.00009494102316468898
28.0134,7,13.742410732293276,0,-0.00006021366614080523,-0.0000000602564693176029,0
28.0134,7,2.644100087425229,0,-0.000014136562857160833,-0.0000021216730937196786,-0.00031077470429127904
28.0134,7,11.205511684066337,0,-0.000059009525728414555,-0.00000005905112355945409,0
28.0134,7,6.037044666936064,0.30220761273449603,0.0000522010324615414,0.00014101843713062472,-0.00010402783675082965
28.0134,7,4.184126622765969,-0,0.000018764813534918588,0.00006825656128323062,0.00008731417629755965
28.0134,7,9.822992749284694,0,-0.00007948950752424154,-0.0000000795516058375592,0
28.0134,7,10.279249978766677,0,0.000005537029755582313,-0.00003925228105704287,0.00003885469561576306
28.0134,7,11.92276105289307,0,-0.00016191808741730326,-0.00000016206269682160496,0
28.0134,7,0.4594884706808189,0.9005488634443455,0.000019393014238032847,0.0003196871016325425,0.000057740296548361604
28.0134,7,7.962731353402262,0,-0.00001630132394975022,0.00023231563035354378,0.00002990983105087249
28.0134,7,15.154414453299923,0,-0.00013997116926220467,-0.00000014009380977946423,0
28.0134,7,5.807785214259875,0,-0.00011855058043615939,-0.00000011865177892256205,0
28.0134,7,15.158718969882013,0,-0.00011195538068955588,-0.0000006989323557694911,-0.0000032983905521143673
28.0134,7,13.051180623757741,0,-0.00001992277765439915,-0.00000001992524961149071,0
28.0134,7,0,1.031270433553853,0.00003316143137088279,0.0003557530882488415,-0.00026407389708026096
28.0134,7,4.98615611871358,0.03878176523481626,0.00003861410400743147,0.00039229717190659313,-0.00029119888470041254
28.0134,7,10.311425573796255,0,-0.00006723007819031732,-0.00000006727990480260001,0
28.0134,7,1.81549019073711,0.6975380523788806,0.000025662345044847687,-0.00009875437696677581,-0.0002490737532546741
28.0134,7,9.616046365572323,-0,0.00003300038590418044,-0.000047564970685024995,-0.00019836279597993783
28.0134,7,13.147728984527504,0.19264953320429432,0.00008392833795648769,0.00000008402982107007774,0
28.0134,7,8.076840622135164,-0,0.00006875829760840215,-0.00007163591893354298,0.00003527927745253632
28.0134,7,13.765808441948634,0,-0.00020857659590586337,-0.00000020876791052386735,0
28.0134,7,0.18276973082505032,0,-0.00015065607147938338,-0.000368406952949582,0.00015031444903722594
28.0134,7,1.1709734262309692,0,-0.0001748304649669824,-0.000734989783613151,0.00026341541081279353
28.0134,7,17.790045710800186,0,-0.0001025566960684264,-0.00000010264188466056705,0
28.0134,7,1.9102074425774445,0.08083608385781825,0.00004348752751464263,-0.000000568008489684027,0.00008386840960855669
28.0134,7,17.620903937085462,0,-0.00011081597383160569,-0.00000011090942996905483,0
28.0134,7,20.83740754167366,0,-0.00021352477351050726,-0.0000002137210412592466,0
28.0134,7,11.013665212794038,0,-0.0000978509860909249,-0.00000009793146426266766,0
28.0134,7,10.256309769491988,0,-0.00003979598925862097,0.000008072524225218525,-0.000028817495762985313
28.0134,7,11.24878739861066,0,-0.00008815262770466202,-0.00000008822339780995206,0
28.0134,7,2.1108368357283664,0.7108595872000701,0.00008026615811287394,0.00020571845234591748,-0.0001681876651449596
28.0134,7,7.455236801631201,-0,0.00005346125409904101,0.00020154604691309592,-0.00009318502324558441
28.0134,7,10.918805750229156,0,-0.00014763372702509644,-0.00000014776403777034687,0
28.0134,7,2.2836965207501687,0,-0.00008023475034620542,0.00027978194764059533,0.00022811718978573008
28.0134,7,1.1106828326696279,0,-0.00012605366213850808,0.0004523511681906595,0.0003799663333033865
28.0134,7,13.94120822014897,0,-0.00011543171002534647,-0.0000001155297865193459,0
28.0134,7,3.5932536652405203,0.38865309210061844,0.000052607199123822614,-0.0002247193838882498,0.000032022085963106194
28.0134,7,1.8442171073283211,0.028966185423668203,0.00005886678834553114,-0.00029277693060136524,0.000027458542472045234
28.0134,7,12.94632852502493,0,-0.00012407537930806358,-0.00000012418210812366735,0
28.0134,7,0.3942962244646829,0,-0.00007461290045366651,0.0002978132240696438,0.00008300497160352482
28.0134,7,17.90036419706562,0,-0.00011372391421989435,-0.00000011382028120858301,0
28.0134,7,14.284984170570016,0,-0.00016480089972670706,-0.00000016494839482901616,0
28.0134,7,2.0560445490208377,0,-0.00012033244154424462,0.00009148620821653396,0.0005691360651823014
28.0134,7,21.96987950219223,0,-0.00019031985118163355,-0.00000019049289077989358,0
28.0134,7,13.765718131591056,0,-0.000013205691456524875,-0.000000013201439603608552,0
28.0134,7,6.0071281364713895,0.05879042046747287,0.00007029042598737093,-0.00011304614291960414,0.000006966480655951574
28.0134,7,17.408573467827626,0,-0.0001325829556393871,-0.00000013269820054741463,0
28.0134,7,0,0.6907089949035384,0.000007519911026153019,-0.00026396185101745253,-0.00038767114363753115
28.0134,7,1.8992158444580998,0,-0.00005837801002491398,-0.0001398687964134918,-0.00020532853334541504
28.0134,7,10.497865750899273,0,-0.00016081135261840346,-0.00000016095485418006361,0
28.0134,7,2.211233543086978,0.8872587010627213,0.00010455298103324808,0.00022870675696198101,0.0001329733323391622
28.0134,7,8.404420139889297,-0,0.000030262799931399118,0.00010664438676234529,0.00011125220661013116
28.0134,7,15.788943950928868,0,-0.00014768328357845387,-0.00000014781364392986383,0
28.0134,7,3.0115582992409617,0.31380733807332056,0.00016191483828223322,0.00007573854639612635,0.00007213286086963916
28.0134,7,15.645163564933185,0,-0.00019769802984964232,-0.00000019787845501213457,0
28.0134,7,0,0.8365079707028328,0.00007152762890059208,0.00013735827510895498,0.00034300596472296776
28.0134,7,2.575343118852831,-0.037861329980332696,0.00004534123583287045,0.00012397879440555125,0.00030964328652021317
28.0134,7,10.752279197064954,0,-0.00005842832105510572,-0.00000005846933709968549,0
28.0134,7,4.117619698959453,0.5041929551858596,0.00011162121092516815,-0.00018201230985733644,-0.00004946689345868268
28.0134,7,7.414043383412292,-0,0.00010982020660797079,-0.00004256428268560745,0.0000015667382278828997
28.0134,7,8.96670824892348,0,-0.00016817490712961502,-0.00000016832577961671184,0
28.0134,7,3.936623443483519,0.5811579220019527,0.00001556918172826508,-0.00014635831942073105,-0.00008238059554482635
28.0134,7,6.754680862365289,0,0.000024888032365795736,-0.00019269577517519083,-0.000073756419283058
28.0134,7,15.648283458476763,0,-0.00016339518725088105,-0.00000016354127523359479,0
28.0134,7,2.002016359062056,0.36678388169954235,0.000024277521295466126,0.00014950446890763512,-0.00012988315791904808
28.0134,7,3.4516516810511275,0,-0.00008311095193101718,-0.00009585390991312761,-0.0000641593338947975
28.0134,7,19.629862900601665,0,-0.00028072715166198135,-0.00000028099068905852007,0
28.0134,7,14.536199752435005,0,-0.0001348124161522645,-0.0000001349298927524971,0
28.0134,7,4.167676048846824,0.24681404153272637,0.00006473707724887044,0.00013637764870872319,0.00005189804176960721
28.0134,7,2.0250156802744597,0,-0.0001252127613351547,0.00009676826322597813,-0.00019746448651633515
28.0134,7,9.679817708539094,0,-0.00006315541559452986,-0.00000006320116346547542,0
28.0134,7,1.1764317331280056,0.7860951148108113,0.00009621135632874889,0.00004627576307476909,0.0002457275464562975
28.0134,7,3.731338040113292,0.3861622590920977,0.00012205542492072972,0.00010741598882350791,0.00043945756634196674
28.0134,7,1.7207253828220639,0,-0.00003225556052480629,0.0001504383614090862,0.0005586044221560232
28.0134,7,7.549016788391152,0,-0.00010061704222443455,-0.00000010070028922113578,0
28.0134,7,0,1.244535863167156,0.0000895338271251645,0.00022660771274303815,-0.00027256966141284275
28.0134,7,9.901962687430178,0.0644637417204425,0.00011996290171184467,0.0002628869431940088,-0.0003161878819635396
28.0134,7,21.270590264943444,0,-0.00010448657598872318,-0.00000010457369639259587,0
28.0134,7,8.739171979553516,0,-0.000005676415156309141,-0.000000005664626490279486,0
28.0134,7,11.2701176197451,0,0.00014107445316364434,0.00003213024860385606,-0.00009731963684954927
28.0134,7,18.8314457747826,0,-0.00013213970860732725,-0.00000013225450982463195,0
28.0134,7,1.0117405493533411,0.047962970121839955,0.000004014657706246924,0.000023272986700294885,0.0000007941624005457391
28.0134,7,11.77352639436753,0,-0.00007962938506194605,-0.00000007969162339281895,0
28.0134,7,2.626417564448523,0.6706502217016407,0.0000216242144932382,0.000026796823508194493,0.0003058114462355863
28.0134,7,0.5765721948510438,0,-0.00009851529025628566,0.00004590168974587246,0.0005283197680657467
28.0134,7,11.643702992734301,0,-0.00008164125702717137,-0.00000008170550924389534,0
28.0134,7,6.8314874568991915,0.18421388526833274,0.00006880841925961472,-0.00001927288266229265,0.00007714763129002828
28.0134,7,1.5178439193799274,0,0.00009061965201084669,-0.0000005571190327910618,0.00018117734597801043
28.0134,7,13.424809277864226,0,-0.00008581081874587189,-0.00000008587924469805003,0
28.0134,7,3.1513448162454973,0.5646916170097477,0.00009166644961565285,-0.00028789281759352103,0.0000827154667280929
28.0134,7,3.0783833497024364,0,0.00008679141947206055,-0.00029644474867580645,0.00008365457612459823
28.0134,7,9.846899102038215,0.004914106406330112,0.000001741658487089161,0.0000000017608726522613573,0
28.0134,7,6.848634337103186,0.2635630208937569,0.0000995275997032744,0.00012527301447548875,0.000046219123034965577
28.0134,7,4.000737238477077,-0,0.00009897887226856964,0.00012520550109836688,0.00004696035216175569
28.0134,7,12.010039486995682,0,-0.00011396955410308344,-0.00000011406616697754105,0
28.0134,7,6.362265074477525,0.3253337356561035,0.00008342180694485046,-0.00007752843535964007,-0.0001991128413971232
28.0134,7,16.249610209559005,0,-0.00010904594511612009,-0.00000010913762945305323,0
28.0134,7,3.4205051145598926,0.09371586776863385,0.00006236191474631282,0.00006149584378481767,-0.00003824691772463096
28.0134,7,10.637330675236266,0,-0.000154650445400037,-0.0000001547877798874045,0
28.0134,7,6.975563653112863,0.41214488445823494,0.0001474333873408271,0.000009481834466570373,0.000035130878952807256
28.0134,7,3.7009946057860605,-0,0.00019284327581800954,-0.000043548880444350493,-0.00028927255475056133
28.0134,7,10.304829492799394,0,-0.00002028989525038548,-0.00000002029273469255811,0
28.0134,7,8.063630111153248,0.31191232067938135,0.0001047532184992994,0.00019545543912028964,-0.0001540649920258568
28.0134,7,0.2379172366487587,0,-0.00010554434178981695,0.00011421324868069829,-0.0002830811004157488
28.0134,7,13.834021906621297,0,-0.00013519055728315277,-0.00000013530841240303593,0
28.0134,7,1.8207809298694606,0,-0.00004149066910004147,0.00010797868065214938,-0.00023773038772090732
28.0134,7,3.6591159659319152,0,-0.00004148952423889367,0.00015363888672564172,-0.0004534221871317288
28.0134,7,19.497508993083017,0,-0.00013727942183155815,-0.00000013739936790694518,0
28.0134,7,18.041734512147496,0,-0.000157878023915838,-0.00000015801858921253065,0
28.0134,7,0.5606939032017124,0,-0.00013855623270338436,0.00009097715965927465,0.0005540694994645838
28.0134,7,11.959500913332569,0,-0.0002196041594204829,-0.00000021980651264060364,0
28.0134,7,0,1.2256632413064594,0.00007355222165514856,0.000051166084499136066,0.0003930683618410907
28.0134,7,8.619902934707726,0,-0.0000620483355109043,0.0000273973525134819,0.00021125315224396917
28.0134,7,20.96523887312725,0,-0.0000010179323824832786,-0.0000000010014805705338785,0
28.0134,7,18.29935533876064,0,-0.000024179222160872144,-0.00000002418595482317539,0
28.0134,7,0.6701087628869893,0,-0.000075842527948497,0.00007489505552090308,-0.00025596133555082505
28.0134,7,11.28275877526457,0,-0.00018885821591998065,-0.00000018902979241988067,0
28.0134,7,4.901670554714426,0.5893789505404115,0.00010177860943290185,-0.00017572196235406235,-0.00005626835028230942
28.0134,7,2.136401161568571,0.06644498964690984,0.00008830952126099259,-0.0002384126842543529,-0.0000903165346239455
28.0134,7,0.43799182585112695,0,-0.00008667910322371617,-0.0004262089500594348,-0.0003019655733847877
28.0134,7,18.944084678556386,0,-0.00021913283199778884,-0.00000021933471341868763,0
28.0134,7,0.5257974606180412,0,-0.0000362490680170381,-0.00013979673082055493,0.00016961666890984641
28.0134,7,20.29331128488743,0,-0.00012218060693129916,-0.00000012228543907785714,0
28.0134,7,7.600895508885098,0,-0.00014976326991489455,-0.00000014989571233470935,0
28.0134,7,9.862222168283163,0,-0.00007208516363312411,0.00004120642095874467,0.00007359954993641518
28.0134,7,1.4036028979539954,0,-0.00003920149897729233,0.00009273770903456663,0.00030469707143960606
28.0134,7,6.967972536826874,0,-0.00010604927808503455,-0.0000001061379627552699,0
28.0134,7,8.856639923318184,0,-0.00005100680328770367,-0.00002725984987106751,0.00001784607065548997
28.0134,7,1.8649622662362195,0.4812378614548484,0.00004680819646584806,0.00016784764464281438,0.0003055601497671469
28.0134,7,0.42607034184959813,0,-0.00000873483876225852,0.0002897454565856308,0.0005041813654098041
28.0134,7,0.533001434683896,0,-0.00009888104130138263,0.0004066984961446744,0.0006147830935996518
28.0134,7,19.917938096269975,0,-0.0002061856615528131,-0.00000020637458284313637,0
28.0134,7,20.06409573205505,0,-0.00009075350996018498,-0.00000009082688355121627,0
28.0134,7,15.499634656842185,0,-0.00002238186758824717,-0.000000022386801096824065,0
28.0134,7,0.7742360429666099,0.48584711880300835,0.000026066945407604474,0.00028237645439592023,0.000018018755126839143
28.0134,7,0.550125739899544,0,-0.000015797859881874646,0.0005262413000569448,-0.00010360386904284562
28.0134,7,0.49878915614903674,0,-0.00013169919575315453,0.0006397778794552665,-0.00022949854020663574
28.0134,7,12.509969530710606,0,-0.000033774039782168566,-0.000000033790376866515156,0
28.0134,7,2.2692634887807372,0.5768557495979726,0.00012425149775409882,0.00015914849991112412,0.00018059937780658583
28.0134,7,6.007422294562902,-0,0.00008674526372227276,0.00003895713939384713,0.00018843335248064014
28.0134,7,11.739450443092624,0,-0.00007120625125710545,-0.00000007126005802260815,0
28.0134,7,7.49498349592701,0.08082858901760318,0.0000047267999999130624,-0.00003388020619471178,0.00006476284530208433
28.0134,7,20.968690414414805,0,-0.0001792301554722331,-0.00000017939209427398723,0
28.0134,7,11.146486702275789,0,-0.00010875315168309255,-0.00000010884454293350616,0
28.0134,7,8.227324005237419,0.17230943169652926,0.00009966814714296793,-0.00005833884255729811,0.00012189774915414563
28.0134,7,11.696670594702764,0,-0.00007817371675373145,-0.00000007823449795917069,0
28.0134,7,6.756944390507047,0.16276323421890745,0.000004934704561046499,0.00007812922575745114,0.00009625824839101374
28.0134,7,0.7571802693712983,0,-0.0000068274744594992845,-0.000054122200618566316,0.0002195575813900547
28.0134,7,13.7060446375805,0,-0.00007855688441311181,-0.00000007861804916976164,0
28.0134,7,6.369032598287299,0,0.00001679097437716535,-0.00006910213096259863,-0.00004942146315161381
28.0134,7,18.596712367333357,0,-0.0001806591740749307,-0.00000018082254332573654,0
28.0134,7,1.668583923890645,0,-0.00019926016518163032,0.000009042601744175603,-0.000002324694614797351
28.0134,7,15.884830466623491,0,-0.0001413643387877492,-0.0000001414883738690984,0
28.0134,7,3.0261242333825193,0,-0.000031564301807353406,-0.00012917965743862146,-0.000012982441372961771
28.0134,7,8.907377338297847,0,-0.00007708830943347552,-0.0000000771480041451007,0
28.0134,7,12.27658424195325,0,0.00004430654572833458,0.00003100282680811407,-0.00003209076935678672
28.0134,7,16.576393320936333,0.04453832272531134,0.0000274387294706289,0.000000027483666429578423,0
28.0134,7,0.31714794646908956,0,-0.0001203974803090024,-0.0004686376333585588,-0.00009651330265890059
28.0134,7,11.465986798011246,0,-0.00006504083774564659,-0.00000006508847292605272,0
28.0134,7,5.118513722405988,0.35615582872051277,0.0000352916892628974,-0.00018365985632830395,-0.00006742317732671262
28.0134,7,0.7497463912134459,0,-0.00007781041982451908,-0.0004551663131658927,-0.00010893381431967141
28.0134,7,10.248441318349306,0,-0.00007659202529751605,-0.00000007665122322822436,0
28.0134,7,7.8244019062344305,0.1345666005073548,0.00003319370964370502,0.000003064823557812072,-0.00001274282860793145
28.0134,7,3.108187484337548,0,-0.0000892462868736866,-0.000054208904128847304,0.000015356935124789787
28.0134,7,19.70158104796441,0,-0.00010692007089415602,-0.000000107009627228865,0
28.0134,7,20.62431049568761,0,-0.00013885525168321703,-0.00000013897677516586302,0
28.0134,7,16.479328284221317,0,-0.000134102666644385,-0.00000013421943278464976,0
28.0134,7,4.913915806418855,0,-0.000042507872020791166,0.000018764617361200005,-0.000029149625937464232
28.0134,7,10.622534106105459,0,-0.00003907886494855129,-0.000000039100512168199565,0
28.0134,7,11.374949323702072,0,0.000009908292517223027,-0.0000018105765690785997,-0.000025464161455782275
28.0134,7,14.215000920060461,0,-0.00019919766539024003,-0.00000019937959168940954,0
28.0134,7,0.4266304287698826,0,-0.00008145028492552301,0.000009174968629290999,-0.0003499349592948149
28.0134,7,3.278286720727956,0,-0.00007312269202712844,0.00001598848913579547,-0.0004104671434742461
28.0134,7,19.328220974710945,0,-0.000159576176931067,-0.00000015971844208062776,0
28.0134,7,11.908737263242603,0,-0.0001772622158715849,-0.00000017742218476382887,0
28.0134,7,3.8571323294252555,0.6431212954941431,0.000035696369520609185,0.00007230087810364451,0.00027656392728396344
28.0134,7,2.43949434719158,0.080261010656597,0.000006468969335232286,0.00012108737171797048,0.00034015676593140916
28.0134,7,10.683058038071673,0,-0.00020466807319386964,-0.00000020485547537672647,0
28.0134,7,1.0506583101071825,0,-0.00005236887942272453,-0.00011399238711085295,0.0003394478969698701
28.0134,7,4.9363701961734,0,-0.000023654822481336673,-0.0001427226013533306,0.0004918296349639925
28.0134,7,1.1806397068492978,0,-0.00012113985773934282,-0.000328941580465418,0.0005425048229026786
28.0134,7,14.315302642562006,0,-0.00011035778399207361,-0.00000011045078148103474,0
28.0134,7,3.6469184638149867,0.3272422699557445,0.00013882460920061748,0.00006022860374717498,0.00005137497645891833
28.0134,7,2.9292694780950437,-0,0.00007149747884274118,0.00010057861152940537,0.00018983673399844547
28.0134,7,17.90943807553513,0,-0.00017636618133525862,-0.00000017652525329603475,0
28.0134,7,1.6180391341106852,0.17590130294476844,0.00010093339779574791,-0.00009074868055875542,0.000009811424473001881
28.0134,7,17.73769316503276,0,-0.0001768595523859034,-0.0000001770191182115951,0
28.0134,7,0,0.6503710466659409,0.000021746744387687207,-0.00025955769739485817,0.00036950719985484934
28.0134,7,3.0104661212937596,0,-0.00018409624826347566,0.000009274136840586283,-0.000013463879410486202
28.0134,7,17.054234406020097,0,-0.00014221823958906912,-0.0000001423431294259752,0
28.0134,7,2.7846532330512224,0,-0.000004093950925251406,-0.00006153555435993068,0.00002253837608215279
28.0134,7,10.491548453070056,0,-0.00005435433622055734,-0.00000005439127420223966,0
28.0134,7,10.470117289898853,0,-0.00003861463376880807,0.0000151299152310471,0.000009584740690477045
28.0134,7,10.205827924416349,0,-0.0001427040079135108,-0.00000014282938400499594,0
28.0134,7,0,1.1469110418159654,0.000006637187873669069,-0.000052917854312849625,0.00038684689131200477
28.0134,7,9.827702088244411,0,-0.000031495931170506305,-0.00003944215996365709,0.00028806853025420344
28.0134,7,14.79478800945629,0,-0.000021561374630741894,-0.00000002156548682504701,0
28.0134,7,2.4762257397756757,0,-0.0000206451805701329,0.00014977896550916913,-0.000015017080382788766
28.0134,7,6.289186050037221,0,-0.00012889516865366232,-0.00000012900672208322565,0
28.0134,7,2.564773606089335,0.7208847851237568,0.000010471217159854892,-0.00020316066873652443,0.0000039921209569987625
28.0134,7,7.4569086067260875,0.3082509668743872,0.000022532546905902927,-0.0003993404029666126,0.00005892070926553315
28.0134,7,12.840433718386153,0,-0.00015553726951284596,-0.0000001556754917120381,0
28.0134,7,2.1198078781713643,0.7024784215447942,0.000002661181731515388,-0.00022417016341582725,-0.0002284425231192132
28.0134,7,2.4303787203045664,0.1011711777610793,0.000007588213512804319,-0.00027510592490914915,-0.00029451006401113005
28.0134,7,0.7915393389558658,0,-0.00014531579021882023,-0.000294083135807582,-0.0005714145343275655
28.0134,7,15.375878842584592,0,-0.0001700100722949455,-0.00000017016278178420985,0
28.0134,7,3.625350332647782,0.24961574769667694,0.00003718077252391746,0.00003770342937442967,-0.00019184292303925748
28.0134,7,11.074191053819854,0,-0.00005084358358945159,-0.00000005087700730423591,0
28.0134,7,7.858968270076356,0.10548224775742064,0.000056886880048656647,0.0000442229658548353,-0.0000017976500201814456
28.0134,7,9.078161714514192,0,-0.00022148870164056319,-0.00000022169294128933266,0
28.0134,7,0,1.3402348204148355,0.00008049949223728902,0.0003498477910537806,0.000015147463966603246
28.0134,7,1.8379834518794207,0.304584798425069,0.00016200616146066382,0.00044433160934743434,0.000019235767284839246
28.0134,7,4.359819894957059,0.16940213441259674,0.00007106593159298,0.0005040767799806163,0.000002331687951365908
28.0134,7,13.711706453736905,0,-0.00008654280192778298,-0.00000008661196059585893,0
28.0134,7,4.882475301719328,0.2618334057362233,0.00014036813474740134,-0.00008899120635418851,-0.00006368190256313518
28.0134,7,1.8574161563069846,-0,0.00007293386429370139,-0.00020248486645499993,-0.00002923860407130109
28.0134,7,17.908002635831494,0,-0.00016708435925772168,-0.0000001672341401053071,0
28.0134,7,16.989441095547974,0,-0.00019810715024611917,-0.00000019828798493853784,0
28.0134,7,1.51669545096,0.36399403233360295,0.00007870740309249233,-0.0001560914135829726,0.00012026106395858393
28.0134,7,0.7540471524679606,0.09292484147739945,0.00008800233716296124,-0.00017731927275286045,0.00029159865562926475
