28.0134,7,-0.00004831778249886926,0.00001985213088351895,-0.00010508487609890905,2
28.0134,7,-0.00002373152354423573,0.00018074858708665915,0.00003964284923159725,3
28.0134,7,0.000029981310470324315,0.00002017835874310245,-0.00010977363590280872,2
28.0134,7,0.00005674247217028337,-0.00000719665318445589,0.000030463584448081714,2
28.0134,7,0.00000851670330787368,0.0000015415527507544011,0.00004696032523704642,2
28.0134,7,0.00006790095633030287,0.0000825150457758292,0.00009494102316468898,2
28.0134,7,0.000018764813534918588,0.00006825656128323062,0.00008731417629755965,3
28.0134,7,0.000005537029755582313,-0.00003925228105704287,0.00003885469561576306,2
28.0134,7,-0.00001630132394975022,0.00023231563035354378,0.00002990983105087249,2
28.0134,7,-0.00011195538068955588,-0.0000006989323557694911,-0.0000032983905521143673,2
28.0134,7,0.00003861410400743147,0.00039229717190659313,-0.00029119888470041254,2
28.0134,7,0.00003300038590418044,-0.000047564970685024995,-0.00019836279597993783,2
28.0134,7,0.00006875829760840215,-0.00007163591893354298,0.00003527927745253632,2
28.0134,7,0.00004348752751464263,-0.000000568008489684027,0.00008386840960855669,2
28.0134,7,-0.00021352477351050726,-0.0000002137210412592466,0,1
28.0134,7,-0.00003979598925862097,0.000008072524225218525,-0.000028817495762985313,2
28.0134,7,0.00005346125409904101,0.00020154604691309592,-0.00009318502324558441,2
28.0134,7,0.00005886678834553114,-0.00029277693060136524,0.000027458542472045234,3
28.0134,7,-0.00019031985118163355,-0.00000019049289077989358,0,1
28.0134,7,0.00007029042598737093,-0.00011304614291960414,0.000006966480655951574,2
28.0134,7,-0.00005837801002491398,-0.0001398687964134918,-0.00020532853334541504,2
28.0134,7,0.000030262799931399118,0.00010664438676234529,0.00011125220661013116,2
28.0134,7,0.00016191483828223322,0.00007573854639612635,0.00007213286086963916,2
28.0134,7,0.00004534123583287045,0.00012397879440555125,0.00030964328652021317,2
28.0134,7,0.00010982020660797079,-0.00004256428268560745,0.0000015667382278828997,3
28.0134,7,0.000024888032365795736,-0.00019269577517519083,-0.000073756419283058,2
28.0134,7,-0.00008311095193101718,-0.00009585390991312761,-0.0000641593338947975,2
28.0134,7,-0.0000021050277774975197,-0.0003376762581538047,0.00027744313022977043,1
28.0134,7,-0.0001252127613351547,0.00009676826322597813,-0.00019746448651633515,3
28.0134,7,-0.00010448657598872318,-0.00000010457369639259587,0,1
28.0134,7,0.00014107445316364434,0.00003213024860385606,-0.00009731963684954927,2
28.0134,7,0.000004014657706246924,0.000023272986700294885,0.0000007941624005457391,2
28.0134,7,0.00009061965201084669,-0.0000005571190327910618,0.00018117734597801043,3
28.0134,7,0.00008679141947206055,-0.00029644474867580645,0.00008365457612459823,3
28.0134,7,0.00009897887226856964,0.00012520550109836688,0.00004696035216175569,3
28.0134,7,0.00006236191474631282,0.00006149584378481767,-0.00003824691772463096,2
28.0134,7,0.00019284327581800954,-0.000043548880444350493,-0.00028927255475056133,3
28.0134,7,-0.00004148952423889367,0.00015363888672564172,-0.0004534221871317288,2
28.0134,7,-0.00013727942183155815,-0.00000013739936790694518,0,1
28.0134,7,-0.0000620483355109043,0.0000273973525134819,0.00021125315224396917,2
28.0134,7,-0.0000010179323824832786,-0.0000000010014805705338785,0,1
28.0134,7,-0.00008667910322371617,-0.0004262089500594348,-0.0003019655733847877,2
28.0134,7,-0.0000362490680170381,-0.00013979673082055493,0.00016961666890984641,1
28.0134,7,-0.00012218060693129916,-0.00000012228543907785714,0,1
28.0134,7,-0.00009888104130138263,0.0004066984961446744,0.0006147830935996518,2
28.0134,7,-0.0002061856615528131,-0.00000020637458284313637,0,1
28.0134,7,-0.00009075350996018498,-0.00000009082688355121627,0,1
28.0134,7,0.00008674526372227276,0.00003895713939384713,0.00018843335248064014,2
28.0134,7,0.0000047267999999130624,-0.00003388020619471178,0.00006476284530208433,2
28.0134,7,-0.0001792301554722331,-0.00000017939209427398723,0,1
28.0134,7,0.00009966814714296793,-0.00005833884255729811,0.00012189774915414563,2
28.0134,7,-0.0000068274744594992845,-0.000054122200618566316,0.0002195575813900547,2
28.0134,7,0.00001679097437716535,-0.00006910213096259863,-0.00004942146315161381,2
28.0134,7,-0.00019926016518163032,0.000009042601744175603,-0.000002324694614797351,2
28.0134,7,0.00004430654572833458,0.00003100282680811407,-0.00003209076935678672,2
28.0134,7,-0.0000892462868736866,-0.000054208904128847304,0.000015356935124789787,3
28.0134,7,-0.00010692007089415602,-0.000000107009627228865,0,1
28.0134,7,-0.00013885525168321703,-0.00000013897677516586302,0,1
28.0134,7,-0.000042507872020791166,0.000018764617361200005,-0.000029149625937464232,2
28.0134,7,0.000009908292517223027,-0.0000018105765690785997,-0.000025464161455782275,2
28.0134,7,-0.000159576176931067,-0.00000015971844208062776,0,1
28.0134,7,0.00007149747884274118,0.00010057861152940537,0.00018983673399844547,3
28.0134,7,0.00010093339779574791,-0.00009074868055875542,0.000009811424473001881,2
28.0134,7,-0.00018409624826347566,0.000009274136840586283,-0.000013463879410486202,2
28.0134,7,-0.000004093950925251406,-0.00006153555435993068,0.00002253837608215279,2
28.0134,7,-0.00003861463376880807,0.0000151299152310471,0.000009584740690477045,2
28.0134,7,-0.000031495931170506305,-0.00003944215996365709,0.00028806853025420344,2
28.0134,7,0.00003718077252391746,0.00003770342937442967,-0.00019184292303925748,2
28.0134,7,0.000056886880048656647,0.0000442229658548353,-0.0000017976500201814456,2
28.0134,7,0.00007293386429370139,-0.00020248486645499993,-0.00002923860407130109,3
28.0134,7,0.00008800233716296124,-0.00017731927275286045,0.00029159865562926475,2
