28.0134,7,1.389323749785419,-0.10005030999807654,0.07078280792179087,-0.20251341799901826,-0.4229440449582525,0.2982926163620112,-0.8556517106032442,2
28.0134,7,3.613489180281494,-0.10003856430596852,-0.01199631595117145,-0.2755894760604422,-0.3412251018370976,-0.0409172064898203,-0.9390906303916209,1
28.0134,7,4.845585546700078,-0.10004318449720391,-0.1468622923908278,0.39994660016528444,-0.2282904692142539,-0.33559710985119734,0.9139245272589303,1
28.0134,7,4.880448400995347,-0.10002776125205548,-0.22726190787992342,0.07073568381563047,-0.3879388814255696,-0.8800803193893547,0.27379199349471406,1
28.0134,7,2.3790960629145395,-0.10000247862544544,-0.07155452973252527,-1.744073410519635,-0.05713329939987519,-0.04092573819960945,-0.9975273780967123,1
28.0134,7,5.686814896351048,-0.10008609173519234,0.12724555382372832,0.14334548163388822,-0.46351538059900815,0.5879409483947557,0.6629320728014536,1
28.0134,7,6.659375250510387,-0.07021038953217366,0.6000460274793148,0.2834943561475007,-0.10514518795789175,0.8991222703130276,0.42488072735350874,1
28.0134,7,2.099635802934379,-0.10004458283139507,-0.11067278392110536,0.03323274444106742,-0.6541211665726163,-0.7244342424201387,0.21753282016936984,1
28.0134,7,3.6589712804091463,-0.10002523002817389,-0.05055667694558781,0.3556654739137085,-0.26831384145500836,-0.13602539561840177,0.9536795972602717,1
28.0134,7,2.5194297614946364,-0.10004925052727036,-0.028466006124382447,0.055721983081034376,-0.8493940016368169,-0.24302506091575687,0.46847481229014637,2
28.0134,7,1.2400209192910743,-0.10005062787756093,-0.0533724721142783,-0.017072057808961053,-0.8721487054653146,-0.466983458969688,-0.1458872324909953,2
28.0134,7,4.3528336246312636,-0.10017055137302165,0.025240819139315664,0.07310542035601827,-0.7932081196022056,0.19970427180254008,0.5752730506645958,1
28.0134,7,1.302361702870689,-0.10001806295549645,0.026991704880181797,-0.077169113715582,-0.7751324779309454,0.20960969705255766,-0.5960146110274207,2
28.0134,7,1.0817108387192191,-0.10000796183382624,0.007261798399624075,-0.011296540171807928,-0.9914742269582856,0.07093568544239749,-0.10930226808391082,2
28.0134,7,1.3975715846507937,-0.10011529338031096,-0.04230084444167458,0.1421376192306154,-0.5603042466722197,-0.2375784441967702,0.7934832285651151,1
28.0134,7,1.0305358983523702,-0.10003623555752394,-0.09357087536387212,-0.12549328802888,-0.5385903476538287,-0.5045669241373293,-0.6747834144973647,1
28.0134,7,1.1332794248777456,-0.10003771374564338,0.18861016518093304,0.06645839501981975,-0.44758829459721605,0.8437944922206789,0.2961006137068992,2
28.0134,7,2.1913672853396173,-0.10011663188231121,0.04544558484784519,-0.061949366445003096,-0.7950880255701447,0.35629929069667005,-0.49080122966840545,1
28.0134,7,1.08904529999399,-0.10001720522844991,-0.26265482541182483,-0.0972881055379688,-0.33632749621941155,-0.8830727323610152,-0.3272099702747955,2
28.0134,7,3.0619204098692667,-0.10000613594898237,-0.11513113341817681,-0.020133066177027443,-0.651221009749473,-0.7475604368565978,-0.13063150350374814,1
28.0134,7,2.3095972596488084,-0.10003975906525542,-0.10938837707258454,0.0014845995940620089,-0.6760767131198897,-0.7367524150720064,0.010777609316189207,2
28.0134,7,2.080081930441701,-0.10000972458972791,-0.00992488536269917,-0.16369068952848936,-0.5213341048985366,-0.05185804272953484,-0.8517754953471621,2
28.0134,7,1.0712537539898206,-0.10008286910654482,0.03180052237863518,0.08242840018456163,-0.7510468806750367,0.23771503839355113,0.6159708950509348,3
28.0134,7,2.1492737487984477,-0.10017033586203784,-0.0787878666363786,0.007694214460402668,-0.7856536574041775,-0.6161123116224805,0.05616003983833251,2
28.0134,7,2.728986250768035,-0.10002376296606304,0.13836813737132986,0.026950353572109693,-0.5789910492881178,0.8002469736585969,0.15612221492952727,1
28.0134,7,2.6599959851492145,-0.10011396352619967,-0.02609202250129049,-0.045159928365707064,-0.8874442356760238,-0.22769742822404873,-0.40074506827352513,2
28.0134,7,1.0141907448761764,-0.10007465782794686,0.020706660303220926,-0.010483616673222295,-0.9740443900248618,0.20470120102876482,-0.09661751683041926,1
28.0134,7,2.90981318539683,-0.1000347792639208,-0.003505520361327377,-0.01154525087101746,-0.992626965607011,-0.03975826022855891,-0.11450322219665321,2
28.0134,7,2.0919973641685066,-0.10010045422732912,-0.06722395776206871,-0.09838163773762622,-0.6425996902614644,-0.4322678903801216,-0.63262161599347,1
