28.0134,2,-0.00003427153083315501,-0.00000003428836590654163,0,1
28.0134,2,0.00007768744759023326,-0.00013745093702444844,0.0004727172676413449,3
28.0134,2,0.00004345886098803634,-0.00013311236655909396,0.00006597895920880957,3
28.0134,2,0.00009519636946423353,-0.000026790822313187855,0.00013448803915293834,3
28.0134,2,0.00016856936595829072,0.00009311183767954367,-0.00006404407239900519,3
28.0134,2,0.0000782647417021701,0.000050165709142666855,-0.0000396812433019427,3
28.0134,2,0.00007567134397086209,-0.00007953136562851291,-0.00006792923082287962,2
28.0134,2,-0.000050376112128903215,-0.00017152278887212115,0.00027332499800276005,3
28.0134,2,0.0002465294648717568,0.0000373900714054388,-0.00008952324607544236,4
28.0134,2,-0.00006747354390584791,0.0004306455232219196,-0.0001083947081210316,3
28.0134,2,0.00009868362952800366,0.00002052547920152061,-0.0000738028625412683,3
28.0134,2,0.00020272188758264928,0.000012746106014046223,0.00007416009859044559,2
28.0134,2,0.000041544521609620406,0.00007142227181747198,-0.0000500627305078012,2
28.0134,2,0.0003065213091991516,-0.000008569930457936333,-0.000029314952965883923,4
28.0134,2,0.0001618041726312254,0.000039481677748155954,0.00008966013342706755,3
28.0134,2,0.00011195500665108557,0.00014455169698655664,-0.00009173213337585995,3
28.0134,2,0.000051659994568904895,-0.00008630048939645996,0.0002433659525399191,3
28.0134,2,0.00002271589131398807,0.0000605979833258423,0.000048606590403599337,3
28.0134,2,0.00005666025728140484,-0.00003328827398305125,0.00043361038712449323,3
28.0134,2,0.000238509506065622,0.00015612055002435374,0.000041962246086656114,4
28.0134,2,0.00035700796385469143,0.00002640818189215824,0.000030124172007973364,4
28.0134,2,0.0002199860826368179,0.0000415278317149229,0.00006386089405156821,3
28.0134,2,0.000028289300445685068,0.00011616438562181457,-0.000034172684697714336,3
28.0134,2,0.00021475810026893062,-0.00007271188814108927,-0.0000743257495049147,3
28.0134,2,0.00018785532102593826,-0.00011836126564989711,0.00006148172590472049,3
28.0134,2,0.00005135277572627346,-0.000014139441809508321,-0.00017888624909131236,3
28.0134,2,-0.000035057342160008504,-0.00003386535476850293,0.0000010965112453042886,2
28.0134,2,0.00016965844062150293,0.00025348409586482763,-0.0001355583648396934,4
28.0134,2,-0.00013308075912553445,0.00009983998119643343,-0.000008833748282876549,2
28.0134,2,0.0003362511197443423,0.00007056945441912017,0.000009508663680768104,4
28.0134,2,0.000038696931560590816,0.000004381174756162029,0.00004254859900072662,2
28.0134,2,-0.000003560295541048054,0.000025651177301170198,-0.000011449279322852788,2
28.0134,2,-0.000020959442330766088,-0.0000013206031898576657,0.000030093964618662953,2
28.0134,2,-0.00001778379751763441,-0.000000017784128353467944,0,1
28.0134,2,-0.00006435954373993312,-0.00043610753583523076,0.00012649047707546558,3
28.0134,2,-0.000048148928657379356,0.00009476907089372913,-0.00005122293226351974,3
28.0134,2,0.000025893726909539337,-0.00006620432705284981,-0.000053224041343538236,2
28.0134,2,0.00028163435450627563,-0.00003639170250438252,-0.0001318506878244563,4
28.0134,2,-0.00014064366748713553,-0.000003981757953602403,0.00003287786307006408,2
28.0134,2,0.00018720327343051086,0.00008435598752746687,0.00024687328044401566,3
28.0134,2,-0.000014942776129711349,-0.0000035484312651678277,-0.0000020118676155931286,2
28.0134,2,0.00019191550806692444,-0.000160761368421409,0.000024351896284690093,3
28.0134,2,0.00013358528073216798,0.00006817119523855604,0.000003364225640882237,3
28.0134,2,0.0001985050138822797,0.0000022671880076524943,0.0000977591718673124,3
28.0134,2,0.0001873590719037043,0.0000401265176781572,-0.0000567926121587999,3
28.0134,2,0.00016492013860024103,-0.00006938853406193249,-0.000004413251099036013,2
28.0134,2,0.00012546605030493136,0.00006771911552675578,-0.000047354397002465666,3
28.0134,2,0.00014196135852032038,0.000038698345028456036,-0.00011448290221177883,3
28.0134,2,0.00019900829146126726,-0.00011011613123349575,-0.00007753733104051142,4
28.0134,2,0.000011556048811474718,0.000008889011604487396,-0.0000429047456921348,2
28.0134,2,0.0002711228434653047,-0.00007449853463415532,-0.00020093972490056836,4
28.0134,2,0.00021032122702536782,0.00035131735125281175,0.0002700717463976731,4
28.0134,2,0.000253146558501727,-0.00020779534538863586,-0.00015182963067621495,4
28.0134,2,0.00004207806959025194,-0.00017336722246356036,0.0002706713702032986,3
28.0134,2,0.00027693196794959565,-0.00007778697406555417,-0.000034610164833627266,3
28.0134,2,-0.000019847781961337436,-0.0006126795054379675,0.00007034109015070679,3
28.0134,2,-0.00008002308863517777,-0.000008888775042724744,-0.000022004162690689508,2
28.0134,2,0.00037359575762917636,-0.00006223312875331085,-0.00018813337684224545,4
28.0134,2,0.00005730173360656795,-0.0001645654826133565,0.0003277616450629323,3
28.0134,2,0.00006538531688044473,0.000007547749857348795,-0.00010129117245047486,2
28.0134,2,0.00003594894423314315,0.00004412447852259951,-0.00025632854792452493,3
28.0134,2,0.00021410240575020156,-0.000066329260373036,-0.0000056475980673842775,3
28.0134,2,0.000054308186450196546,0.00021094370127158312,0.00007662088920254263,3
28.0134,2,0.00007310715230757408,-0.0005249198398985045,-0.00013053039211094865,3
28.0134,2,0.000048642196727642795,-0.000016830442447441128,-0.000004389203003271344,2
28.0134,2,0.00019060889287127544,0.00008901987581180163,0.00018262083334373078,3
28.0134,2,0.0002395393580914337,-0.00003865653836938442,0.000009523558570857389,3
28.0134,2,0.00015460670465571554,-0.00012444158556147432,0.0003148711712595921,4
28.0134,2,0.00026327809544499195,-0.00024887166751445095,0.00008001541482215492,5
28.0134,2,0.00036250214896394026,-0.0003012955953282657,-0.00008036742113803693,4
28.0134,2,0.0000883857952408407,0.000218751342182229,-0.0001784293306806473,3
28.0134,2,0.00011057437312586776,-0.00006586273285316766,0.00002345317061026572,3
28.0134,2,0.00020793158035120021,-0.00019781655536564967,0.00012838347581159868,4
28.0134,2,0.00010495887036566555,0.00004845894579241086,0.00010423112197100525,3
28.0134,2,-0.0000972354206702016,-0.00000009731528266034203,0,1
28.0134,2,0.0002417399317878629,-0.000030225641725385802,0.00001358991522604283,3
28.0134,2,0.0002983736277328012,0.0001982759082356419,0.0000104080075735978,4
28.0134,2,0.00009479245424691453,-0.0000612722301721813,-0.00003150172859079649,3
28.0134,2,-0.00013222615968933564,-0.00000013234104744426,0,1
28.0134,2,0.0002128023696069021,0.000056077535954807504,0.00010807433616499455,3
28.0134,2,0.0002375034773498005,0.00016889861149953559,-0.000041338933917702385,4
28.0134,2,0.0001669572508141828,0.00003125291270946993,0.00012366051908992699,2
28.0134,2,0.00011190687707262194,-0.000004090002692808247,0.00009467798403467785,3
28.0134,2,0.00023571816673196173,0.00019427030078587244,-0.0000629545020421792,3
