28.0134,2,19.42574496960149,0,-0.00003427153083315501,-0.00000003428836590654163,0
28.0134,2,6.198074348019395,0,-0.0001626709929945357,-0.0000001628163560580739,0
28.0134,2,4.513658034755079,0,-0.00006199679222202299,0.00020331912794411468,0.00019744511676666787
28.0134,2,7.589707394623611,0,-0.00007097083169941747,-0.00000007102440280970725,0
28.0134,2,4.096565985955015,0.10864189032185355,0.0000395523663489253,-0.000023921814754457688,0.00005094091136450279
28.0134,2,1.4222013497991215,0.2575120706941212,0.00008981699074994122,-0.0001225985788300786,0.00035694952369527965
28.0134,2,5.860345362899462,0.0290748101210633,0.00007768744759023326,-0.00013745093702444844,0.0004727172676413449
28.0134,2,7.624475444955969,0,-0.000022787001767159353,-0.000000022792340815454876,0
28.0134,2,8.012097347794844,0.13589055062992816,0.00007314131809100863,0.000017783989181536,0.00019059131278438297
28.0134,2,0.7817119470635577,0.1332305831570956,0.00002941365435689038,0.000025692846775916777,0.00042259855917370836
28.0134,2,5.920439071185169,0,-0.00002991347071027028,-0.000000029925943361111465,0
28.0134,2,12.538817842699785,0.05410837038918543,0.000051631857250416514,-0.0000678135689977735,0.00009664333576919804
28.0134,2,1.8723065677567075,-0,0.00004345886098803634,-0.00013311236655909396,0.00006597895920880957
28.0134,2,10.395083550031599,0,-0.00009108473218516243,-0.0000000911584373299725,0
28.0134,2,5.44788364697778,0.09375852477470871,0.00003591223709606415,-0.00004165468503231413,0.00007107399548768522
28.0134,2,3.559125916319873,0.019000069718079448,0.00009519636946423353,-0.000026790822313187855,0.00013448803915293834
28.0134,2,9.395653754067927,0.0032249875969710597,0.0000032420656331529212,0.000000003262781707380237,0
28.0134,2,7.324712183131212,0.07350491639183038,0.00011545797995863102,0.000020352518224905396,-0.00006969314370729116
28.0134,2,3.727826438565957,0,0.00016856936595829072,0.00009311183767954367,-0.00006404407239900519
28.0134,2,8.912793222314608,0,-0.00007211436835308293,-0.00000007216908414470772,0
28.0134,2,6.125079952681049,0.0681113546677403,0.000010893780306794218,0.000046740400819293706,-0.0000323392629420072
28.0134,2,5.014488051045411,0,0.0000782647417021701,0.000050165709142666855,-0.0000396812433019427
28.0134,2,6.604344072274553,0,-0.000056802322172296,-0.000000056841710590366454,0
28.0134,2,13.556734663466425,0,0.00007567134397086209,-0.00007953136562851291,-0.00006792923082287962
28.0134,2,16.144305410516004,0.021882190397310975,0.00003666065155146355,0.000000036714819663647144,0
28.0134,2,2.272867105232524,0.06203273816029021,0.00011809291854971228,-0.0000754921154750066,0.00011987072379276084
28.0134,2,1.0321525641985207,0,-0.000050376112128903215,-0.00017152278887212115,0.00027332499800276005
28.0134,2,6.351632624934394,0.024499830238102295,0.00002180934983458425,0.000000021848651778883072,0
28.0134,2,6.396547313963293,0.15032052184341313,0.00020484679040494482,0.0000005026203901344261,0.000019116756195404978
28.0134,2,6.036985505484639,0.036026290878586414,0.0002696746546176151,0.00009688656177103192,0.00002423423803071687
28.0134,2,1.5440806539165792,-0,0.0002465294648717568,0.0000373900714054388,-0.00008952324607544236
28.0134,2,4.5401493793164125,0,-0.000030363214248778997,-0.00000003037613709335243,0
28.0134,2,7.272901865454612,0.12965993732608613,0.0000862470558449599,0.0000556823962623566,-0.00007444959235332255
28.0134,2,6.142949942319475,0.06709004101877787,0.000039396659172896267,0.00015878778337944491,-0.00018689749470465734
28.0134,2,0.9232703370578008,0,-0.00006747354390584791,0.0004306455232219196,-0.0001083947081210316
28.0134,2,6.923779162672169,0,-0.00010991737480141817,-0.0000001100099314403386,0
28.0134,2,6.708992230214299,0,-0.00002105826371089293,0.00005704980305201644,0.00011434116748095038
28.0134,2,1.9818930200184635,0,-0.000082392065737316,0.00024610090412546044,0.0003703250660949733
28.0134,2,6.592500855161729,0,-0.00009371962945241166,-0.00000009379597213202379,0
28.0134,2,10.467928708549834,0,-0.000040063305731251567,-0.000037422679940225754,-0.00010936786306467613
28.0134,2,0.8575721545438542,0,-0.00012276291183752877,-0.000308948937029242,-0.000287984270291851
28.0134,2,13.620484616778771,0.007899412061456711,0.00001027617146185378,0.000000010303928683056771,0
28.0134,2,4.766976595526848,0.03336462011832453,0.00008847176108011243,0.0000302232270059604,-0.000022082790601362256
28.0134,2,1.9932756739146902,0,0.00009868362952800366,0.00002052547920152061,-0.0000738028625412683
28.0134,2,6.974202667969052,0.0002070335531341195,0.00000017134844439028594,0.0000000001889907276378583,0
28.0134,2,12.574038932949119,0.04411565920307784,0.00020272188758264928,0.000012746106014046223,0.00007416009859044559
28.0134,2,6.553049762123089,0,-0.00003585784591799811,-0.000000035876268894372556,0
28.0134,2,13.843463932465973,0,0.000041544521609620406,0.00007142227181747198,-0.0000500627305078012
28.0134,2,8.773835438237215,0.03908281694077809,0.00003837426626232996,0.00000003843014970455446,0
28.0134,2,5.17445909300705,0.10398664006120079,0.00016703979934252304,-0.000049941220574922377,-0.00002070977091290109
28.0134,2,3.931808307014966,0.062496274076136143,0.00030666148754239937,-0.000024854595205857013,-0.00005647913005161506
28.0134,2,2.906258038714803,-0,0.0003065213091991516,-0.000008569930457936333,-0.000029314952965883923
28.0134,2,9.922789938762755,0,-0.00011391810977208196,-0.00000011401467115071276,0
28.0134,2,3.114835632624068,0.22956953406785507,0.00015692688675877277,0.00004253902004275696,0.0000825971906297268
28.0134,2,6.470227125149993,0.0014185799445502827,0.0001618041726312254,0.000039481677748155954,0.00008966013342706755
28.0134,2,7.450446407842223,0,-0.000011920700083769518,-0.00000001191516195320279,0
28.0134,2,8.603101399051718,0.09335719310757688,0.0000727431916508638,0.00012563087500056254,0.00003113477027802278
28.0134,2,4.921423368224688,0,0.00011195500665108557,0.00014455169698655664,-0.00009173213337585995
28.0134,2,10.6110359992453,0,-0.00006758705311513575,-0.00000006763723705967551,0
28.0134,2,4.986839166259618,0.13480012222435414,0.000014124655706312276,0.00019359835698072283,0.00002305869550407358
28.0134,2,1.2943905449850084,0,-0.000010538919054003653,0.0003667251225412056,0.000021307826231052262
28.0134,2,0.2544047549182999,0,-0.00019274753640104324,0.0006192027644976157,0.000006835341887749118
28.0134,2,9.886745883876076,0.0041199101928451705,0.000004246473084820737,0.000000004268194571912585,0
28.0134,2,7.599565388734499,0.09551865986015023,0.00006685508915903275,-0.00003209880055046242,0.00018556103485753816
28.0134,2,2.5720666233199574,0,0.000051659994568904895,-0.00008630048939645996,0.0002433659525399191
28.0134,2,6.168905053673712,0,-0.00008473285324705956,-0.00000008480020015469433,0
28.0134,2,11.992738839073226,0.09664984950292631,0.00012757305451464835,-0.00006045200446745626,0.00007953456523139514
28.0134,2,2.1969688977521056,-0,0.00002271589131398807,0.0000605979833258423,0.000048606590403599337
28.0134,2,7.37944870898766,0,-0.00010354519244262501,-0.0000001036313705206257,0
28.0134,2,11.349562629177457,0.0756781290822829,0.00008066688058187374,-0.00009826356886979343,-0.00007241139034506082
28.0134,2,0.10607083275030399,0,-0.0001435615554662599,-0.0001890206448580428,0.00003399919542037662
28.0134,2,6.313549154651666,0,-0.00008605772351561166,-0.00000008612639661971145,0
28.0134,2,5.436309439597665,0.16481629200210848,0.000037447800878930207,-0.000040383223843805175,0.00013707716773350662
28.0134,2,0.5573025367318665,0.24314298688427902,0.00005741968532463949,-0.00003277108196004201,0.0004279610852653059
28.0134,2,7.586602927533209,0,0.00005666025728140484,-0.00003328827398305125,0.00043361038712449323
28.0134,2,3.9450692587365013,0,-0.000004629448927852587,-0.000000004616612247580234,0
28.0134,2,6.2195161348404095,0.11108796875795876,0.00009232171338449403,0.000058745113675871126,0.00002721636518778929
28.0134,2,6.175969111683284,0.08250732926909188,0.00020236982467524144,0.00015158700852251802,0.000034431877747762775
28.0134,2,4.168760640395814,0,0.000238509506065622,0.00015612055002435374,0.000041962246086656114
28.0134,2,6.820493197953462,0.015244105203398963,0.000013802919760307043,0.000000013834207260087066,0
28.0134,2,5.07645135132145,0.16312493026804573,0.0001854660543230076,-0.000049508704081229714,0.000060990811384876724
28.0134,2,4.4373532543026055,0.09939106910415865,0.0003455493097129496,0.0000209432514471763,0.00005121283996001828
28.0134,2,4.036793505033507,0,0.00035700796385469143,0.00002640818189215824,0.000030124172007973364
28.0134,2,6.3742338195526145,0.0019679000855254624,0.0000017371946304011951,0.0000000017564043272483784,0
28.0134,2,8.65467115443385,0.13572365153087607,0.00019893018020757298,0.00003413503242664623,0.000010358764165561771
28.0134,2,4.17993201796269,0.01423791837449515,0.0002199860826368179,0.0000415278317149229,0.00006386089405156821
28.0134,2,11.415009613600198,0,-0.00001667661909764848,-0.000000016675841646775322,0
28.0134,2,7.122724280333879,0.05965690871798055,0.00011891045712381349,0.00003556634435611936,-0.00008194600921657744
28.0134,2,1.9215647979323673,-0,0.000028289300445685068,0.00011616438562181457,-0.000034172684697714336
28.0134,2,12.096825695684291,0.01719255755977592,0.000020110847550959735,0.00000002014844929277245,0
28.0134,2,3.9122690977180916,0.14616769479935646,0.00021378308655225126,-0.0001375967487536204,-0.00004237175129522246
28.0134,2,4.686307534923509,-0,0.00021475810026893062,-0.00007271188814108927,-0.0000743257495049147
28.0134,2,6.391819873468327,0.024861820580540903,0.000022164526812825405,0.00000002220418428963498,0
28.0134,2,8.8863966231845,0.09823850013962505,0.00011541426277073641,-0.00009206484077218151,0.00007129112143781085
28.0134,2,3.7810951063393055,0.02134292163920366,0.00018785532102593826,-0.00011836126564989711,0.00006148172590472049
28.0134,2,11.28950707742113,0.0004139813106119239,0.0000004442115228169561,0.0000000004621269422791699,0
28.0134,2,3.490193821882209,0.10262760770605817,0.00004950749130303775,-0.00002231579736699876,-0.00013766768458330485
28.0134,2,6.088306185469414,0,0.00005135277572627346,-0.000014139441809508321,-0.00017888624909131236
28.0134,2,17.997631413200246,0,-0.00007219320658867355,-0.00000007224800129745108,0
28.0134,2,2.513234107520796,0,-0.000035057342160008504,-0.00003386535476850293,0.0000010965112453042886
28.0134,2,6.084895389346942,0,-0.00003154248580144475,-0.00000003155658909802285,0
28.0134,2,3.3978500049298677,0.290589681394657,0.00015663286329407718,0.00020145269571051388,-0.00010473249031728786
28.0134,2,6.268636710714358,0.047123129909755625,0.00018643135936613364,0.0002541878993431161,-0.00015380940041512012
28.0134,2,5.866876232179592,-0,0.00016965844062150293,0.00025348409586482763,-0.0001355583648396934
28.0134,2,18.378467229602684,0,-0.00003918632632195404,-0.00000003920808111054466,0
28.0134,2,2.38354738715681,0,-0.00013308075912553445,0.00009983998119643343,-0.000008833748282876549
28.0134,2,7.394130639724573,0.019162416067158523,0.000017746158467249,0.00000001778139315292186,0
28.0134,2,5.1049257196928854,0.1428394229335548,0.00018565246771177357,-0.000010764524275273108,0.00003510408412738767
28.0134,2,5.5512716675325535,0.06644919769314522,0.00033566399461065966,0.000018893914755322637,-0.00002297601977349525
28.0134,2,2.2489581332169775,-0,0.0003362511197443423,0.00007056945441912017,0.000009508663680768104
28.0134,2,14.7203179708708,0,-0.0000408721726832148,-0.000000040895615005700575,0
28.0134,2,6.207141858128896,0,0.000038696931560590816,0.000004381174756162029,0.00004254859900072662
28.0134,2,14.933723000059048,0,-0.00005564912226664976,-0.000000055687356330460304,0
28.0134,2,5.509426760329376,0,-0.000003560295541048054,0.000025651177301170198,-0.000011449279322852788
28.0134,2,14.29833435450842,0,-0.00006762440946180984,-0.00000006767463080009001,0
28.0134,2,5.145266328043936,0,-0.000020959442330766088,-0.0000013206031898576657,0.000030093964618662953
28.0134,2,4.696882430849379,0,-0.00010887833084470554,-0.00000010896984739958522,0
28.0134,2,3.9495745495251042,0.21663488951627044,0.00005164904776095988,0.00013058661865516431,0.00004389996178627632
28.0134,2,6.301585118519775,0.13946723454372134,0.00015164671166009966,0.00019346944746997092,0.0002160129973737807
28.0134,2,2.6082324234349943,0.048353678062526405,0.00014604112667418974,0.00021963239500863958,0.0003228603158816715
28.0134,2,0.42844711619620857,0,-0.00012016537010747459,0.00037260974379600513,0.0004903553125450695
28.0134,2,12.254977379836932,0,-0.0001307727597068822,-0.00000013088619260696926,0
28.0134,2,5.456902330425619,0.11720748164932107,0.00007317604947040171,-0.00015264672878489296,-0.000013482753549254936
28.0134,2,0.650363887207003,0,-0.00003321456239881859,-0.0003166003811799527,-0.00013305475032010636
28.0134,2,19.44292000408142,0,-0.00001778379751763441,-0.000000017784128353467944,0
28.0134,2,15.446374556039105,0,-0.00011822480093534773,-0.00000011832567331614399,0
28.0134,2,0.7027550823628248,0,-0.00013792568061378,-0.0004998092883373665,-0.00004389455541581539
28.0134,2,8.460248684057396,0,-0.000085338381419856,-0.00000008540633446179787,0
28.0134,2,7.083838879244463,0.11409677517317748,0.00007773646163495421,-0.00006318318573121293,0.00003275970453358342
28.0134,2,3.2273381536153543,0.04419075533001907,0.00012432336337667532,-0.0001926181677657997,0.00004034803156713636
28.0134,2,0.6293263059796315,0,-0.00006435954373993312,-0.00043610753583523076,0.00012649047707546558
28.0134,2,9.550936223845863,0,-0.00010338752526497063,-0.00000010347354551796869,0
28.0134,2,9.078659062097787,0,-0.00000945803912953055,0.00008632137518374051,-0.00009320963891064433
28.0134,2,1.7685303618995234,0,-0.000048148928657379356,0.00009476907089372913,-0.00005122293226351974
28.0134,2,5.7641943854397875,0,-0.00010876962099054581,-0.00000010886102872675265,0
28.0134,2,13.75064129579636,0.03368547104694342,0.000025893726909539337,-0.00006620432705284981,-0.000053224041343538236
28.0134,2,6.217361130201149,0.020508295102674948,0.000018164091392543196,0.000000018199744429492627,0
28.0134,2,6.05379898170374,0.13832835408369956,0.00016965815478179304,-0.0000595164726288649,0.000019889010266509928
28.0134,2,4.399335431660742,0.11579298330417197,0.0002840530814836721,-0.000043375017612468745,-0.00016028330328496333
28.0134,2,4.199561763763032,-0,0.00028163435450627563,-0.00003639170250438252,-0.0001318506878244563
28.0134,2,18.28996832692406,0,-0.00010496259910557948,-0.00000010505019600906863,0
28.0134,2,2.2811608673599006,0,-0.00014064366748713553,-0.000003981757953602403,0.00003287786307006408
28.0134,2,10.552121890979171,0,-0.00010400158911638199,-0.00000010408822404790999,0
28.0134,2,1.6247997536227805,0.1933287337807985,0.00006575070392800792,0.000020256712290780896,0.00015008120124871365
28.0134,2,4.119712794741502,0.09273687233608012,0.00018678089555588813,0.00008478462955491012,0.0002379989139555393
28.0134,2,3.5385880423181724,0,0.00018720327343051086,0.00008435598752746687,0.00024687328044401566
28.0134,2,15.929026430050772,0,-0.0000075181443417422515,-0.000000007508199248470791,0
28.0134,2,4.291921610583999,0,-0.000014942776129711349,-0.0000035484312651678277,-0.0000020118676155931286
28.0134,2,17.778811138890944,0,-0.00015180274117801106,-0.00000015193722511060177,0
28.0134,2,5.839875835492702,0.03646310345452023,0.00003187496907024992,0.000000031924346709479336,0
28.0134,2,9.206795833310975,0.11290805568650586,0.0001841554188840699,-0.00006344453269608527,-0.000029459312250249495
28.0134,2,5.553918766678616,0,0.00019191550806692444,-0.000160761368421409,0.000024351896284690093
28.0134,2,7.239830139940083,0,-0.00007333978625643207,-0.00000007339572869260477,0
28.0134,2,7.894402151959986,0.1195061855899019,0.00009209488104658588,0.00005716893299126791,-0.00003391331190924199
28.0134,2,3.9416102198821017,0.015494580665095441,0.00013358528073216798,0.00006817119523855604,0.000003364225640882237
28.0134,2,4.762609931920196,0.026485784163590917,0.00002231440950719874,0.000000022354217016735418,0
28.0134,2,10.591529268579258,0.11250787791598937,0.0001755287098832051,0.000012221292238454909,0.00007784763781179439
28.0134,2,5.184159924606601,0,0.0001985050138822797,0.0000022671880076524943,0.0000977591718673124
28.0134,2,5.290072116290358,0.002448157643489115,0.0000020834280106560325,0.0000000021029842874634308,0
28.0134,2,9.480635454901982,0.12276824762213683,0.00016390197638963187,0.00003658516920585494,-0.00006093708072899671
28.0134,2,6.4646087608618235,0,0.0001873590719037043,0.0000401265176781572,-0.0000567926121587999
28.0134,2,5.822791204159003,0.06790421887354223,0.00005933911689541081,0.000000059415986174104866,0
28.0134,2,13.286377092685786,0.03485261010567284,0.00016492013860024103,-0.00006938853406193249,-0.000004413251099036013
28.0134,2,8.82874522380453,0,-0.00009603798321548698,-0.0000000961166465695366,0
28.0134,2,7.848180200099928,0.0970226072887952,0.00006795766484111253,0.0000045597320026239765,-0.0000613987342679755
28.0134,2,2.8007106864639586,0.017153209712048322,0.00012546605030493136,0.00006771911552675578,-0.000047354397002465666
28.0134,2,18.56860150952947,0,-0.000036508000294846365,-0.000000036527074076402846,0
28.0134,2,17.455182182299325,0,-0.000006952676673285807,-0.0000000069421655463121865,0
28.0134,2,0.1880464307769548,0,-0.00016710601431179075,0.000156974179070202,0.00021813955804909094
28.0134,2,10.714334295046545,0,-0.0000855886097071278,-0.00000008565681322783572,0
28.0134,2,2.936424633659827,0.21592024743105226,0.00014628191907802745,0.00005627954345505086,-0.00015033859637478262
28.0134,2,7.490349151426652,-0,0.00014196135852032038,0.000038698345028456036,-0.00011448290221177883
28.0134,2,3.667323108795532,0,-0.0000446836486989856,-0.000000044710906312778456,0
28.0134,2,9.644957010035686,0.1326342124173162,0.00011206096603787211,-0.00006053651230302659,-0.00001633536666706747
28.0134,2,5.0005754778540465,0.04055326746178479,0.0001749630849509308,-0.00014268285619306278,0.000011151591875346325
28.0134,2,2.2969389354666605,-0,0.00019900829146126726,-0.00011011613123349575,-0.00007753733104051142
28.0134,2,7.75210911971205,0,-0.00008548891786620804,-0.00000008555702159528341,0
28.0134,2,4.730411396203978,0.11866367581710785,0.000021493433024268633,0.00007735217404882575,0.00005337553277399311
28.0134,2,5.483470724259406,0.06863925180617701,0.000008610493617205838,0.00016313232654973468,0.00019165739613556491
28.0134,2,16.25947665538298,0,-0.00003519768078671563,-0.000000035215442937132844,0
28.0134,2,3.6999832485937656,0.003920160189347839,0.000011556048811474718,0.000008889011604487396,-0.0000429047456921348
28.0134,2,8.157304329129092,0,-0.0001166654951300629,-0.00000011676480664418719,0
28.0134,2,2.8138556798304184,0.2516273220953746,0.00013672997051177762,0.000005846856946266655,-0.00010826406596351715
28.0134,2,3.8089060695882835,0.14197808061447012,0.0002559195015158814,-0.00009564905096029996,-0.00024770404421781795
28.0134,2,5.910314203534326,-0,0.0002711228434653047,-0.00007449853463415532,-0.00020093972490056836
28.0134,2,15.14044400106122,0.000564337897089598,0.0000008251212399471252,0.0000000008434179504174773,0
28.0134,2,1.0065566969005189,0,-0.000010780246219804235,-0.00004184042008645311,-0.00022291858220921916
28.0134,2,0.5129999904141808,0,-0.00006093034876040803,-0.000025759536982511064,-0.0004038244801770513
28.0134,2,5.946717057812882,0,-0.0000808592058893959,-0.00000008092267527214813,0
28.0134,2,4.896963732308166,0.1791579519250333,0.00009293087154102895,0.00003361295970776876,0.00008146008320156164
28.0134,2,5.203809424851393,0.07382517670031317,0.000150668281904293,0.00007305148626529866,0.00018517837738239796
28.0134,2,3.3034666752044886,0.05678588211790729,0.00021032122702536782,0.00035131735125281175,0.0002700717463976731
28.0134,2,6.52939339922173,0,-0.0000020652707968880373,-0.000000002049867371739843,0
28.0134,2,4.3424531298214095,0.21178872328776152,0.00019906634070590204,-0.00006841069505549652,-0.00008998065350027777
28.0134,2,5.523345532070736,0.06840739528509882,0.00023865871851760806,-0.0001808126350769658,-0.00011715417651199393
28.0134,2,3.5530728024548046,0,0.000253146558501727,-0.00020779534538863586,-0.00015182963067621495
28.0134,2,6.220949273394459,0,-0.00002917711197128817,-0.000000029188847526294543,0
28.0134,2,7.61154905550137,0.12475154385961593,0.00007797382838873599,-0.0000628646561290451,0.00010911141864700842
28.0134,2,5.569222043227782,0.041606194571225726,0.00004207806959025194,-0.00017336722246356036,0.0002706713702032986
28.0134,2,6.70048729852751,0.022548769816157874,0.00002033292079802382,0.000000020370744835379142,0
28.0134,2,7.888477801287507,0.12370615752110153,0.00018893299104282278,-0.000026164381173018183,-0.00004065666025211238
28.0134,2,5.765897224965621,0,0.00027693196794959565,-0.00007778697406555417,-0.000034610164833627266
28.0134,2,10.399953545158768,0.015885899003482723,0.00001685749838728111,0.000000016891843523324374,0
28.0134,2,0.7001340796570822,0.26651859532659783,0.00006492585243721396,-0.0002832960170007717,0.00006352717479461464
28.0134,2,3.9741941658092967,0.09421017651894535,0.00008336154822078454,-0.0004248899436335983,0.00008134856966213559
28.0134,2,3.9117947085523053,0,-0.000019847781961337436,-0.0006126795054379675,0.00007034109015070679
28.0134,2,17.54805928229869,0,-0.000056691292591705994,-0.000000056730569869055134,0
28.0134,2,2.8399716860266535,0,-0.00008002308863517777,-0.000008888775042724744,-0.000022004162690689508
28.0134,2,5.149303802457747,0.029225711377566452,0.000024943380719251967,0.000000024985819831603512,0
28.0134,2,9.986376616602264,0.12406971110518739,0.00018281817007441965,-0.00009696807327946417,-0.000012466389188573806
28.0134,2,3.489144932892027,0.05858805218154554,0.00022880952911191917,-0.00011191029797269191,-0.00018007649044141308
28.0134,2,1.858684637258545,-0,0.00037359575762917636,-0.00006223312875331085,-0.00018813337684224545
28.0134,2,9.81125866481022,0,-0.00013807087315385763,-0.00000013819161147281055,0
28.0134,2,7.909167440969024,0.09100773091782287,0.000026260668765653596,-0.000051384859304120266,0.00009862752197486938
28.0134,2,1.1580933133679567,0.07940142495232562,0.00005730173360656795,-0.0001645654826133565,0.0003277616450629323
28.0134,2,14.140209257992565,0,-0.00008405594979268461,-0.00000008412261911928398,0
28.0134,2,5.309448686519915,0.04072826405141959,0.00006538531688044473,0.000007547749857348795,-0.00010129117245047486
28.0134,2,8.849483060877711,0.024606415968511926,0.000024235703176827805,0.000000024277433903251,0
28.0134,2,6.909470174295811,0.08184095115357817,0.00006925341734139865,0.00009614840248723419,-0.00007708156127801223
28.0134,2,3.092123695498499,0.05881465425996381,0.00003594894423314315,0.00004412447852259951,-0.00025632854792452493
28.0134,2,11.962709988279492,0.00026380405429311316,0.0000002888093702673507,0.0000000003065692320193045,0
28.0134,2,4.344214508579352,0.13554404921551091,0.00021836300875597341,-0.0000796004821310024,0.0000010871768190125901
28.0134,2,3.608931099663319,-0,0.00021410240575020156,-0.000066329260373036,-0.0000056475980673842775
28.0134,2,9.700580702715177,0,-0.00013235848804220413,-0.00000013247350825794217,0
28.0134,2,7.784933175838785,0,-0.000017273157175935592,0.00009284574823875245,-0.000006991054072494609
28.0134,2,2.041196050990218,0.033744244605546675,0.000054308186450196546,0.00021094370127158312,0.00007662088920254263
28.0134,2,7.158734053436738,0,-0.00016198063155415288,-0.0000001621253035651982,0
28.0134,2,3.4122734720767864,0.28060212284675556,0.000013620049169520814,-0.00023292151838292044,-0.00007380029429319446
28.0134,2,0.46836914138380137,0.21007117028613453,0.00006874684855455856,-0.00045547134466650437,-0.00012386731418480946
28.0134,2,8.00848540352485,0.014427817584272973,0.00007310715230757408,-0.0005249198398985045,-0.00013053039211094865
28.0134,2,16.133285513305104,0,-0.000004244497479413823,-0.000000004231275462356246,0
28.0134,2,4.188656743984973,0,0.000048642196727642795,-0.000016830442447441128,-0.000004389203003271344
28.0134,2,6.753643786392676,0,-0.00006552454697765384,-0.00000006557266635148541,0
28.0134,2,5.867860413004629,0.10400457289923506,0.00001541007903260219,0.00007855248314866696,0.00005612115762852328
28.0134,2,7.062328766044132,0.030277434630438752,0.00019060889287127544,0.00008901987581180163,0.00018262083334373078
28.0134,2,6.9849099455734915,0.0003440897222914024,0.00000029646420248086356,0.0000000003142317267275256,0
28.0134,2,7.144901294314958,0.1674426070778711,0.00022415292755343464,-0.00003405278797382184,-0.000021687751082346902
28.0134,2,5.319670191393559,0.006597806941139437,0.0002395393580914337,-0.00003865653836938442,0.000009523558570857389
28.0134,2,8.708314078137136,0,-0.00006302762730976254,-0.00000006307324726450713,0
28.0134,2,5.749035577089802,0.15396563828358673,0.00005285849910265936,-0.00012435284069770366,0.00013210900137501874
28.0134,2,4.07623930975967,0.02035588718282435,0.00007228265524570612,-0.0001484753695683139,0.0001817161433646016
28.0134,2,1.4347711017032383,0,0.00015460670465571554,-0.00012444158556147432,0.0003148711712595921
28.0134,2,3.950780518118628,0,-0.00008619861078401206,-0.00000008626742491640855,0
28.0134,2,5.435146644974001,0.152715356409063,0.000057509130932295436,-0.000056164301202813965,0.000002371020622202718
28.0134,2,4.130234786985001,0.16901930903925197,0.00024450517199661585,-0.00017025742451328376,0.00003228399512012308
28.0134,2,4.019949223911021,0.04705344011909195,0.0002784029791736984,-0.00026163925536073444,0.00007347153106305394
28.0134,2,2.688394490369013,-0,0.00026327809544499195,-0.00024887166751445095,0.00008001541482215492
28.0134,2,5.4755815223347994,0.07578789021574257,0.00006543378217517914,0.000000065516752219919,0
28.0134,2,4.085396065837822,0.23171503754835848,0.00024894884036086464,-0.00014828960294015076,-0.00002090332943099238
28.0134,2,6.120804491076589,0.08625613092054098,0.00032610871888966945,-0.000264185329960942,-0.00004754507951804021
28.0134,2,3.6559301428835473,0.009678629656648162,0.00036250214896394026,-0.0003012955953282657,-0.00008036742113803693
28.0134,2,7.228327341613244,0,-0.0000263252633492541,-0.000000026334144200935107,0
28.0134,2,9.43498784291727,0.12457322606111616,0.00005882266389822176,0.00013488456077924934,-0.00015789298533514607
28.0134,2,2.888159811378611,0.01578259102481084,0.0000883857952408407,0.000218751342182229,-0.0001784293306806473
28.0134,2,4.698001584753388,0,-0.00006744862693659583,-0.0000000674986723163923,0
28.0134,2,11.038605715885623,0.06340313568314009,0.000024394926842425752,-0.000041710770274420886,0.000006688028693859088
28.0134,2,4.499445380144289,0,0.00011057437312586776,-0.00006586273285316766,0.00002345317061026572
28.0134,2,3.5132096938252335,0,-0.000035800411646067076,-0.00000003581877713067783,0
28.0134,2,6.703679124274492,0.17269863688201,0.00011720578260325358,-0.00006250917199762424,0.00007556898684170677
28.0134,2,5.8502968736400796,0.07557937571436403,0.00019481987468338705,-0.0001621810410385816,0.00009788918965054838
28.0134,2,3.422009577174046,0.007581406032262142,0.00020793158035120021,-0.00019781655536564967,0.00012838347581159868
28.0134,2,10.237819673379573,0,-0.000014050519087468058,-0.000000014047112907855984,0
28.0134,2,7.789566805154005,0.07385652707943176,0.00010981093725933086,0.00006403213527542382,0.00010252581356604084
28.0134,2,2.5948224098671915,-0,0.00010495887036566555,0.00004845894579241086,0.00010423112197100525
28.0134,2,19.33948032149712,0,-0.0000972354206702016,-0.00000009731528266034203,0
28.0134,2,9.427759485104865,0.02378765042227082,0.000024061379912711186,0.0000000241029361413725,0
28.0134,2,6.197412806551679,0.11000514387880303,0.00018844842876569138,-0.00000935732707691646,0.00005492484005557203
28.0134,2,3.471246357976235,0.018819546680014756,0.0002417399317878629,-0.000030225641725385802,0.00001358991522604283
28.0134,2,4.716948067430319,0,-0.00003388048053136506,-0.00000003389692416300815,0
28.0134,2,4.888732867222037,0.19294011205265885,0.00014543635145312047,0.00004183175362116128,-0.00006991781419369848
28.0134,2,4.747190681739673,0.122160956426828,0.000287594652402351,0.00010530442184100143,0.000003578284670979917
28.0134,2,5.444332466155874,0,0.0002983736277328012,0.0001982759082356419,0.0000104080075735978
28.0134,2,13.919754793127096,0,-0.00010524690835666628,-0.00000010533478985400036,0
28.0134,2,4.548502840534245,0,-0.000018784006811786122,-0.000025921677909594675,-0.000035360049615307116
28.0134,2,1.4769810097034712,0.008461841694871576,0.00009479245424691453,-0.0000612722301721813,-0.00003150172859079649
28.0134,2,14.770268521358155,0,-0.00009968005350175348,-0.00000009976236257180537,0
28.0134,2,0.2554935921542436,0,-0.0001899865407028278,0.0005152391480277923,0.00008503971141652993
28.0134,2,19.075436333725346,0,-0.00013222615968933564,-0.00000013234104744426,0
28.0134,2,10.395124448541354,0.013177657341428718,0.000013977122785721225,0.000000014008584662904065,0
28.0134,2,5.257866921239512,0.11091539425439849,0.00015680027308851306,0.00005558038258670613,0.0000852294224414748
28.0134,2,4.001401187265494,0.008649226761876029,0.0002128023696069021,0.000056077535954807504,0.00010807433616499455
28.0134,2,10.073424908744679,0,-0.00012374670438318466,-0.00000012385310419485966,0
28.0134,2,2.8660341435604617,0.2563620834112469,0.00016253061473474914,0.00013657692556049466,-0.00001384549848000864
28.0134,2,4.050570205118899,0.01884763593830616,0.0001871797126357453,0.0001646655606999879,-0.000012878849391693099
28.0134,2,3.1325872532457653,0,0.0002375034773498005,0.00016889861149953559,-0.000041338933917702385
28.0134,2,15.305380256632228,0,-0.000020583540830795688,-0.000000020586674212488246,0
28.0134,2,0.7398545691916828,0,-0.00006556443393915446,-0.0002427269124576944,-0.00020695882968232957
28.0134,2,0.7088523566433915,0,-0.0001104543956418689,-0.0003845079255733219,-0.0002722815529916844
28.0134,2,15.745232365766876,0.009941250515700844,0.000015845005343854538,0.000000015878336973347827,0
28.0134,2,3.611201678656872,0.047824580694456297,0.0001669572508141828,0.00003125291270946993,0.00012366051908992699
28.0134,2,5.780116879873193,0,-0.00008196805902503754,-0.0000000820326383708885,0
28.0134,2,5.199019669005936,0.17112627236262065,0.0000862420430380339,0.000020181461170102617,0.0000803775720528754
28.0134,2,8.743223313121922,0.00377887075454234,0.00011190687707262194,-0.000004090002692808247,0.00009467798403467785
28.0134,2,6.013178122907997,0,-0.00011874326867265322,-0.00000011884466004017349,0
28.0134,2,9.606299498653383,0,-0.000012667468250843096,0.00006873381781277515,0.000017142648286100383
28.0134,2,3.3923033151939705,0.08747084221826713,0.00023571816673196173,0.00019427030078587244,-0.0000629545020421792
