28.0134,7,3.103488761195184,-0.10015787769315133,-0.014795657455574556,0.028216503580641445,-0.9542977742239355,-0.14186048264091936,0.26304250906674415,1
28.0134,7,2.2665816174565157,-0.10007688796451603,-0.12243959397248522,0.07706379066378335,-0.5700099374870794,-0.6960257855814438,0.4366197166547911,1
28.0134,7,2.453943752491668,-0.100077050919993,-0.04245255060682953,0.12923155510380493,-0.5929218592210572,-0.25082969807726013,0.7651980994620383,1
28.0134,7,5.595102459390977,-0.10008440445483918,0.10758589135289792,0.21454450305769338,-0.3857207895974471,0.4128734189454824,0.8250787916317993,1
28.0134,7,2.015888996032323,-0.10006542753165336,0.20889929211771374,-0.11797222393579658,-0.38515409885863344,0.8034033031759222,-0.454091898824909,1
28.0134,7,7.888365813865323,-0.10000541719963092,0.27430779544346034,1.4519545864565253,-0.06739520536239077,0.1852173037982486,0.9803838210965481,1
28.0134,7,6.490138382332816,-0.10004303076916733,-0.19774426894827077,-0.04167356964187851,-0.44448540054767643,-0.8767359822116028,-0.1837573024274901,1
28.0134,7,3.788747265212808,-0.10011418122010832,-0.10073811583650384,-0.11334583211646039,-0.5517004036273924,-0.5526892413186811,-0.624628903564311,2
28.0134,7,1.2001373364724606,-0.10002597692026105,-0.15568546314020448,0.1537150780696357,-0.41602140604971394,-0.6470252437450861,0.638971457629393,1
28.0134,7,2.1615884189050054,-0.1001406986118319,0.09780109503682752,-0.04540439887785068,-0.6814669700592892,0.6639106684243525,-0.3079373200353299,1
28.0134,7,2.521628238924258,-0.10003443057433276,0.13471069967426122,-0.08993834222825806,-0.5260935523240667,0.7065361770088285,-0.4733204039345801,1
28.0134,7,1.4406734400633097,-0.10018319026457215,-0.0033524359040835367,0.036564188488292126,-0.9394656981938355,-0.02722103709729362,0.3415599757824633,2
28.0134,7,2.6915835724683417,-0.10001871100674062,0.15604143684634617,-0.06822094497970708,-0.5066786664009295,0.7899306770119802,-0.34537842221188403,1
28.0134,7,1.1442402000340994,-0.10008105909678358,-0.0722927355520414,-0.023509614694125755,-0.7969122068079273,-0.5759827481698627,-0.182139530171821,3
28.0134,7,6.253816398961927,-0.10010300507171696,0.06268726003564934,0.11158553587900692,-0.6184269888855862,0.38559891620470566,0.6847346458590097,1
28.0134,7,2.954947251860141,-0.10005704747964153,0.046618987320003365,-0.05215602367339083,-0.8203356552551343,0.38103705654938075,-0.42645067036330664,2
28.0134,7,1.2245742586328363,-0.10012930421944086,0.003162001669433071,0.013620017590670297,-0.9902767045258325,0.03036732834328737,0.13575667144839731,1
28.0134,7,2.0004742641440463,-0.10012106554659538,0.10306414193123418,0.06511183114266915,-0.6369608723890992,0.6516320236937223,0.41189386101536124,2
28.0134,7,1.1580227035667678,-0.1001006381574069,0.04990759099479349,0.019408441925953656,-0.8833064012842881,0.4374122151403242,0.16864268586640455,2
28.0134,7,1.173469578632784,-0.10009459951206844,0.040971559865479366,-0.02371252740460323,-0.9036666388288551,0.3691760851934057,-0.21701526211082683,2
28.0134,7,2.11090811117066,-0.10003657832874834,0.130785942373001,-0.2542227840504983,-0.3297316904063024,0.4318829224235245,-0.8394963690574953,1
28.0134,7,1.2429385457928521,-0.10004968073217252,-0.13088998449230568,-0.3082760921818876,-0.28560713457972137,-0.37453910342451796,-0.8821275557894783,1
28.0134,7,4.081216305478551,-0.10001973673256434,0.2375219599986467,-0.30682806471071195,-0.24967658017298522,0.5930319104253128,-0.7654898814030313,1
28.0134,7,3.53292400389795,-0.10001304067186192,0.55720522904665,-0.11956224088677594,-0.17264909274334472,0.9630620612779907,-0.2066488734590342,1
28.0134,7,3.001219891038014,-0.10003869571349111,-0.038962423547508736,0.23277731128140108,-0.3899654126404997,-0.152014002045658,0.9081953094605738,1
28.0134,7,1.2652276289849158,-0.10004627760069172,-0.0097338803152076,0.018887036687130654,-0.9784253464172354,-0.09041979960179347,0.1857635629726247,2
28.0134,7,1.838830989537955,-0.10007576283887643,0.04236234090340294,-0.17996127170547774,-0.47617049163295744,0.2012065297421964,-0.8560242959677782,1
28.0134,7,1.6774656617245853,-0.10012828836219033,0.13257708632905596,-0.015535343660076868,-0.599783145960785,0.794729897341582,-0.09308366179315526,2
28.0134,7,2.534957667181625,-0.10000364870850607,0.048959752703114534,-0.13489241132859767,-0.5720846160114953,0.2798503102587706,-0.7709753536728979,1
28.0134,7,3.761151097255904,-0.1000243447606841,0.02495254277560917,0.12833537200781003,-0.6084679233219783,0.15161692635021018,0.7789602646684581,1
28.0134,7,1.7296707690576294,-0.1000323754959334,-0.04815894208609471,-0.10971588571402512,-0.6420510387420738,-0.30587348016905425,-0.7030020467818676,2
28.0134,7,3.002426328135156,-0.10008617595045816,-0.19692354115576674,-0.05955029157826806,-0.43753249755116524,-0.8605404292640741,-0.2608361232433933,1
28.0134,7,4.035359845281134,-0.10007072962497399,-0.18161600534873876,-0.14159637158400679,-0.3984372680177709,-0.723186885996951,-0.5641351534664084,1
28.0134,7,2.381011347404283,-0.10001159404391727,-0.014901349284748877,0.010025727720637968,-0.9849318993921453,-0.14348611597476932,0.09654474652851734,2
28.0134,7,1.1165500790303846,-0.10011102849427833,-0.09763969384470506,0.08841608336968793,-0.6065955029868284,-0.588617126512725,0.5343891598190025,2
28.0134,7,3.5824491365600073,-0.10011732194561844,0.05665391714520074,0.01764296900081358,-0.8622428850351397,0.4843819874081527,0.14802465159833067,1
28.0134,7,5.244468378464554,-0.10007097469295304,-0.18458217450856163,-0.03335715851258053,-0.4707709897814827,-0.8682603174321686,-0.15652059402121177,1
28.0134,7,1.8707072227331043,-0.10006761715669245,0.14607204574676425,-0.22331983562048008,-0.35063203509014773,0.5126424759089497,-0.7837441341805905,1
28.0134,7,3.3543643163761536,-0.10012806379114968,0.06230476872898748,0.02973468140947597,-0.8244068126593039,0.5100278955840565,0.24540772800999236,2
28.0134,7,2.2210512716221165,-0.10001412473348743,0.08863079258420394,-0.11485805292137201,-0.5691174195156566,0.5030980745992045,-0.6503827258917732,1
28.0134,7,4.744817447385887,-0.10004319382036381,0.06156564824781993,0.14952295005850635,-0.5266740705763882,0.32337534178586974,0.7861569892250335,2
28.0134,7,4.765413079673212,-0.10005651666343406,-0.3287840252878706,0.12175621913436499,-0.2747839482581636,-0.9014455158948177,0.3344992730227988,1
28.0134,7,5.01047432073693,-0.10004344524311336,-0.1635002381254816,-0.0948621011564811,-0.46915895192699003,-0.7644443004777013,-0.4421705432227776,1
28.0134,7,1.0510326019041412,-0.10011696549739377,-0.03307452333998845,0.06779939387672224,-0.800659293806722,-0.2606696072379298,0.5394404982047091,2
28.0134,7,2.2800834320974848,-0.10010537360117391,0.012368952173785912,0.15453345075719277,-0.5421276857155053,0.06704387361435322,0.8376172702323735,1
28.0134,7,7.448070663721443,-0.10004990210572957,0.27664124663979733,-0.06047081953894797,-0.3333757227083498,0.9210187513486802,-0.20145740783799373,1
28.0134,7,5.253834746422997,-0.10005516098155269,-0.06814306207094963,0.2044525395447044,-0.42167990896470364,-0.2873495016673522,0.8600094873122294,1
28.0134,7,1.6014164820420071,-0.1000362511943758,-0.14572472049378088,-0.008052650850133417,-0.5652662221232648,-0.8236519480676384,-0.04551446551236159,1
28.0134,7,6.806783422596274,-0.10003337089135826,0.29131108005135686,-0.044168403214355216,-0.32213607192366134,0.9361134279020139,-0.14113823460400388,1
28.0134,7,7.225835397387707,-0.10000147780964887,-0.20235360047152076,-0.24563227802143106,-0.29972182356941945,-0.6063437257577061,-0.7365555747603064,1
28.0134,7,1.642149569582293,-0.10005408831303567,-0.12632529774419665,0.08447422152991742,-0.5502147591085522,-0.6940055324777269,0.46434904947617245,2
28.0134,7,2.6013526367812796,-0.10004687564212375,0.07429740018513083,0.2906303876273312,-0.31639088721651165,0.23538270849784584,0.9189623425508614,2
28.0134,7,2.856341757847595,-0.10003178916175798,0.07553509576329186,-0.027042993524946622,-0.7809448929596792,0.5878749197904163,-0.21101694918088218,1
28.0134,7,2.005983873846863,-0.10011214154453175,0.1403807435302809,-0.08535255580276946,-0.5197585124945663,0.7299763346160177,-0.44383064291461416,1
28.0134,7,4.557742746832612,-0.10008816888106227,-0.18856773325510512,-0.12875547827856393,-0.40163952531150005,-0.7559169849372916,-0.516986657072373,2
28.0134,7,1.3388730096980943,-0.10008865265687504,-0.09061412481825186,-0.01881813726633487,-0.7346934733679201,-0.6643597221774497,-0.13730134645692024,1
28.0134,7,1.1526832031275216,-0.1000341881916502,-0.08909217174834652,0.09130950460229047,-0.6171642100332235,-0.5481723523199367,0.5644602820447994,2
28.0134,7,1.3008461739785009,-0.10002066925870347,0.12860965857467502,-0.035395888421597375,-0.601055094684476,0.7706093994717154,-0.2118818694454011,2
28.0134,7,2.446945459651889,-0.10000243609045006,0.03213521508305356,0.1383880577459436,-0.5764476728702569,0.18459185089980595,0.7960112618699872,1
28.0134,7,3.681781932437987,-0.10007346694349686,-0.15842268765869671,0.052660552287282794,-0.5153179687808125,-0.8130930016163616,0.27078988491838657,1
28.0134,7,1.1570415615303635,-0.1000079724787662,-0.005407126162394564,0.08804600775560067,-0.750978798995062,-0.04058592802904619,0.6590778602759733,2
28.0134,7,4.245018248006696,-0.10005963778726176,0.002480401710171865,0.04969156549642398,-0.8964781218046357,0.02567706892601701,0.4423433793525131,1
28.0134,7,4.017607672038151,-0.08374532118839795,-0.6000535623704204,-0.10319100238392492,-0.1358829206872833,-0.9763923847101019,-0.16790992509561153,1
28.0134,7,3.011751659073189,-0.10007402011661969,0.01882727734244015,0.06752387012050941,-0.8230108366835576,0.15624352161996535,0.5461145709951546,1
28.0134,7,6.945107427195375,-0.10000021490749159,-0.14441096790217664,-0.04798059375371571,-0.5506479681551442,-0.7919300043821345,-0.2638819496023253,1
28.0134,7,2.2114606055341004,-0.100009001757029,0.09108462329214195,-0.07131753303286714,-0.6551830295920265,0.5942882167089514,-0.4664297516405963,2
28.0134,7,1.2705964036140707,-0.10004693447714019,0.03422694712633257,-0.09957487647330113,-0.6892307845422636,0.23489809465796962,-0.6854077697001336,1
28.0134,7,1.335195679125685,-0.10002237424606325,-0.13688374645240367,-0.04317539169830154,-0.5716431553101673,-0.7825005654319963,-0.2468136302671351,1
28.0134,7,3.049205651066131,-0.10002852360129239,-0.21240848946856122,-0.1309898029997932,-0.37181421165997564,-0.7901403471423137,-0.4872703806158291,1
28.0134,7,3.0573858045705617,-0.10011424685430254,0.1382028327013453,0.08424232462546208,-0.5261928358927691,0.7261612058441481,0.4425053701166779,1
28.0134,7,1.7792746938103838,-0.10003815847087276,0.1140303049061512,-0.1457846461305094,-0.47572777073294636,0.5415905190452011,-0.693082100355947,1
28.0134,7,4.998387523918157,-0.10002868801901377,0.37686824930357066,0.0551962842799881,-0.25428622494470116,0.9569207015091576,0.14014737538246883,1
28.0134,7,2.8083205366511494,-0.10006892537120743,-0.1725988367751635,-0.015219972145651595,-0.5003552828101302,-0.862463521329867,-0.07616603796496646,2
28.0134,7,1.8021032424210022,-0.10004797530548773,-0.1746811377779648,-0.21106098540174806,-0.34342766860717333,-0.5990453495815792,-0.7233271082848514,1
28.0134,7,1.9617940776349083,-0.10012171841397893,0.08262570511244748,-0.06691472187351749,-0.6848842847017436,0.566250087557377,-0.4585786245670901,1
28.0134,7,4.987624732473561,-0.10012305617058646,0.10554454060717484,-0.04089721925123913,-0.6639673289275506,0.6973009970412192,-0.2700346378562114,1
28.0134,7,1.4827746674208637,-0.10010265418085242,0.0373481576357493,0.009730260411886382,-0.9330085384610216,0.3482301795844283,0.09072380715901036,1
28.0134,7,5.960670562234075,-0.10009323022476715,-0.1308987939890381,-0.06055134983536848,-0.5711820617565286,-0.7451043368864425,-0.3443407897426268,1
28.0134,7,4.429882222342171,-0.10003420866327949,-0.4161825212309213,-0.3086671835667951,-0.18956516241864693,-0.7885856113533454,-0.5849767369423016,1
28.0134,7,7.598421199486984,-0.10001095641599253,0.11742264634167711,0.69831049320228,-0.13973622340396472,0.16420463919119313,0.9764786860638012,1
28.0134,7,1.1557573337558638,-0.10017412357049918,0.0015075283658162815,0.03259154814812107,-0.9519726118932736,0.01317578800407045,0.30589956655015094,3
28.0134,7,1.6705807275609197,-0.10007411574454934,-0.0008436743581526987,0.12148475651417692,-0.6361153001078922,-0.006356006371852086,0.7715678363900657,2
28.0134,7,2.1207437023310294,-0.10008512454098852,0.00011618636706231438,0.09643202496269924,-0.7207902788763725,0.0009588545099978375,0.6931525477666153,2
28.0134,7,4.142725393643488,-0.10002219063190405,0.18404620658290627,0.055466619511158013,-0.4614440632382258,0.8494411087370105,0.2559671449421478,1
28.0134,7,1.0223137424267978,-0.10003970387257416,-0.08224564164278936,0.09595928284426822,-0.621518847458803,-0.5085548725972134,0.5958911509756738,2
28.0134,7,1.8191395944332365,-0.10014909427951207,0.08626967262979128,-0.07018287132294142,-0.6696574188700181,0.577330425365494,-0.46717076246233896,2
28.0134,7,5.670269286682113,-0.10004394195634374,0.12327889904943971,0.08103889956960161,-0.5620306811029241,0.6909388953153549,0.45467016224883333,1
28.0134,7,8.85116367301665,-0.1000494054273134,0.3762579978496473,-0.026831477846138357,-0.2564654118390542,0.9641358164694346,-0.06831998193091901,1
28.0134,7,1.487427695888301,-0.10003949249285442,0.03605408938304858,0.015888229447452388,-0.9303804163364356,0.3354666205302657,0.14783243016213926,1
28.0134,7,3.0738772532417444,-0.1000532306674638,0.2140245944450447,0.21745082435157137,-0.3112373653331332,0.6666294724272055,0.6773008555375637,1
28.0134,7,2.7347568502428845,-0.10000529334211358,-0.07062743979341976,-0.028618171513524016,-0.796754949943269,-0.5590224181834544,-0.22951140649044482,2
28.0134,7,2.52459906606657,-0.10002325999853384,-0.38307899670700835,0.27303736427688774,-0.207521188290092,-0.7965991097608002,0.5677717981187239,1
28.0134,7,1.5404894733745398,-0.10003328072235987,0.024718867758708667,-0.0014880724218077517,-0.9715913230472624,0.23603234269192552,-0.017292604853857863,2
28.0134,7,1.7324403118764224,-0.10005158180727271,-0.29400398875306843,-0.046628618193542935,-0.31831628685362495,-0.9362822973740144,-0.14849310134736526,1
28.0134,7,7.1166903578267915,-0.10003457709087987,0.2152704816998009,-0.1363817246334173,-0.3656311853739117,0.7861271242268445,-0.498315142090725,1
28.0134,7,1.047524917080816,-0.10011746628488877,-0.11013018663881295,0.06132611980658105,-0.6219364657847228,-0.6842695289568782,0.3807495820987077,1
28.0134,7,1.6545178222463597,-0.10013753033350527,-0.03952289314507677,0.09526505672267252,-0.6981171628437568,-0.27445447532741296,0.6612920443463219,2
28.0134,7,5.304931849560052,-0.10007539495976354,-0.2673369599337159,0.006710780651666161,-0.35082944057337206,-0.9361348358784374,0.02388038278223547,1
28.0134,7,1.1333073294209162,-0.1000579512784706,-0.12893335747405768,-0.11750029386454197,-0.49767161723024883,-0.640674016807455,-0.584687750505541,1
28.0134,7,3.4480982293150353,-0.1001087025625304,-0.04973753416866988,0.10018508091778326,-0.6678047359951259,-0.32881864053833854,0.6677687745148009,1
28.0134,7,8.165609589722267,-0.10000233103948467,-0.41650001063172787,-0.137636845447323,-0.2222077281936135,-0.9257537249971991,-0.30594732583378403,1
28.0134,7,6.469164318055681,-0.09790742031597605,-0.6001544738127459,-0.11890689000059752,-0.15800010158803374,-0.9686507861094964,-0.19170712680447205,1
28.0134,7,1.2023114266486457,-0.10010545713227824,-0.059861895748165146,-0.08994007279270286,-0.6812517000026158,-0.40438014885424656,-0.6102235790725915,1
28.0134,7,2.8407963518453716,-0.10000859396041807,-0.1528121300883859,0.00012633630460576992,-0.5487692976803773,-0.8359737559957543,0.0003704183263497779,2
28.0134,7,1.2475882497580146,-0.10001027511053612,0.0532548215918822,-0.3675464143243404,-0.25994043709418846,0.13844185853983587,-0.9556489004688481,2
28.0134,7,4.502351104610157,-0.10000276380382583,-0.35978305903971336,-0.05877839953720901,-0.26414695160074453,-0.951863304906371,-0.15550767419248146,1
28.0134,7,2.9723814052999225,-0.10000681563938067,0.5170906741947483,-0.043669841759232296,-0.18897310395183778,0.9784989894509207,-0.08263712014787924,1
28.0134,7,1.3224908373997593,-0.10006037684278231,0.08191649712005707,-0.14632719144744694,-0.5127703330060239,0.41891749854112315,-0.7493828894530081,2
28.0134,7,2.6351410622830715,-0.10006900686514421,-0.047578273536152904,-0.045836983550652216,-0.8364556318784959,-0.39558252699029417,-0.3792841154579497,2
28.0134,7,1.7128540932986127,-0.10012586704516437,-0.059383747990610816,-0.10802811149271713,-0.6314138981788917,-0.3740006600799404,-0.6792937475395348,1
28.0134,7,3.8643543000796976,-0.10004729629561342,0.32588731303587387,-0.2610596077315342,-0.2330873899198015,0.7589186644492641,-0.6080400722081724,1
28.0134,7,4.808294148198978,-0.10003012189172315,-0.09803410678126949,-0.1447913206695789,-0.49671615282280723,-0.4861676774058664,-0.7189673518113985,1
28.0134,7,2.66171211200062,-0.100102132306548,0.07634005736691987,-0.06198617785178867,-0.7151269359676843,0.5439239310444391,-0.439021893179185,2
28.0134,7,5.088664121759753,-0.10006650873236393,-0.19184827621537148,-0.040854811791182874,-0.45489805055242394,-0.8710312963599292,-0.18539753063389386,1
28.0134,7,2.3899407432192556,-0.10001791296892386,-0.0393435055182568,-0.22345136810270513,-0.40385362137967895,-0.15976390698848336,-0.9007650895335001,2
28.0134,7,4.1086414704379415,-0.10009967312498855,0.1351642710127661,-0.10080365256413058,-0.5107650837517639,0.6892620193618669,-0.5138452080979788,1
28.0134,7,2.0389558537073706,-0.10008811627791904,-0.18225357882433502,0.06097637215652616,-0.46242121798759217,-0.8408503951526382,0.28131340196749305,1
28.0134,7,1.6912660687182415,-0.10009900648519114,-0.025751414114651063,0.09708924970493402,-0.7062590296434412,-0.18405700194616892,0.6836089547992279,3
28.0134,7,1.7192824685917023,-0.10005727954765173,-0.15942219323012521,0.12698893326791075,-0.4410348895625807,-0.7014945530239001,0.5598157002677945,2
28.0134,7,5.755445882296444,-0.10003154102515344,0.036737464643313955,-0.3722162370009068,-0.2583378609820411,0.0951949585831662,-0.961352936981821,1
28.0134,7,4.51452717796749,-0.1000483352500569,-0.06909854642714794,0.10878836975815886,-0.6146784416496103,-0.42099726310752406,0.6670320215905539,1
28.0134,7,4.169626999022034,-0.1001756088173175,-0.059688042561460604,0.051446485371060724,-0.7871759246924586,-0.4661466166263159,0.40380861233065785,1
28.0134,7,2.6474504582564986,-0.10009642085077831,-0.08804770883515993,0.07859829455885245,-0.6471298674496492,-0.5694851094430133,0.5068625501822743,2
28.0134,7,2.366864356936782,-0.1000676637917429,-0.03525990449123401,0.05984244910869961,-0.8227925882913303,-0.28792774154562384,0.4900101757119846,2
28.0134,7,6.227950600857748,-0.10010644209686925,-0.08160678273497826,0.13791063120478983,-0.5306454499138361,-0.4310421478212473,0.7298068739655641,1
28.0134,7,1.8997385774021753,-0.10018799452122733,0.045972790831001094,0.04184351922321806,-0.85034154090673,0.3926919446946316,0.3503031549676889,2
28.0134,7,4.473962635894454,-0.10006150400558,-0.030636131301772195,-0.04039527567861646,-0.8938497616702465,-0.2688424761583371,-0.35882631811936194,1
28.0134,7,2.1977795473118675,-0.1001121573635338,0.019675477062403524,0.1162020617975956,-0.648057933168269,0.12700099721767022,0.7509272015071693,2
28.0134,7,1.4319350369281962,-0.10015512783179414,0.009875606102314614,0.09509963671577204,-0.7240951116409315,0.07183096870102196,0.6859494013651296,2
28.0134,7,2.221681410874742,-0.1000295471554895,0.11428943340031299,0.05901375430983032,-0.6137616261879965,0.701494207786691,0.36221891538238166,1
28.0134,7,4.657943643683309,-0.10006448956653964,-0.1070206932519492,0.2722775477391219,-0.32290425075043433,-0.3462170423677082,0.8808329038026778,1
28.0134,7,1.1354107013785717,-0.10008066100531034,0.06977116060003491,0.05160323905261955,-0.7557185267824245,0.5286102131191196,0.38660154017277404,2
28.0134,7,5.010865144911949,-0.10004710829441611,-0.4111852901392112,-0.017628788711956243,-0.2361862603052508,-0.9708262969257417,-0.041380570808918826,1
28.0134,7,1.9520544423009167,-0.10015878047097017,0.018643903414146835,-0.035728578059071835,-0.9291532625434549,0.16929022019405277,-0.3286564103307632,2
28.0134,7,4.004585311212734,-0.10010979696663483,0.027092559791844394,0.1605021355914046,-0.5249446214621819,0.14096147000522252,0.8393825161223538,1
28.0134,7,2.146026487181507,-0.1000433254842366,-0.20420356684219448,0.33817499234278336,-0.2454002602451463,-0.5012106732916112,0.8297991162023399,1
28.0134,7,1.5063711877935821,-0.04028472464635762,0.6001044504083651,0.07986975714572735,-0.06611452961303121,0.9890902411853075,0.13164104134363988,1
28.0134,7,1.124614303615287,-0.10007925922733842,0.18316315576592387,0.01123991358959668,-0.47954610165803174,0.8758285210477245,0.054405313195868776,2
28.0134,7,2.1289760176653014,-0.10004456418859772,0.06407766768146604,-0.141559890232481,-0.5434939462979511,0.3479202771737898,-0.7639147930684371,2
28.0134,7,2.149139035044214,-0.10011370744787439,-0.1452236615371557,0.0022083345866495897,-0.567952814040564,-0.8229966464215608,0.010301504854595717,2
28.0134,7,1.2109264122258496,-0.10009931310112177,0.08437169199821869,0.05652722053762915,-0.7017835057175641,0.5918384556779831,0.3965187933546982,1
28.0134,7,1.6830684611269158,-0.10013087542228831,-0.11475614486097886,-0.0284795414089175,-0.6466155761971465,-0.7402266899308616,-0.18426270412981663,1
28.0134,7,2.0782297288734006,-0.10015979749085702,-0.022756593418005715,-0.0532300631940348,-0.8666454029757205,-0.1973434209406811,-0.45823718717764544,2
28.0134,7,1.8816739282098753,-0.10002388722403115,0.04771274123158824,-0.38724883904611956,-0.24804512332676215,0.11846353974835232,-0.9614780322732819,1
28.0134,7,2.9253236223908874,-0.10010344135458774,0.06030138954472246,0.020226131021328562,-0.8446798309946294,0.5086217144587428,0.1667930894609649,2
28.0134,7,4.031800771417883,-0.10005723377080084,0.032312686912889764,0.11334013965128892,-0.6479989307182578,0.2085840434631422,0.7325230935612616,1
28.0134,7,3.8797931941706962,-0.10013133635984411,0.06948254290637458,-0.008211582878907856,-0.8200617552232855,0.5679865226946534,-0.06992873270223071,2
28.0134,7,1.1124276511123776,-0.10002774736164252,0.015000500767773607,0.05544371880816636,-0.8694852532619924,0.12854757374964024,0.4769391110435479,2
28.0134,7,1.7618919589713236,-0.10010722320139583,0.054973815516220534,0.08358903875782867,-0.7093012845606033,0.38578565267032605,0.5899670481598177,2
28.0134,7,2.173883886813954,-0.10004824810292715,-0.08330019113044056,0.21871878921110918,-0.3922243200575396,-0.32739546408521597,0.8596349765172582,1
28.0134,7,2.9129729839206817,-0.08856645633303466,-0.6000692650099932,0.04922099276871814,-0.14520477610332128,-0.9860898846640455,0.080884561938815,1
28.0134,7,6.597491503337555,-0.10005712150049687,0.17564458714823794,-0.33423662138006294,-0.2562610131650699,0.4496872517376417,-0.8556352428203615,1
28.0134,7,1.9437132579761485,-0.10017782924607553,0.04934845012740885,-0.03443311360519824,-0.8578649297554578,0.42267322390820994,-0.2922586321850968,2
28.0134,7,3.376668053076331,-0.10007688347564278,-0.11271457576992881,0.04118090931512238,-0.6414914961046796,-0.7209928212182158,0.2620267394316426,2
28.0134,7,6.3949554624028755,-0.10007256296413612,0.06394439839543253,0.26996793134536884,-0.340069634677968,0.21688652100513106,0.9150480209127193,1
28.0134,7,4.67583881252158,-0.10007039519069959,-0.19097290407326292,-0.053706371443144434,-0.45082523794496254,-0.8592021721778509,-0.24192608821028522,1
28.0134,7,2.027194386183679,-0.10013472663143412,-0.006107569884941502,0.03207122323407906,-0.9522571744005707,-0.06028008041293681,0.2992867950779845,1
28.0134,7,4.772123379156075,-0.10005891264456471,0.16601726677423992,0.06398452003108038,-0.49069342613819694,0.8132043833168066,0.31291946647514635,1
28.0134,7,1.0241131660433223,-0.10005712504219187,0.006045884394000419,0.01561941841738741,-0.985855078840529,0.06375754677349268,0.15499915726790295,2
28.0134,7,1.2248561455395135,-0.10000605222039351,-0.29856696154937495,-0.06996733642992951,-0.3093608404139704,-0.9258616588842172,-0.2169701800398554,1
28.0134,7,1.0049982537923776,-0.10007563643587657,0.044073068223353745,0.11145186168240971,-0.6415526493166446,0.28018391688010297,0.7140778465101112,2
28.0134,7,5.669215675764498,-0.10003153538958659,0.08954995917266098,0.16454752807671438,-0.47119911478741244,0.4213196056667472,0.7748943051180436,1
28.0134,7,8.676827530328941,-0.10004432551521428,0.1724426118485274,-0.1966597119722578,-0.35781238611006994,0.6157796807386005,-0.7019869522545882,1
28.0134,7,3.720001276753448,-0.10007002436814609,-0.09127912210356104,-0.024399356419254108,-0.7293572408872696,-0.6614373583825297,-0.17475307179346,1
28.0134,7,3.7367278203156737,-0.10000083608921287,-0.09500652611832244,0.05518496662849087,-0.6740478912905771,-0.6386849814814785,0.37113465841488036,2
28.0134,7,3.0575590426707557,-0.1001625536076982,-0.018879145203003937,0.0173557530381575,-0.9697072629476887,-0.17684172311615165,0.16850765309567547,1
28.0134,7,1.2558760480354385,-0.10010070658602832,-0.0017199212207235346,-0.08126458784234107,-0.7773534407636459,-0.016682990820422766,-0.6288428308808224,3
28.0134,7,6.02344510317557,-0.10011575616293825,-0.013696674277993742,0.13994747329231552,-0.5815632769391784,-0.07876632664065822,0.8096789615046829,1
28.0134,7,2.612704874029127,-0.10005004051422527,0.024260204006367234,-0.18477407109793756,-0.4727390888914844,0.1147146679710523,-0.8737037820602245,1
28.0134,7,3.9329108978083975,-0.10005562292043159,0.2378389983427984,-0.08320534263694405,-0.3706601311011974,0.8767487028493037,-0.30646823532644746,1
28.0134,7,2.346935991450457,-0.10002866695439493,-0.08711504286291168,-0.10906139060780606,-0.5818862198850349,-0.5075688532038481,-0.6354386566500619,1
28.0134,7,6.083750852166098,-0.10004829006462372,0.17799002990540247,-0.028523338397564078,-0.48553104472603026,0.8631133653909492,-0.13890616649652168,1
28.0134,7,1.0799981954246671,-0.10006505893733443,0.0406412770012752,-0.050094939653353376,-0.8424838701067728,0.33999736440420436,-0.4178788350803486,1
28.0134,7,5.770805898130167,-0.1000532588760858,0.017672747536335014,-0.1318104307788809,-0.6020074100098005,0.10643446115344156,-0.7913651393460976,1
28.0134,7,2.7221862668350503,-0.10001081942326218,0.11047614777608467,-0.03580559746621869,-0.6529303785963542,0.7206011729819286,-0.23327209478008795,1
28.0134,7,3.283250652088799,-0.1000285965793609,0.11362038232218628,-0.06726740764526147,-0.6051978021764297,0.6848911260080179,-0.4057829047117293,1
28.0134,7,1.0390365606741987,-0.10002333304685788,-0.05189291150281184,-0.08701981000135363,-0.7035133819859134,-0.36409854428293137,-0.6103287404487786,2
28.0134,7,2.4954999964791065,-0.10004964141924971,-0.07240138181418,0.2673555095674539,-0.3404020207093467,-0.2455355647430853,0.9076556344469459,1
28.0134,7,2.266045786146726,-0.10007218356688877,-0.05699296656329749,0.04226052891241558,-0.8169990735195946,-0.46457085811498733,0.3415939572920288,2
28.0134,7,2.09030015711895,-0.10001452725642149,0.1394801361670386,-0.4089467077088054,-0.22544884964430215,0.3146388164519939,-0.9220494733883586,2
28.0134,7,4.288517867033842,-0.10013966982976534,0.11257801352312909,-0.024949653477621497,-0.6562377075575717,0.7366501282211468,-0.16339724529915084,1
28.0134,7,2.6155965306207385,-0.10004285850994314,-0.3268186842646678,-0.15632891929518225,-0.2657769016864837,-0.8696632862350494,-0.415990873823919,1
28.0134,7,2.306834299219626,-0.1000101160976266,-0.3489026022456393,-0.1352049838360567,-0.25816219760661774,-0.9004546458595426,-0.35004815451147203,1
28.0134,7,3.104409040211438,-0.10000863869317848,-0.09504427306292815,-0.1009136423269896,-0.5854583472142438,-0.5559180550439643,-0.5900793503871338,1
28.0134,7,8.266330155385546,-0.10006128909212028,0.2992457323300229,0.10760147983579593,-0.3002337986847937,0.89758877275775,0.32279104873979286,1
28.0134,7,3.4258134286745667,-0.10007722059059364,-0.1818497746536863,0.19980442732018427,-0.34743382987173727,-0.6313109572129567,0.6933514326541175,1
28.0134,7,3.7281047355491,-0.1000298509353905,-0.2399109715592837,-0.12431824805629603,-0.3473785236999325,-0.8325647428946125,-0.43146739177008886,1
28.0134,7,1.6347582964338685,-0.10007887742725682,-0.06638985909027514,0.14489299960275953,-0.5311203355308248,-0.3529438969193997,0.7702868263270328,1
28.0134,7,2.557226899681474,-0.10009984956018954,0.052996434099379756,-0.12998833939583712,-0.5821802228821324,0.30663071939050274,-0.7530231005825608,1
28.0134,7,1.1487106550222783,-0.1000392658712126,-0.08211781771430542,-0.07674919165229858,-0.6653600472825703,-0.5462484009648859,-0.5088307104759315,2
28.0134,7,3.571261868508214,-0.10006358059714202,0.08242999450646821,0.1570614143056768,-0.49181514190535136,0.4045887575200504,0.7709901448663279,1
28.0134,7,3.5537359883933752,-0.10006368983923657,-0.07688362735044507,-0.2120302438832145,-0.4054419488561938,-0.3115260488529652,-0.8593999924329483,1
28.0134,7,1.3797697743735662,-0.10002526563915766,0.003606386018130229,-0.04777257054932292,-0.9028600383004391,0.033855962455697504,-0.4285994925875765,2
28.0134,7,4.971741561685781,-0.10012202109399135,-0.05987955942631352,0.04789863202198672,-0.7953588043116662,-0.47416113493722883,0.3775918305776171,1
28.0134,7,3.033574624229782,-0.10008658163936232,0.07180104957151424,-0.023194962204435447,-0.8003374918052854,0.5697565615220616,-0.18664768901163015,2
28.0134,7,1.6598034877210073,-0.10012502366213342,0.026292599905164474,0.05057672935767348,-0.8707804686247783,0.22500528255669627,0.43716587044643934,2
28.0134,7,2.302300432738072,-0.10006244428010465,-0.014633414630953762,-0.15359855793711483,-0.5440101896476205,-0.07949949293497194,-0.8353039830999506,1
28.0134,7,1.8975467722456036,-0.10008392820147956,-0.046815793413041,-0.11145597641146517,-0.6381122381510794,-0.2995816469360084,-0.709269771201994,2
28.0134,7,7.524629148001659,-0.10005688050100339,-0.10510489173547577,0.24665824188890384,-0.34992153523792546,-0.36764284516429135,0.8616226886382682,1
28.0134,7,1.1269659662447586,-0.10005155960543065,-0.11080628387166694,-0.06814773233267281,-0.6112809465404451,-0.673991893842745,-0.4148138515417337,2
28.0134,7,4.215187303858381,-0.10013997261902038,0.1113011941119699,-0.04669755448626431,-0.6390110176677795,0.7092015689620798,-0.29782218500459917,1
28.0134,7,4.423665707977454,-0.10005528470217055,-0.27376418549514436,-0.20043539498755025,-0.28288864515443113,-0.7739362019171989,-0.5665657682958539,1
28.0134,7,4.369618277974374,-0.10005027134833397,0.3104404084974742,-0.16257045569924145,-0.2750508269896307,0.851804249715041,-0.4458436527973863,1
28.0134,7,1.9437284956525167,-0.10016133536366838,-0.07263109755552244,0.013003769651985894,-0.8067828346759012,-0.5812738806372668,0.10593457113336524,1
28.0134,7,2.2589283412044354,-0.10010655608996283,0.0373199317256089,-0.13503427428194748,-0.5815353917951618,0.21671147793774273,-0.7841254513275837,1
28.0134,7,3.0188420605279664,-0.10004226936285372,-0.18858581644348368,-0.1475090602306061,-0.3853262657243309,-0.7268434077628121,-0.5685264545601065,1
28.0134,7,4.454591641405439,-0.10010002425216741,0.015694544027627825,-0.14730903890440175,-0.5609119649568202,0.08875466662111504,-0.823104110499549,2
28.0134,7,2.635390107146435,-0.10013016337108024,0.01970186891535711,-0.04552796760581372,-0.8978289955657554,0.17324884280621172,-0.40483074634678595,1
28.0134,7,1.3854356093599962,-0.10016493947013741,-0.08103157521660935,0.029684121432400613,-0.7591055251365473,-0.6103949782966822,0.22622283743548044,2
28.0134,7,3.616828950320468,-0.10002353555015857,0.006936241729674342,0.17236404063145747,-0.5019347692249455,0.03447993213384733,0.8642179249027099,2
28.0134,7,3.5762089127418717,-0.10003536225135692,-0.1061489706507149,-0.10334500873432191,-0.5596092816872832,-0.5937243147825552,-0.5782118036545332,1
28.0134,7,3.0624088390772046,-0.10012771355837816,-0.049299787752326615,-0.08727666746723739,-0.7076670438089446,-0.34974096419644973,-0.6139125451313462,2
28.0134,7,4.196811318738137,-0.10000210465443064,0.20230501581591867,0.0017870771959825485,-0.4440497473607485,0.8959547940456731,0.009210260334603008,2
28.0134,7,1.1405710251784793,-0.10011511513626722,0.10111377891659863,0.09514943601461343,-0.5859636738856051,0.5909903501571065,0.5544158898405281,3
28.0134,7,2.1911388966284506,-0.10003083052461535,-0.11200853251561492,0.1019020496285276,-0.5515672193817585,-0.6173843579643995,0.5609012007870562,2
28.0134,7,2.065065155305397,-0.10005264434479592,-0.1616736899899236,-0.0484318536494348,-0.5107153831883364,-0.8237820370408274,-0.24607509590296964,2
28.0134,7,1.7354787844108863,-0.10018588466373186,-0.02396560771783304,-0.011890214579164046,-0.9655985712685629,-0.23175417940639179,-0.11793811721313938,3
28.0134,7,1.5349870311579845,-0.10005829116470484,-0.09807666037061913,-0.03926019512211966,-0.6873715909920365,-0.6742880139096862,-0.2699184510084624,1
28.0134,7,1.3470530905739773,-0.10006294682390962,-0.04384512563247776,0.006319499463671576,-0.9158046054931254,-0.39762586057982346,0.05652963431454315,2
28.0134,7,2.353491810540569,-0.1000656060534617,-0.23455437210102836,0.13116750692615328,-0.34844953562506975,-0.8180956579751054,0.4574958092976946,1
28.0134,7,1.2376024588909307,-0.10001382492717639,-0.183553672423936,0.2970411461831165,-0.275266329663616,-0.5053394251565471,0.8178389286014527,2
28.0134,7,1.8640034865086108,-0.1000825688883082,-0.05440988082697038,-0.03300975958402471,-0.8457689197493715,-0.45442426661333696,-0.2795952794646435,1
28.0134,7,1.7889573129928396,-0.10004368098048565,-0.06491321922400452,0.16735944300213462,-0.4876318547128358,-0.3173829556388652,0.813316195424177,2
28.0134,7,6.020974313660658,-0.10000829956338836,0.10699316208814101,0.3966676297126604,-0.23638809836256877,0.25292679544160507,0.9381624076353566,1
28.0134,7,1.1684152478474044,-0.1000413147132217,0.026636313130927926,0.04415524421413431,-0.8903132798670479,0.23341294925403314,0.39097398738651906,3
28.0134,7,1.5136838887512973,-0.10004345652368564,0.043928905571840725,0.06419610462286737,-0.7897998054599553,0.3461822421451437,0.506334002925715,1
28.0134,7,3.712991611371492,-0.1000606884678344,-0.24396794394768873,-0.14016456417087095,-0.33459085674039324,-0.8171100076611706,-0.46944668916256266,1
28.0134,7,1.410384972216856,-0.10003108879282462,0.2200944454431441,0.5454177286998738,-0.16753701562605025,0.3689278851113434,0.9142338672256614,2
28.0134,7,1.8507851867074843,-0.1000345565723267,0.22965640402516202,-0.17182334768237442,-0.3287741601945925,0.7561887170329267,-0.5657615892055919,1
28.0134,7,4.766054082262771,-0.10013417334839668,-0.00981460966304299,0.015827205612354248,-0.9834362536846925,-0.09160869910944028,0.15640006773046167,1
28.0134,7,2.5740038566686647,-0.10017843077056422,0.051529349540038856,-0.050443127678680144,-0.8121155972441692,0.41592844460055334,-0.4092331678699944,2
28.0134,7,1.5453833790725142,-0.10008778676245364,0.15693195914456143,-0.07299405863176407,-0.5014500778286003,0.7842602281517946,-0.36535423082945895,1
28.0134,7,2.2331419527092433,-0.10003767299473726,0.2001626826044734,0.36280233647214094,-0.23424176804192198,0.469630290310052,0.8512215836830566,1
28.0134,7,3.63263765837918,-0.10006804886940528,0.21924020582333462,0.01533877624324725,-0.4144578191482313,0.907872611331983,0.06318257465581946,1
28.0134,7,1.10099448270431,-0.1001295689550201,-0.10965665730396157,0.032022218715756626,-0.6597702851272967,-0.7213139720363672,0.21073520021146136,2
28.0134,7,6.137470548649787,-0.10007574802167409,-0.18071895302931362,0.14867031962953445,-0.3945404506813491,-0.7099624451268729,0.5833448030844453,1
28.0134,7,2.756874243817516,-0.10001863113198403,0.06545404355919057,0.1763053400593783,-0.47039597127614796,0.3067589643667896,0.827421638578412,2
28.0134,7,2.834130932371427,-0.10003828241716872,0.074305215678408,-0.35381777186938584,-0.26651020115564283,0.1980931796145245,-0.9432557473295281,1
28.0134,7,2.206144862110564,-0.10004379867481204,-0.4587530708971554,0.10143191998633856,-0.20833174456772433,-0.9549786102714678,0.2112196442789937,1
28.0134,7,1.28313342007743,-0.10003677413245615,0.05205652295520338,-0.013156203437404968,-0.8827702719804904,0.4557569631933745,-0.11402735377199734,3
28.0134,7,2.306464084765789,-0.10006505028321308,-0.056524522961197345,-0.143598773374703,-0.5435343346466551,-0.3074448196272821,-0.7810557662193949,1
28.0134,7,2.528763562782746,-0.10006712304081371,-0.08815552089229543,0.20343790679110396,-0.41109596028507356,-0.36245237586508466,0.836437915608235,1
28.0134,7,3.4288716965568007,-0.10008502420774198,0.13800248067122564,0.16408749116675858,-0.42306665671514354,0.583339867325633,0.6933463803643772,2
28.0134,7,2.369706957486789,-0.1000523451568924,0.07228109849879466,0.2748255260802095,-0.33208133576763865,0.2396110670539386,0.9123094447500004,1
28.0134,7,5.000510256964611,-0.1001167858851382,0.06418118345035163,-0.06398005807328357,-0.7421739056667296,0.47430873995496076,-0.47350724698755137,2
28.0134,7,1.2600399103494049,-0.10003640338050142,0.06704529011263533,-0.1571973152839164,-0.5048230758894077,0.33865318819302764,-0.79401994948254,1
28.0134,7,3.359318435457618,-0.10007279273430679,0.06412905754441556,0.1809357752085846,-0.4628007838477906,0.29656298418770666,0.8353836429327263,2
28.0134,7,1.9454164116336392,-0.10005673016745813,0.13681885208719474,-0.2777797859915722,-0.30763077867765026,0.42112983704663715,-0.853236757505943,2
28.0134,7,7.490246083076888,-0.10003040914491987,0.160442523300475,0.11400424220339858,-0.4537435413967335,0.7262548610275951,0.516401660991267,1
28.0134,7,1.4798138184024634,-0.10013891787251729,-0.008767008042692225,-0.006844490316488412,-0.994677991006962,-0.08149185021710548,-0.06304579727901888,2
