28.0134,2,3.341827115973283,-0.1001118930634518,0.1358887371143051,0.07434744986131746,-0.5435857276675525,0.7363296052839434,0.40290603005977654,1
28.0134,2,4.005540290141534,-0.10003749798012035,-0.0856879190254509,-0.1002467752019469,-0.6053357651198242,-0.516581578425425,-0.6055675720332896,2
28.0134,2,1.5761192425465693,-0.10010526642846618,-0.05963028043206599,0.03766642979916257,-0.8174019419408328,-0.4870396589423193,0.3076466088366723,1
28.0134,2,2.7403022816026286,-0.10005172743423679,0.07076974094571219,-0.09859381270958927,-0.6362734189184668,0.45004372438920714,-0.626591399969467,1
28.0134,2,1.1782207307481483,-0.10007345976162235,0.0936427450286636,-0.039274870471356776,-0.7030735930589692,0.6563355980443398,-0.27369893219179714,2
28.0134,2,5.0158695211495665,-0.10000620565937113,0.3398491578740676,-0.17091049460903787,-0.25422100031859496,0.8640980439361988,-0.4344033304000418,1
28.0134,2,3.2139785519280313,-0.10008951776856116,0.008258247953299816,0.07324036538706592,-0.8066371468366567,0.0667958054134654,0.5872604479465516,1
28.0134,2,5.329146066821039,-0.10008262227970385,-0.10443875826927167,0.15492971721859455,-0.4727824464461816,-0.49334165730779334,0.7301306509777297,2
28.0134,2,2.303099433530164,-0.1000422986179063,-0.0963886539696629,-0.19123086420312765,-0.424215705595142,-0.4073123451199743,-0.8087877896205424,2
28.0134,2,1.4840333263391023,-0.10005704339408196,-0.0031279198545303383,-0.11546668082646855,-0.6548605458948543,-0.023701448828408706,-0.755377989323046,4
28.0134,2,3.2287643438882037,-0.10003817719024795,-0.16264338714088106,0.060370109444180205,-0.5006588952159076,-0.8114667557706368,0.3014338649194294,1
28.0134,2,6.469719995312042,-0.10008743104555434,0.1269799740460889,-0.07307187455353764,-0.5648851524817854,0.7151833979107499,-0.411603537227833,2
28.0134,2,4.407223450610869,-0.1000006654609176,0.03757878013026612,-0.03603131702623931,-0.8889334245961958,0.32978663226990657,-0.3178649773280365,2
28.0134,2,3.3612823007121255,-0.10006140548400703,0.03243048580735475,-0.11970723362483578,-0.6285833597416326,0.20249384777538212,-0.7509189047221023,2
28.0134,2,3.069707583397866,-0.10009329682217771,0.14467112879818872,0.028247005508864446,-0.5626481730357026,0.8114257603601007,0.15816215983483095,1
28.0134,2,1.0765593712164008,-0.10015875353339818,-0.030789564529088743,0.03199908731285584,-0.9153904800710206,-0.28133644266489327,0.28794109644857846,2
28.0134,2,4.6577935000944,-0.100045764946388,0.09426220070023367,0.006680159431695653,-0.7284330741676642,0.6833661679213072,0.04894830946206604,2
28.0134,2,1.5926960966028614,-0.10003349702622726,0.05379092126243735,-0.05861394789433882,-0.7829546138662711,0.42067219875972234,-0.4582760890731473,1
28.0134,2,2.455723991712833,-0.10006037712751603,0.029045672638754634,0.09689378814817481,-0.7041816000534866,0.20592977062872148,0.6795007017766159,3
28.0134,2,2.8220939183489953,-0.1000334180895445,-0.1420543337089595,0.20093100621987992,-0.3770174871308396,-0.5346981531231643,0.7562775280571441,2
28.0134,2,4.605793415432849,-0.10004652448228289,0.09636812212194129,-0.1593699487167452,-0.4747546137320375,0.4558555343874213,-0.7528637250581958,2
28.0134,2,1.9818309939793515,-0.10004325933348321,0.07972352348545295,0.09424546765121464,-0.630434983909441,0.5003074778529774,0.5935016079738079,2
28.0134,2,2.8728274988370486,-0.10005537086531012,0.160582867911173,-0.10594196416528705,-0.46128577211105104,0.7405991816681048,-0.48859828955947543,1
28.0134,2,1.7155119638561855,-0.10010637245968647,-0.084633817903676,0.0246101622684883,-0.7508282802793145,-0.6341932735395069,0.1845420963630016,1
28.0134,2,1.4718170903460248,-0.10000765292250964,-0.1017290380802956,-0.03733164723643417,-0.6787063773174814,-0.6895852171619655,-0.25264576319476567,1
28.0134,2,3.0672718580337217,-0.10012997650593082,-0.07247337763378547,0.000990308926237511,-0.812685404324368,-0.5825905543997641,0.011431514436604897,2
28.0134,2,5.1929730076912595,-0.10006998584354691,-0.1127517027496609,0.11856293005437012,-0.522625653370498,-0.5874911960923186,0.6178321138894263,1
28.0134,2,2.008615073200382,-0.10007962859652567,-0.03169921477693952,0.012608654803916234,-0.9472670572521871,-0.29776938668727115,0.11839980826280197,3
28.0134,2,1.931760807424921,-0.10006145859201125,0.10409062491967296,0.028394895721995075,-0.6811056689539217,0.7064773466223966,0.19231439475039075,1
28.0134,2,1.4995351382957065,-0.10013232371309604,-0.019942128405543887,-0.06710603732761852,-0.8210820107160575,-0.16218693018191704,-0.5472839586143942,3
28.0134,2,1.6469465997508093,-0.10001777299098197,0.06337746997351634,-0.040951473372764204,-0.79940221184772,0.5057514742494796,-0.3243016342657731,2
28.0134,2,2.0180073464017383,-0.10007588025705931,-0.03322430212729464,0.04406936916269898,-0.8771450717339943,-0.28979223607071103,0.38293208672805595,2
28.0134,2,2.4144431403710462,-0.10001263954513087,-0.10265405169390875,0.05203468852507641,-0.6568091673543659,-0.6727598265998685,0.3405817572809494,2
28.0134,2,1.1729303659872008,-0.1000740943078501,-0.2576217314977751,-0.0965904888090977,-0.3414547388470805,-0.8800739082555423,-0.32996753980761095,1
28.0134,2,2.185670732242967,-0.10014919531535098,-0.08948368298856946,0.06664445557997124,-0.6686846929374476,-0.5964115830738277,0.44402027544530265,2
28.0134,2,1.3929141772306017,-0.10007409063034572,0.11560617689687057,-0.04025212752905304,-0.634962387084634,0.7296566000545641,-0.2538188586070734,2
28.0134,2,4.900724578799194,-0.0881886016788296,-0.6000377712840157,-0.18531515375681448,-0.13881404396284486,-0.9462200403961855,-0.29222986902663206,1
28.0134,2,1.6574036883037186,-0.1000670430452639,0.022639047521153952,0.07939744014139515,-0.7718619618095787,0.17720290051084658,0.6105966295043,3
28.0134,2,1.2437432043004957,-0.10010582439336094,0.04860119260105452,-0.0361631745333796,-0.8566057099935477,0.4127273751867155,-0.3096494330334457,3
28.0134,2,2.8114578964564196,-0.10007720354256043,-0.10987555853106118,-0.04745066243473308,-0.6421408628592125,-0.7042427895111719,-0.3028154647106875,1
28.0134,2,4.1519928146322265,-0.10004188301876646,-0.11912757191247479,0.20374211467265627,-0.39040404983612176,-0.46488183798993576,0.7946505864709685,1
28.0134,2,1.9618542063535578,-0.10015352318466104,-0.04021344311144757,0.06057364278453704,-0.8107078643442553,-0.3243679220715061,0.48737891811340156,2
28.0134,2,3.1510357588496265,-0.10008364665854462,0.07812576376936496,0.040580034464502264,-0.7522965596759126,0.5852651738060648,0.30251373957151595,2
28.0134,2,4.291656007352456,-0.10002076354172292,-0.03214316058357142,-0.21861136299397865,-0.4128622005663406,-0.1321322535168151,-0.9011580721072674,2
28.0134,2,4.468550955788502,-0.10012562148464331,-0.040226667922351765,-0.115753502822473,-0.6335383834603588,-0.25369793986260447,-0.7309353405000373,2
28.0134,2,1.9203014184506004,-0.10014075866655203,0.06798973578932663,-0.09909966580599248,-0.6412233890710661,0.43514611364853106,-0.6320446385223085,2
28.0134,2,5.0280133202775374,-0.10008017667835657,0.10105567372716541,-0.16506478108932868,-0.4601587556396485,0.46315379970164117,-0.757457904724812,1
28.0134,2,4.679629824912508,-0.10002403635274029,-0.06615330623117137,0.18453661510118038,-0.45587558220611246,-0.30055020508572594,0.8377631095788154,1
28.0134,2,3.954790904257708,-0.10011023526162664,-0.0518533678161392,0.09456319432446147,-0.6813071782055405,-0.3518475018496424,0.6418908508210488,1
28.0134,2,1.9586399920719433,-0.10000945639659374,0.016313299408719048,0.11233287607682917,-0.6616350958254592,0.10894578859112058,0.7418691361151875,2
28.0134,2,1.0819409859543978,-0.1000226756720094,-0.08548967664530452,-0.03862795505702142,-0.7313460611684917,-0.6221103871655292,-0.2794845344452682,2
28.0134,2,4.31381791706125,-0.10009591803717538,0.04952463561049952,0.09847539271779927,-0.6729444716393737,0.33291459239499177,0.6605403941171811,2
28.0134,2,3.757738728231873,-0.10013297463201203,-0.1212392085966021,-0.004158922664174976,-0.6387797428696631,-0.7689350135481863,-0.026445888886890104,2
28.0134,2,2.810752588179915,-0.10010295412529643,-0.058300585508799414,-0.034073384760475806,-0.8296616110127555,-0.48260878612481173,-0.28062496461800174,2
28.0134,2,3.2621552100652713,-0.10013298172088897,0.06843257619281058,-0.10179626875238851,-0.633817127054897,0.432630600666008,-0.641175960886905,2
28.0134,2,3.1921841618787656,-0.10011080308823714,-0.061292655680364974,-0.06400142396951579,-0.7495965094889157,-0.45958125176918163,-0.4763298709763078,2
28.0134,2,1.4436754909630791,-0.10010674258195063,0.09961878302042348,-0.056750998961677845,-0.658965362512734,0.6537996805676131,-0.37190136958358766,2
28.0134,2,1.7322462114671,-0.10002746354566432,-0.061815077864558685,0.07404715706428756,-0.7204410898255046,-0.4467135672619509,0.5304824454354187,3
28.0134,2,2.3402016183308487,-0.10000298595118225,0.07880179492068486,0.15842890779192528,-0.4917069531307167,0.3877909447495018,0.7796425177048749,1
28.0134,2,3.006431636346191,-0.10004219362479506,0.08329769453937674,-0.21294588286252106,-0.4009193918504167,0.3337304066820621,-0.8531633236925493,1
28.0134,2,4.940892970701139,-0.10005874532435403,0.2649605541756918,0.1749168341007322,-0.3008191774169834,0.7960624009275883,0.5251594770425201,1
28.0134,2,3.8444380002800185,-0.1000455414724721,-0.0036516017742047476,-0.05730893101117395,-0.8685632556952182,-0.032155084411873466,-0.49453404473563645,2
28.0134,2,1.127679577258807,-0.10015148658799693,0.03844274879363607,0.027320756568710962,-0.9061834239631587,0.34765702296683265,0.24076170068398633,2
28.0134,2,1.3889246265049906,-0.10003593460856518,0.0899032597010754,0.01415686821167029,-0.7393688529825178,0.6651051025342609,0.10473252514002845,1
28.0134,2,3.2873367465094785,-0.1000424277560014,0.1719422530111635,-0.17753131637536076,-0.3748391097035512,0.6449851773505887,-0.6659502705417867,1
28.0134,2,1.2304227471751896,-0.1000639243791237,0.022492019420482498,0.10329921237369605,-0.6878495809251548,0.15508944446693773,0.7090911212503126,1
28.0134,2,1.2427864424740684,-0.10001076063559736,0.0028345489722421606,-0.17607982457294605,-0.4942229942194705,0.014920297954019834,-0.8692071195599496,3
28.0134,2,5.984425356376023,-0.1000053912168959,-0.061686713866341426,0.3063715601796094,-0.305087484448696,-0.18832269595356999,0.9335181781955539,1
28.0134,2,5.340217382473411,-0.10008027524812348,-0.028619051887966162,-0.0655151150240315,-0.8150753046361793,-0.23172405571122298,-0.5309954894130287,2
28.0134,2,4.301735859265508,-0.10007755957006309,0.1073806122230959,0.11901065300448074,-0.5302322749472784,0.5671037008551695,0.6302754374720662,1
28.0134,2,4.046970385008396,-0.10001745119381288,-0.292624594314554,-0.0017172432065247012,-0.3233824351521797,-0.9462520619805149,-0.005553002131300569,1
28.0134,2,2.6101563503619505,-0.10000871410569895,0.13719093124804888,-0.07671018978591931,-0.537491244425628,0.7364035996901102,-0.41086847108197266,2
28.0134,2,5.949680821440357,-0.10004115307221016,-0.10127183998034216,-0.21073134510967553,-0.39390653685327154,-0.3981752805335328,-0.8284286850395179,1
28.0134,2,1.6298611933259803,-0.1000393421017206,-0.05150665730103616,-0.029261981970464836,-0.8631504015730931,-0.43967049076669323,-0.24831682144627917,3
28.0134,2,3.928561891897604,-0.10003974709078059,0.04986950803535178,-0.1310965332462958,-0.5820958770132465,0.29117122036175397,-0.7591993877745336,1
28.0134,2,2.58833964642469,-0.10005711860487813,0.16313632827450203,-0.0769052556849777,-0.4854744107692845,0.7907857507549128,-0.3727901459148369,1
28.0134,2,1.3123310696261563,-0.100042660668454,0.048730918523558465,-0.03220250611776744,-0.8639919122033027,0.4189223106036472,-0.27932431567226984,3
28.0134,2,2.6519539305850137,-0.10010331861195494,-0.0074373792099270124,0.06991079637193054,-0.8198960244294629,-0.06098574685017358,0.5692549936591582,3
28.0134,2,5.180864061372587,-0.10006940981305788,0.12699242352516818,-0.0409327707880551,-0.6005741621814793,0.7608127438690743,-0.24591592971262535,2
28.0134,2,2.0763778543661138,-0.10009616440777033,0.08644663840021843,0.07232824177050827,-0.663965793242343,0.573502176712994,0.4798381797122068,1
28.0134,2,1.1502717996477045,-0.10001667359847174,-0.02849885395127575,0.08078880233250758,-0.7607915162351423,-0.2160505279666522,0.6119791158119402,3
28.0134,2,1.9009228004109928,-0.10013300468377966,0.11989225631492503,0.002633798514391313,-0.6406364271274918,0.7676591529406316,0.016863959908454698,1
28.0134,2,2.225335909989967,-0.10002109273082609,-0.004403795066503486,-0.02026800664146463,-0.9795938733174447,-0.046302422306869435,-0.19558100380006985,3
28.0134,2,1.1361444942174794,-0.10004246606183588,-0.010010006869735747,0.16357386492067127,-0.5212850565306448,-0.05199958192419209,0.8517968850128249,2
28.0134,2,6.315241729039754,-0.10007620869196912,-0.03415513971243118,-0.07831540984752593,-0.7614907282248672,-0.2602237128826556,-0.5936459298951913,2
28.0134,2,1.6102861930902583,-0.1000930304300858,-0.01568511478286783,-0.006833857187062576,-0.9859344653897004,-0.1522626759247241,-0.06891521948719476,2
28.0134,2,1.4160660076246834,-0.10008076729571316,-0.021476609239307182,-0.011916614407886725,-0.9711434267778001,-0.20854416908104167,-0.11571419173364215,1
28.0134,2,2.9236709972443626,-0.10012590851685078,0.05978993143287809,-0.10871077985356815,-0.6282970287099898,0.3748816516748228,-0.6816939129490268,1
28.0134,2,3.9071566922974457,-0.100080269551913,-0.16788853879623797,-0.19574336296562908,-0.3620790500825485,-0.606831954093623,-0.7075688948662415,1
28.0134,2,3.339370768029126,-0.10015654668638148,-0.07957175007178145,-0.05388646073222973,-0.7226470607961395,-0.573092760520787,-0.3864529898465852,2
28.0134,2,1.28156912742348,-0.10004504014272647,-0.1035968965612998,0.3846763776760026,-0.2433807791417606,-0.25223599635909894,0.9365590202892087,2
28.0134,2,7.403315463793663,-0.10007290578282978,-0.051689460433357516,0.20608610687582957,-0.4267556065775509,-0.22006355605709269,0.877183950805151,1
28.0134,2,7.000347976573145,-0.10000751864856776,-0.21969985474103393,-0.10974840708966212,-0.37752630767774426,-0.8283515131944958,-0.41389329252791496,1
28.0134,2,1.3916106962999466,-0.10013816270548574,-0.010655624627088169,-0.06292335011137869,-0.8435994611186592,-0.089236677607135,-0.5295061515883911,1
28.0134,2,1.8346997585536309,-0.10013470819493746,-0.061647125498065024,0.0390033954289177,-0.810093485429398,-0.49708529090198994,0.3108934840644521,2
28.0134,2,2.879964497022319,-0.10012983633998634,-0.0000712850938753509,0.10915125591900632,-0.6771710698586972,-0.0005134817716788698,0.735825440225396,2
28.0134,2,4.836033520436059,-0.10001636699524305,0.395796234881062,-0.5281779170644718,-0.14969655365983056,0.592954401498884,-0.7911991023538067,1
28.0134,2,5.064939704054583,-0.10000637238319181,-0.21420537931963496,0.04740459237652219,-0.414953585631458,-0.8882691098126161,0.19695560495781556,1
28.0134,2,1.0066489897658824,-0.10014936021667076,-0.00033710149273024845,-0.05182230812823759,-0.8889640959589905,-0.003779959437882619,-0.45796129531049107,2
28.0134,2,2.499387710500055,-0.10002851405753414,-0.09967998802584975,-0.1583751724861486,-0.4718820266697127,-0.46973437754622627,-0.7461078792355327,2
28.0134,2,1.8817224381959152,-0.1001248671821034,-0.09901575370029152,-0.05814054612449099,-0.6587669337872695,-0.6479921595116778,-0.3822725312652109,2
28.0134,2,1.466272631023177,-0.10015378838300919,0.023181007679669012,-0.032360270149035836,-0.9296290676483338,0.21739603314602013,-0.2975378318057461,2
28.0134,2,2.1331684386182066,-0.10007774547229573,-0.08540169112477893,0.08734834781548785,-0.6360275965848641,-0.5393671293889317,0.5518622981480298,2
28.0134,2,7.127991129816334,-0.10000663386993296,-0.01187711184467647,-0.11837746256825543,-0.6446015534008236,-0.07662240645548646,-0.7606693395833801,1
28.0134,2,1.7821402742064372,-0.10006475229701718,-0.03256435426049953,-0.022118704936950943,-0.9317679881639233,-0.29868179020425945,-0.20639187104470427,3
28.0134,2,3.189338690830547,-0.10004065736050034,-0.2539868753878842,0.09616919082497552,-0.34586381343727934,-0.8777879538396325,0.3314612053448402,2
28.0134,2,3.115886327258005,-0.10005698037331705,0.139603357708947,-0.09480715136079933,-0.5107995582239896,0.712242726560722,-0.48145000756000195,3
28.0134,2,2.656144938912318,-0.10007917318111352,0.22631404869477023,-0.06666048555868288,-0.39106072771703604,0.8829880927976672,-0.25962190819528425,2
28.0134,2,4.513444250843664,-0.10002613546751579,-0.12133566104628248,-0.25317794743167454,-0.33584057057164274,-0.4072164927686641,-0.8493443584173042,1
28.0134,2,2.3285061166626453,-0.10007831830814383,-0.12760464626676277,-0.1043553224500218,-0.5199353651537014,-0.661670433111195,-0.5402401817792997,2
28.0134,2,4.118220054415222,-0.10005422503695852,0.10564600394852396,0.08319012012408891,-0.598400064128835,0.629329328073739,0.4958446935047935,2
28.0134,2,2.5556592483165907,-0.10010433146965629,-0.04532052488560104,-0.17968333165940714,-0.47617055472077235,-0.21366303120506988,-0.8530004172995305,4
28.0134,2,3.8478686396348896,-0.1000193655843661,0.121395422137427,-0.0009677263921675501,-0.6371319385230765,0.7707395877835909,-0.004835363172207521,2
28.0134,2,1.0676847142651709,-0.10016618412093976,-0.023588715167980757,-0.016744057490126127,-0.9599827732914089,-0.23036883905780703,-0.15925850989788226,3
28.0134,2,4.001452028155993,-0.10007811074636987,0.09860595573193029,0.13690424356762992,-0.5117911967614769,0.5025960697532965,0.6967545920810244,2
28.0134,2,3.2446124255206175,-0.1000227523945627,-0.05333172887747322,-0.09667486372532207,-0.672299209003665,-0.358352587214852,-0.6477632258854066,2
28.0134,2,2.3206951237102595,-0.10010632205540052,-0.08693448956181686,-0.010860724895926842,-0.7531815503550259,-0.6527222847129386,-0.08167723822413119,1
28.0134,2,5.096972113484429,-0.10000479679136974,0.2405899304624301,-0.32784454995282913,-0.23870763118350993,0.5743666484105453,-0.7830208298687811,1
28.0134,2,2.4948882643898633,-0.1000471916059575,-0.1779869345785209,0.19682199469127143,-0.35257825531893794,-0.6277281999797161,0.6940071187145559,1
28.0134,2,3.60569911817986,-0.10001425822556034,-0.19952330909188723,0.15857000665524676,-0.36533479437496147,-0.7287930565863203,0.579129664833855,1
28.0134,2,4.67324513297033,-0.10000169265977406,-0.04741161719717718,0.03872727502790203,-0.85449832403661,-0.4002451042360058,0.33111398453362506,3
28.0134,2,5.233619697022155,-0.10002420834509115,-0.07725050937705334,-0.0522911097128784,-0.7321117769197474,-0.5639862534524207,-0.38201027736451276,2
28.0134,2,1.6733151382346225,-0.10004520288029035,0.04689517667956741,0.004308275804798787,-0.9049966528423242,0.4234308740685435,0.041077405343315714,3
28.0134,2,2.7465769701113083,-0.10007245469424245,0.07140498355791294,0.20661775849851308,-0.41673965119260675,0.2969728555044025,0.8591479419852125,1
28.0134,2,1.3692731653487844,-0.1000624071316681,-0.01621479825527023,-0.03435923035116129,-0.9357906004736946,-0.15158286061256693,-0.3183058096133239,3
28.0134,2,2.10162256191148,-0.1001408165119255,0.08651513991466943,0.039355733791152515,-0.7267349636555952,0.624458087520002,0.2861964177472572,2
28.0134,2,3.408955279766092,-0.10006091953672758,-0.23244333747576137,0.16815834313520023,-0.32921626151017924,-0.7650457855507806,0.5534632771632191,1
28.0134,2,4.051780223681486,-0.10002305073791268,-0.12626489015876421,-0.09690890914462756,-0.5327806873435306,-0.6706003455361776,-0.5161781821818064,2
28.0134,2,2.1755887913233907,-0.10003504919783024,-0.24278499551778615,0.033097783336834864,-0.37867158192346684,-0.9169013147505802,0.12609445686562384,2
28.0134,2,4.037474551677955,-0.10007155444862548,0.14170651807297097,0.08388563783615426,-0.5194359493207817,0.7354897379952744,0.4350185511640406,1
28.0134,2,2.9678343835175727,-0.10013668095794047,0.048128889326677846,-0.08041221914870247,-0.7311151072710003,0.35054804774780374,-0.5853091201581584,2
28.0134,2,1.735480030481549,-0.10015337374121416,-0.029601685838885023,0.03850951310941003,-0.9009148647451419,-0.2648538514209945,0.3438093132373066,2
28.0134,2,1.8057566274524646,-0.10006247804392843,0.15033489181582446,-0.040482177091115686,-0.5413335614540078,0.8112681330245712,-0.22091172803259368,2
28.0134,2,3.5023066496966195,-0.10000520848200829,0.008938148528283557,0.3423019379282913,-0.2800705472755744,0.025058626738797916,0.9596523087945581,1
28.0134,2,1.0362206724821383,-0.1000734708445854,0.03710539418272142,-0.013533637374135685,-0.930484398916577,0.3440741082461906,-0.12574494585248844,2
