28.0134,7,0.000045849577767562215,0.000004659601586350804,0.000002399404430020457,2
28.0134,7,-0.00001551747450486394,0.000010700706495525588,-0.0000007911708733876523,2
28.0134,7,0.00008526752748780506,0.000018413413185043608,-0.00006152572542202574,3
28.0134,7,-0.00007536379919218806,0.0002065445601008041,0.000004696042383696358,3
28.0134,7,0.00019061940766133793,-0.00001010788074575625,0.00005146035323506083,3
28.0134,7,-0.0001002383689087192,-0.0000626867362174208,-0.00003851076363028921,2
28.0134,7,0.00002422313880582961,-0.000018237634800390688,0.00002307454905070129,2
28.0134,7,-0.00003439495203268143,0.00022302098883690568,0.00014013054126811364,2
28.0134,7,0.000028495405525348305,-0.0003645197377134383,-0.00018525723536714478,2
28.0134,7,0.00010195806141456575,-0.00027717388931061844,-0.00007726622775573337,3
28.0134,7,-0.000042958465764315995,0.000026858124239530545,-0.00009170823759860298,2
28.0134,7,-0.000040877837810993794,-0.00022005233172463063,-0.00004008134599782163,2
28.0134,7,-0.00010232498994861807,-0.00000010240994660270086,0,1
28.0134,7,-0.00005240781848290538,-0.000003879988920779299,-0.000012284555166493685,2
28.0134,7,0.0000861050475582837,0.0002132114129385564,0.000011493909535751292,3
28.0134,7,0.000017295487135836856,0.0000955095259647505,-0.00019656295399537004,2
28.0134,7,0.00021566746704218282,-0.00008874964515494947,-0.000038356691384957095,3
28.0134,7,-0.00006601589117167103,0.0000007494249384517568,0.0000028514563613269248,2
28.0134,7,-0.00003353454498022921,-0.00013406805603577817,0.000007146949314621785,2
28.0134,7,0.00007505456869572763,-0.00004036868477639077,0.00019539889181915965,2
28.0134,7,-0.00012872646502685834,-0.0000001288378495839224,0,1
28.0134,7,-0.00007911157970958109,0.00006834477081316618,-0.00001963390317064444,2
28.0134,7,-0.00011647511914900349,0.00000963471658772227,-0.000009720189393697413,2
28.0134,7,0.00003122787965982816,-0.00015427202770744572,0.00013056670624188296,2
28.0134,7,-0.00016014063341034934,-0.00000016028346358141085,0,1
28.0134,7,0.00008006975196394377,-0.0000922219770313061,0.00000951772358672076,2
28.0134,7,-0.000040822733399663546,-0.0000205613274641142,0.00005406520939588335,2
28.0134,7,-0.00014781824014844494,-0.000005291556441691264,0.000008196861259042602,2
28.0134,7,-0.0000813383992404129,0.00007500413347046088,0.00004186326044780114,2
28.0134,7,-0.000010209926878061106,0.00005003566528063303,-0.00016482891787897538,3
28.0134,7,0.00005461605063848246,0.00006997687849357631,-0.00003349010867779466,2
28.0134,7,0.000015254464508192812,0.000021421814900439103,-0.0000729698419083051,2
28.0134,7,-0.00001883301811293718,0.0001461585719526764,0.000005053356764373812,2
28.0134,7,-0.00013409863008550626,-0.00003988668651351551,-0.000018990658267280758,2
28.0134,7,-0.0001949405077452363,-0.00000019511817262534177,0,1
28.0134,7,-0.00016223972820222918,0.0005769180803582181,-0.0001349881712401027,2
28.0134,7,0.000016287730378552887,-0.0000901102673249323,-0.00022109068402785846,2
28.0134,7,-0.00013727173280492138,-0.00000013739167118358506,0,1
28.0134,7,-0.0001693784803413565,-0.00000016953055760644308,0,1
28.0134,7,-0.00003546264953643071,-0.00007448747948395392,0.0000028991971920412815,3
28.0134,7,-0.000013579964238540521,-0.000016723868491083604,0.000008384567286563808,2
28.0134,7,-0.0001216435999466087,-0.00000012174789454863745,0,1
28.0134,7,0.00015317020017219097,-0.00012566237559341712,0.00009443868854944845,2
28.0134,7,-0.000047575263231927186,0.0001443303098227308,0.00006983984450334374,2
28.0134,7,0.00006783147551166639,0.00003627362296947611,-0.000018746476090650664,2
28.0134,7,-0.00008081048095636156,0.00002102037689697605,-0.00046770574683741034,2
28.0134,7,-0.0000683053117090032,0.000019922898842717968,0.00006488147425306286,2
28.0134,7,0.00011061517341197147,0.00005341974791899089,0.00020967474274427534,3
28.0134,7,0.00006573379237344664,0.0001742182376941407,-0.000017349588856928184,2
28.0134,7,-0.0001100720034220258,0.000004690039488248319,0.0000011718784332876174,2
28.0134,7,0.0000394544378493223,-0.00010703753732882153,-0.000012715649733006723,2
28.0134,7,0.00008130090025368425,0.00014683051799553067,0.00009727662877022604,2
28.0134,7,0.00010622168525583271,-0.000012338812833071661,0.000023751967444750175,2
28.0134,7,-0.00013023718382507707,-0.000004746801321695379,-0.00002657517455366994,2
28.0134,7,-0.000052609701237547884,-0.000008454596470328006,-0.000004362273122467352,2
28.0134,7,0.000010913896716236814,-0.00015476244021271155,0.00002617891940429899,2
28.0134,7,-0.00019909658198892275,-0.000005402962889245212,-0.000006516611666443648,2
28.0134,7,-0.00017993284124835084,0.00003533250323990535,-0.000033080432506560495,2
28.0134,7,0.0001723836215032012,-0.0000827347880539512,0.0000898943296471361,2
28.0134,7,-0.0000810008019457795,0.000039745243624090004,-0.00001158686203952374,3
28.0134,7,0.000025241384039841782,-0.00006025646823617414,0.00017791899824894333,2
28.0134,7,0.00011130792687688407,0.00006656049014160037,0.0001969042577970841,2
28.0134,7,0.00002461350396874721,-0.00014598906046289404,-0.00014036416464450555,3
28.0134,7,-0.00019806798282086184,-0.00000019824877830664864,0,1
28.0134,7,0.00000005610802698307093,0.000017027284551655528,-0.0003336242051942488,2
28.0134,7,0.00008068276957082347,-0.0004045331237312944,0.0002988487318860649,1
28.0134,7,0.000013136764339887136,-0.00009096549048344522,-0.00032909860317221454,2
28.0134,7,-0.00006937750106120258,0.00013423732183641304,0.00005564980041577554,2
28.0134,7,-0.0002164627955909668,-0.0000002166620043027497,0,1
28.0134,7,0.00005900892347631177,-0.00010111891056927808,0.00043489790998268784,2
28.0134,7,0.00005979383360115207,0.000055027775595214504,-0.00010814106638000045,2
28.0134,7,-0.00015319837154297315,-0.00000015333425250295623,0,1
28.0134,7,0.00002439410458702665,-0.0002119263053952576,0.00009199851210268848,2
28.0134,7,-0.000057411971976991355,-0.00000005745197065512656,0,1
28.0134,7,-0.000037673559461285015,0.000026183723367749035,-0.00013586598738955064,3
28.0134,7,0.000027499679328721824,0.00020016442858323616,-0.00019857057349737369,2
28.0134,7,0.00013840746575745133,-0.0000017190548301870175,0.0005573520264349227,2
28.0134,7,0.0001818766973660779,0.00012479582583065085,-0.00031414897458216816,3
28.0134,7,-0.00007034308374243641,-0.00000007039602647639288,0,1
28.0134,7,-0.00001470335268526136,0.000024115070488879313,-0.00009660535118194663,3
28.0134,7,0.00005730714361039341,0.0001934973849926233,0.000039905112333327785,3
28.0134,7,-0.000002471349928264816,-0.00013137581710059683,-0.00022985036957519602,2
28.0134,7,0.0002525749253210372,0.00033326763560751827,0.00012660513920481303,3
28.0134,7,-0.00006502072373571277,0.00005271806284560087,0.00006247790655293867,2
28.0134,7,-0.00004233154233689377,0.000002642020914205538,-0.0002208554448857881,3
28.0134,7,0.0000934512592015664,0.0000783299274474837,-0.00013373085270536057,3
28.0134,7,-0.0001826468390740676,-0.0001128795730647428,-0.00009926150431105777,2
28.0134,7,0.00004718316093898253,0.0000640363115047721,-0.00004540369346575546,3
28.0134,7,0.0000041859163761751615,-0.000011377402634230537,0.00008411495912460447,2
28.0134,7,0.00012334888147938922,0.0000048089920232591036,-0.00004274809749908217,2
28.0134,7,0.00012652951923340723,0.00022991251856403167,-0.00003334190022272703,3
28.0134,7,-0.000012326379270039826,0.00011196715799080091,-0.000014117206690965694,3
28.0134,7,-0.00008067347066836303,-0.000029120463043435896,0.000029444807076568064,2
28.0134,7,0.0001962578242536802,0.00003966795204146395,-0.00024313341454797546,3
28.0134,7,-0.000024738417753878337,-0.00007145527828159315,-0.000007559395360637943,2
28.0134,7,0.00004232926827512285,0.00005070929288881495,0.0002301681394625311,3
28.0134,7,0.000071319685238098,0.00018528615823129653,0.0001423288007212555,3
28.0134,7,-0.00011194994453216295,-0.00012241629104895214,0.00004704301145158496,3
28.0134,7,-0.0000806820101266227,0.00037510981164909433,-0.0002426509504857882,2
28.0134,7,-0.000039030687687148265,-0.00003636148552270026,0.000038886791052564944,2
28.0134,7,-0.00012060540340941511,0.000012469909931988021,0.000005464410102499868,2
28.0134,7,-0.00004353310997445501,0.0000027893054320902356,0.00024626701939133055,2
28.0134,7,0.00035836710394988663,-0.00016435203967924656,0.00027392221982827577,2
28.0134,7,-0.000057969119451339465,-0.00008278979972381462,0.00006445605259208579,2
28.0134,7,0.000006818019987480401,-0.000034117814806732304,-0.00018746541929978066,3
28.0134,7,-0.00012371116781760525,-0.00000012381753205714254,0,1
28.0134,7,-0.000014708654765274447,0.000072236116596205,0.00008974711694704536,3
28.0134,7,-0.00003616331606733716,0.00038019001299061984,-0.00011834109238304368,2
28.0134,7,-0.00009735781840253351,0.000007914971466207465,-0.000011448290414651548,2
28.0134,7,0.00008195166106976587,0.00005390595957885034,0.0001150878411900656,2
28.0134,7,0.00006386440441641825,0.00008484786993692435,0.00017612193953722753,2
28.0134,7,0.000047085205157638674,0.000045406446830298726,-0.0000027097343224942686,2
28.0134,7,0.000006956722642303488,-0.00001994793125647291,0.0002458622571377153,2
28.0134,7,0.000027237340816148327,-0.00044787420113355796,-0.00015194568162116767,2
28.0134,7,-0.00011268410357675382,0.00006529746544287876,-0.00004275151559269689,2
28.0134,7,-0.00003448642504473367,0.000003523720073793299,0.000014810675516457691,2
28.0134,7,-0.00005204811401936519,0.00022249994067911983,-0.000049091835495849915,2
28.0134,7,0.00011970812428863457,-0.0002295996884502661,0.0002422528363208226,1
28.0134,7,-0.000025431746960122977,0.00009003804501029304,-0.00026780037330225326,3
28.0134,7,0.00013681194936265896,0.000004798613448881436,0.00016292079720529323,2
28.0134,7,0.00009265106998100163,-0.0004156612264267091,-0.0006471801445616554,2
28.0134,7,-0.00002199450872219859,-0.00036514077160233234,-0.0003083248941822033,2
28.0134,7,-0.000024305189729262786,-0.000172885361812804,0.000045421964798199067,2
28.0134,7,0.0000843816737803062,-0.0002929267741891656,0.000007136812732178424,2
28.0134,7,-0.000014740104761409403,0.00011157127197941672,-0.00010850654548185505,2
28.0134,7,0.00012354892349695083,0.00008591849865677883,-0.000010942827776853264,2
28.0134,7,-0.00008664700628102958,-0.00000008671626925776743,0,1
28.0134,7,-0.00010088131152207464,-0.00008319323440831829,-0.0000448392507070102,2
28.0134,7,-0.00008082130293600281,-0.000004358490684166683,-0.000004410602233893255,2
28.0134,7,0.00008879827109276878,-0.000020293097707612933,0.00003308010861053548,2
28.0134,7,-0.00007599033387359415,-0.000017487046387152658,-0.000011455708780785001,2
28.0134,7,0.00002288058106198111,0.000011282786220799624,-0.00004196403112080528,2
28.0134,7,0.00015008571835263155,0.000016754967423158007,-0.00008787128933652483,3
28.0134,7,0.00007508658033575079,-0.000025164621129836565,0.00017930419461550858,3
28.0134,7,0.0004134627458144185,0.0002496594771279087,0.00009835772957955028,2
28.0134,7,0.00010979660630354516,0.000028611343658035417,0.00006334067848074477,3
28.0134,7,-0.0000042974461141848005,-0.000005585709128547781,0.00009744311533721791,2
28.0134,7,0.00007400524485224507,0.0001032401755237633,-0.00012814795315829522,2
28.0134,7,0.00006211646805846846,-0.00036753743094105094,-0.00029425610846288126,2
28.0134,7,0.00021046280583756111,0.00013692369155626153,0.0001600187858301338,3
28.0134,7,-0.00007462393196280952,-0.000057929149664901526,-0.0001604430425620672,2
28.0134,7,-0.000010683326352911256,0.0002756172753118724,0.0003408547861842356,2
28.0134,7,-0.000032176452100357515,-0.000050265071151150985,0.000032936100828553776,2
28.0134,7,0.0000839053930509454,-0.00003241239639120474,0.0001776520764908239,3
28.0134,7,0.00002593815724896828,-0.00010019659218342398,0.00007433624155264226,2
28.0134,7,-0.00002820353363763468,0.000545131082334742,0.00017970079104311535,2
28.0134,7,0.00010200443563952248,-0.00007517966297588181,-0.00013436009889304076,1
28.0134,7,-0.00001474233103175608,0.00003695479679948329,-0.000059378379817206054,2
28.0134,7,-0.000007983479082794233,-0.000021801517256895255,0.00007542569824757154,3
28.0134,7,0.00011073157455215465,-0.00006208748946486633,0.00010192433770868015,2
28.0134,7,-0.0000574467255925115,0.000036904497989380944,-0.00010668301682042813,3
28.0134,7,0.0000023388980670731926,0.000042401141891567875,0.00011656080268751439,2
28.0134,7,0.00014153762884234667,0.00007869919176437028,0.000025649895203383184,3
28.0134,7,-0.00001548443722148111,0.000016712420218153387,0.000004652969803347297,2
28.0134,7,-0.00005253483477287998,0.00009014076907551257,-0.0000019658931293797736,2
28.0134,7,0.00005563881650769768,-0.00016687686775541767,0.00003251666930297491,2
28.0134,7,-0.0001865495912433759,-0.00004272982277404279,-0.0000594960808085066,3
28.0134,7,-0.00004203194919212038,0.0006036932127483428,0.00027446581047873284,1
28.0134,7,0.000042601624395671656,0.000015706797569543705,-0.000006559417453535103,2
28.0134,7,-0.00009343706863458209,-0.00048150823142252205,-0.00012369129126379595,1
28.0134,7,-0.000051012593890807726,0.0000019209635860994927,-0.00006624652674453945,1
28.0134,7,0.000033482798992095686,0.0000767070514598752,-0.00010293188668155348,2
28.0134,7,0.00010764696930674658,0.0003003884047139459,0.00011191747345366181,2
28.0134,7,-0.00011281941398607625,-0.00000011291487556912546,0,1
28.0134,7,-0.0000191886642676316,-0.000032374940033283574,-0.000004877881867079723,2
28.0134,7,-0.00017977500508929275,-0.00000017993748928605891,0,1
28.0134,7,0.000006008352356788785,-0.00014517796200070587,0.0002553771297449105,2
28.0134,7,-0.00019691329593144545,-0.0000001970929355745001,0,1
28.0134,7,-0.00003830462628960174,0.00000759567563254857,-0.000015836471864242208,2
28.0134,7,-0.00006565930773818527,-0.00000006570756200767301,0,1
28.0134,7,-0.000121881836252706,-0.000015652039337603943,-0.0000029515996558157346,2
28.0134,7,0.000047100374099283696,-0.000011514069451510097,0.00007327776205064603,2
28.0134,7,-0.00015404379840737204,-0.000052118028642248985,0.0000050494385676392584,2
28.0134,7,0.00007927530919341831,-0.000004851551786633579,0.000035496359679959916,2
28.0134,7,-0.000009075485182888632,0.00005100792585445834,0.00002219222610332053,2
28.0134,7,0.0000754590069725282,-0.0002223700064009571,0.000049981196508818374,2
28.0134,7,-0.00010490066521405534,-0.000011134843142680103,0.000019542201755382268,2
28.0134,7,0.00010388758036255828,-0.0000354856719784221,0.000009289184776623029,2
28.0134,7,-0.00005244292714721245,0.000015770965887061288,-0.0001999111318005661,2
28.0134,7,0.00003648786591275437,0.00025666511821199976,-0.00013554253399507358,3
28.0134,7,0.00013116674280902143,-0.00005292785664004554,0.000026232630649659795,3
28.0134,7,0.00004237082533477869,0.000013150482197190569,0.000041808764214863114,2
28.0134,7,-0.00010638758101007523,0.0003585213813709827,0.00019125973337247158,2
28.0134,7,0.00024380085301727497,0.000040136093263496816,0.00005024689897319015,3
28.0134,7,-0.00002249637277762616,-0.000010202074408246486,0.0000542698044286562,2
28.0134,7,0.000036170402700708847,0.0001246766246112982,-0.0002831263972538423,2
28.0134,7,-0.00001571334109873715,0.00008059730403998804,0.00009679966990177856,3
28.0134,7,-0.0000009526166451574687,-0.00018105170029737258,-0.00009994860109543453,3
28.0134,7,0.00006693986742725972,-0.00014355523692930253,0.000008884864059965108,2
28.0134,7,0.00005562636425539224,-0.00012537783094161277,-0.00002982944880266066,2
28.0134,7,0.00011756757262699395,0.000031481223612896624,-0.0000479361236685605,2
28.0134,7,-0.0001060431154570143,-0.00000010613179395845284,0,1
28.0134,7,0.0001483943055064596,0.00006657654283800028,-0.00006365116525030363,3
28.0134,7,-0.000002723000529889913,-0.00013738075671816094,-0.00003432453370185248,3
28.0134,7,-0.00009826074246225201,-0.0003391000384231221,-0.0003977052061533419,1
28.0134,7,0.00003605167966239353,-0.00011933710529056147,0.00011273944611303736,3
28.0134,7,0.000040645081352851425,-0.00007906402622412472,-0.00023119889627471078,3
28.0134,7,0.000016404453482879602,0.00013226253742690803,-0.00007393330182741813,3
28.0134,7,-0.00017748024855112333,0.000027040536536682682,-0.00008262157664529376,2
28.0134,7,0.00015142135515954682,0.00004735338425633834,0.00004647228217273075,2
28.0134,7,-0.00021930620472412026,-0.00000021950825969129167,0,1
28.0134,7,-0.0000358827875809854,0.00017119778076107035,0.00007410580460590974,2
28.0134,7,0.000011516999889336446,0.000032874723205026786,0.0001402094945385548,2
28.0134,7,0.0002693672344468104,0.0003654048877365614,0.00023338388131085924,3
28.0134,7,0.000037181631565688475,-0.0000023384256080386417,0.000028716989636027814,2
28.0134,7,-0.00005728870008260259,-0.00025553418633631186,0.0003062913438245209,2
28.0134,7,0.0002192493026168178,0.00006751835962361611,0.00013120997068165923,2
28.0134,7,-0.0001335436080028322,-0.00000013365981452483716,0,1
28.0134,7,-0.00002021805011681947,0.000008984984112794042,-0.0000637928350762475,2
28.0134,7,0.000033404716535683374,0.00013212000409143344,0.00022579929790741323,2
28.0134,7,-0.00003523869688701445,-0.000016623170184829343,-0.00002297849095785384,2
28.0134,7,-0.00006793602507126646,-0.00000006798655833708363,0,1
28.0134,7,0.00008452691347136633,0.00002305536765655393,-0.00010037949250870692,2
28.0134,7,-0.00004862020768464724,0.00015927534667970725,0.00043916973112390794,1
28.0134,7,0.00022442600015189,0.00010012336337209071,0.00003713799592678811,2
28.0134,7,0.00016244459813271987,-0.00010013537972310859,0.00008512707377077848,2
28.0134,7,-0.000055046832430347995,0.00003035155017161066,-0.000041641469842512935,2
28.0134,7,-0.000050823285443462274,0.000009089906563598193,-0.000012614509102447731,2
28.0134,7,0.0000367185674257818,0.00003895213927317108,0.00004611931379135612,2
28.0134,7,0.000004539275684398246,0.00011430256391867436,0.00004016855362273635,2
28.0134,7,0.00012117559379001808,0.000048554923862474474,0.00020408534850824842,3
28.0134,7,0.00006188631880185668,-0.00016368260284671,-0.00004043214013723221,2
28.0134,7,-0.0000537816592197756,0.0000168840353057581,0.000011654535690762938,2
28.0134,7,0.000016993166229758828,-0.000052493808900931155,-0.0000566842337875712,2
28.0134,7,0.00007597701530493644,-0.00003059941408854876,-0.00003524473227973891,2
28.0134,7,-0.00004028979341462467,0.0009253257597544307,-0.0002654806930972554,3
28.0134,7,0.00006183651754458267,0.000019658297366530163,0.00009457696055801042,2
28.0134,7,-0.0000276017257400004,-0.000016077269609604074,-0.00005741288934158931,2
28.0134,7,0.000004718715842512197,-0.00005283087699545453,-0.0001288672533696275,2
28.0134,7,-0.0000822622512964193,-0.0000000823271251290284,0,1
28.0134,7,0.00009537173781062864,0.00007044766875312284,-0.00006129228366277339,3
28.0134,7,-0.000016051048937160154,-0.0005217153994663125,-0.0000687323420224713,3
28.0134,7,0.00008001145152662336,0.00006796031203059398,0.00011649407466259424,3
28.0134,7,0.00006210122376065263,-0.00006553709324143139,-0.000021675050005651358,2
28.0134,7,-0.00003403890820290594,0.00000826888344233851,0.000004990472003854821,2
28.0134,7,-0.0001679917752201081,-0.00000016814246439198018,0,1
28.0134,7,0.000019517433415545928,0.00005780417574812872,-0.00004089993325632471,2
28.0134,7,0.000010856237927974503,-0.0002332206733928324,-0.000027353761843232865,3
28.0134,7,0.000031115548440541675,0.0000037256871576704457,-0.000049557156795081666,2
28.0134,7,-0.00017579728030066224,-0.0000001759557827909333,0,1
28.0134,7,0.000034270037830550686,-0.0004538181757988611,-0.00012523447261487923,2
28.0134,7,0.00006823712622450607,-0.000010087844286183011,0.000011629879384663858,2
28.0134,7,-0.00015963470538504958,-0.00000015977702912165134,0,1
28.0134,7,-0.00000019075700884266958,-0.00018573024138610454,-0.0003108730490763861,3
28.0134,7,-0.00007000532202581813,-0.000018002289049689235,-0.00004656704121611418,2
28.0134,7,0.0001087651622069577,-0.0000014740507608897421,-0.0002480641455643187,3
28.0134,7,-0.00003056689361671428,-0.000012542874472364706,0.000010148144144657309,2
28.0134,7,0.00014482868292494365,0.00013533728953049192,0.00007302231110140862,3
28.0134,7,0.00018990080030744717,-0.00005807280437656935,-0.00007394190796751785,2
28.0134,7,-0.00004501561812250907,-0.00009067393733014727,-0.00005679770318831546,2
28.0134,7,-0.00011828141802898098,-0.00000011838234708354463,0,1
28.0134,7,0.00010669680117748493,-0.0003533819106971832,-0.000003963949534660897,3
28.0134,7,0.00009036915999951592,0.00006962959232146769,0.00023293548350266039,2
28.0134,7,0.00006445607463844142,-0.00023428214710143457,-0.00010434979545771334,3
28.0134,7,0.000011623566803165697,0.000012675110900312484,0.000004907724118555925,2
28.0134,7,0.00012035159170462372,-0.00013504456812369917,-0.00006172014255527218,2
28.0134,7,-0.0001737708336355588,-0.00000017392730765068962,0,1
28.0134,7,-0.00008330385018271378,-0.00020823734314750803,-0.0002638494690325744,2
28.0134,7,0.00007583505092848919,0.00022411871132430882,0.0003027268839326027,3
28.0134,7,0.000010267780337619239,0.00009170538709212764,-0.00009316934573473917,2
28.0134,7,-0.000020433937558315796,-0.00012341770551476045,-0.00021735673689481292,2
28.0134,7,0.000027687592527509094,0.000014213568913968098,0.00013752543495138374,2
28.0134,7,-0.0002058391817527118,-0.00000020602775621640835,0,1
28.0134,7,0.00006566749015095374,-0.00013476862995897096,-0.00014062744431505433,3
28.0134,7,-0.00010768297096150729,-0.00010665569391435449,0.00002902639987589624,2
28.0134,7,-0.00010703056854506813,-0.000013339954377440192,0.0000380046026613664,2
28.0134,7,0.000051929206265557406,-0.000005439573330767173,-0.00004601391896487793,2
28.0134,7,-0.00004726516781540515,-0.000004176159824892655,-0.000022155276700417963,2
28.0134,7,0.000010569893605456335,-0.000012458740046579647,0.00028785574113875817,2
28.0134,7,0.00004057918783468835,-0.0000620575429470662,-0.000008316309387940043,3
28.0134,7,0.00005428812249630549,0.000060203836813755394,-0.00009891354910931952,2
28.0134,7,0.00004423112826290838,0.000019186147643159714,-0.0002453497135838752,3
28.0134,7,-0.000031175626107931186,-0.0000006653456365525367,-0.000012190829953527399,2
28.0134,7,-0.000015133357585128356,-0.000018001551809873676,-0.000031141722645539686,2
28.0134,7,-0.00006111057702891711,-0.000003860215751973925,0.000001481601079719434,2
28.0134,7,0.00003220938421493427,-0.0001008588020423358,-0.00010798048764581548,2
28.0134,7,-0.000023424398502001466,0.00002371139306154961,0.000046566037811142734,2
28.0134,7,-0.000036071400111465926,0.00007818891315040162,0.00009447244721886807,2
28.0134,7,-0.00001045216561750553,-0.00003885391847444202,-0.00001823386459178156,2
28.0134,7,-0.0001585233049973199,0.0000009867705039771587,0.000019256660021842353,2
28.0134,7,-0.000059589223489848604,0.00005102346346303644,-0.00010357011627025322,2
28.0134,7,-0.0001804167322284637,-0.00000018057985879473857,0,1
28.0134,7,-0.0000704928729487691,0.0000057722006330161695,-0.000011962054634976981,2
28.0134,7,-0.00015403865691309378,0.00000015128890411373696,-0.0000037835173146049427,2
28.0134,7,-0.00003243471850350953,0.000011760669851276395,0.000007144667090210933,2
28.0134,7,0.0000504472643660432,0.0001723539865252675,0.0000041854562781224835,2
28.0134,7,0.00005809968571700857,-0.0000373095220442263,0.0000011022278916740022,3
28.0134,7,0.00026953177648381913,-0.000057433342488046574,-0.000024712536831272693,2
28.0134,7,-0.00008728145544776272,0.00007273076443456719,0.00015079842687714109,3
28.0134,7,-0.00013041247660694117,-0.00000013052554886328456,0,1
28.0134,7,0.000027499712555571556,-0.0004836809385856072,-0.00045993152783621805,2
28.0134,7,-0.0000646473566155074,-0.0001181504928814152,-0.000044276563118724164,3
28.0134,7,-0.0001320987705240293,-0.0000001322135307622717,0,1
28.0134,7,-0.00011934816433134028,-0.00000011945016120002043,0,1
28.0134,7,-0.00010360009387395074,-0.00000010368632690833916,0,1
28.0134,7,0.0000678458285455383,-0.00018633400222289225,0.00006361133148171768,2
28.0134,7,-0.00007096745566290106,-0.00002553451762622694,0.000009735589290270482,2
28.0134,7,0.00008512261847724522,-0.00020726996153307858,-0.0003618575529643147,2
28.0134,7,-0.00014263431430564687,0.0000276380372096011,-0.000004762773037479799,2
28.0134,7,-0.0000286486057623757,-0.000017936940971682082,-0.00003899395303842281,2
28.0134,7,-0.00007169761438989402,-0.00000007175191301038449,0,1
28.0134,7,0.00010640774915874739,-0.00029362224573900526,0.00023636602673861445,1
28.0134,7,0.000034897024559629295,-0.00001456959090348233,-0.00010700265109832229,2
28.0134,7,0.00003127092297334458,-0.000004985135575184739,0.00014557868360040937,2
28.0134,7,0.000023941347008235883,-0.000024320919282835016,-0.00016599284453189782,2
28.0134,7,0.000019922184935521707,0.00029642614693357004,0.00013943753227401687,2
28.0134,7,-0.00003492064201265774,-0.000020720468422403837,0.0000973204905839702,2
28.0134,7,0.00003218015734543805,0.000051643667660969216,0.00005095485923455903,2
28.0134,7,-0.0000221920215786287,-0.000022970708490437527,0.00008955964314869717,2
28.0134,7,0.0002318326631964144,-0.0001882022736986158,-0.0003833282788880616,2
28.0134,7,0.0002292761010618786,0.00014336237063205566,0.000052458857087691135,4
28.0134,7,-0.00020076650165302105,-0.00000020094999835886007,0,1
28.0134,7,-0.000048950835196976104,0.00004596179424887448,0.00007860890668596908,3
28.0134,7,-0.000005731237503652516,-0.00006044084708167352,-0.00002370791116755401,2
28.0134,7,0.000009312351250343588,-0.00002225343697400125,-0.00005598367769835874,2
28.0134,7,0.00028768730699903135,0.00026531873354571273,0.0003941906846699068,2
28.0134,7,-0.000003765784737084772,-0.0000081329388869653,0.00006716643202155953,2
28.0134,7,0.00008988706253814998,-0.00014217810749840465,0.0001314188316725958,3
28.0134,7,-0.000020815744405508013,0.00009732965609770431,-0.00018949948065576382,2
28.0134,7,0.00006459480716920333,-0.00003946364011861293,0.00004898118727317606,2
28.0134,7,-0.00007637806161688845,-0.000018811453029474293,-0.0000018621172952428936,2
28.0134,7,-0.00017157993454481937,-0.00000017173421546776726,0,1
28.0134,7,0.000009838449209456831,0.000011631699176631668,0.0001716863934132992,2
28.0134,7,0.00018913737398688896,-0.00008351815655199487,-0.0001086055188932677,2
28.0134,7,0.000011776940331607902,0.000013038489134748697,-0.00016272907556870428,2
28.0134,7,-0.00010144514204266761,0.00021927886959903826,-0.00014563573382026768,2
28.0134,7,0.00006175005969708957,-0.0002953080679370772,0.00027604394528214446,3
28.0134,7,0.00006330381476946613,-0.0002266733970464751,0.00014938999744679277,2
28.0134,7,0.00006280249188614728,0.000040927506213897876,-0.000053302876955807016,3
28.0134,7,-0.00005634748090543423,-0.0000011179449385887555,0.0000026827650459650192,2
28.0134,7,-0.00007778526870609215,-0.00000007784566107464689,0,1
28.0134,7,-0.0000760308524652786,-0.000019816333522968268,0.000009890231296367821,2
28.0134,7,0.00003344580078610309,-0.00014661253450924745,0.00004042286219803676,3
28.0134,7,0.00005011008384414205,0.000022814452670217878,-0.00006740910777349086,2
28.0134,7,0.00009420857634664923,-0.00005256597871837606,0.000026681947739768325,2
28.0134,7,0.00005354804878916841,-0.0000583787526707836,-0.00006550232373400954,3
28.0134,7,-0.000032766771691007066,0.000012349410904187024,-0.00014970142724404358,2
28.0134,7,0.000001307211275757284,0.00010041820953913763,-0.00009653772465248727,3
28.0134,7,-0.00007426233887560038,-0.00007744975505077703,0.00003420197561352104,2
28.0134,7,0.00001294734443516935,-0.00020514625265967247,-0.00024660871445175876,2
28.0134,7,-0.000054543392799178345,0.0000545461612762108,-0.00002772378864726148,2
28.0134,7,-0.0001374234518353043,-0.000006148623162721013,0.0000002906081489434927,2
28.0134,7,-0.000043876624006402144,0.00002607784447904956,-0.00007216094176214559,2
28.0134,7,0.0002481517654518218,-0.00010604016011062659,0.00018558743944732222,1
28.0134,7,-0.0001382559210261519,0.000005688596591660565,0.000007548071931593048,2
28.0134,7,0.000031837808380025097,-0.00003247487415336559,0.00006191938881652074,2
28.0134,7,-0.0001995577834519531,-0.0000001997400702296629,0,1
28.0134,7,-0.000017596829338801256,0.00005330418134117342,0.00010889092511926819,2
28.0134,7,0.00009963734503083186,0.00010342161838366625,0.00004980786605099241,3
28.0134,7,-0.00015350605203266152,-0.00000015364224098112275,0,1
28.0134,7,0.00017481244221642864,0.00017134017868259828,-0.00014672514424213863,3
28.0134,7,0.000002808375829046881,0.00003412453037379283,0.00000993838599482243,2
28.0134,7,-0.0000412757683917913,0.00008814660429600486,0.00016621520803579,2
28.0134,7,-0.000046886806981074396,-0.00017693964386249078,0.000020891082008756533,2
28.0134,7,-0.0000435272323605046,0.00003762527566135846,0.000000036815504058228695,2
28.0134,7,0.00002520511094280775,0.00003078073927520306,0.0001550729838106579,2
28.0134,7,-0.0001415678378398587,-0.00001397594570408171,0.0000002950879554191676,2
28.0134,7,-0.00011029917694306535,-0.00013419178676752505,-0.000008938883752520149,3
28.0134,7,0.000020108596988355043,0.000049984461288137965,0.00010469516915278295,2
28.0134,7,0.00024442555031469474,-0.00003842759397193034,-0.000027629025099072986,3
28.0134,7,0.000024519844890089837,0.00014387086626305596,-0.00005615952233046876,3
28.0134,7,-0.00010557257599790368,-0.00003358705342731978,0.00008002382343886977,2
28.0134,7,0.0002326441272241068,0.00000303651527757832,0.0002543046841930845,4
28.0134,7,-0.000020362996229468354,0.00000013881195816745624,0.00001887874393611162,2
28.0134,7,-0.000024821299409132617,-0.0001586995811912263,-0.00001037208730526438,2
28.0134,7,0.00005167190002514089,0.00013033656648214902,-0.0004535470811679864,2
28.0134,7,0.0000896685622022261,-0.00007814420079056256,0.000035542846724142365,2
28.0134,7,-0.00005654182018426249,0.000011446950358365571,-0.00014438445093963658,2
28.0134,7,0.00007456530301647744,-0.00009415748888739552,0.00005240114530548897,3
28.0134,7,-0.000017388450727493615,-0.00001865592269192092,0.000024784497069103517,3
28.0134,7,0.00004553204587958133,0.0000635319655448128,0.000031349373517919916,2
28.0134,7,-0.000039711553943741334,0.000046206309578083666,-0.0002018474572545802,2
28.0134,7,0.0000663632262170986,-0.00009509041811455825,-0.00007044702065760452,2
28.0134,7,0.00010404843991239415,-0.0000031554478721379926,0.00015807013829273564,2
28.0134,7,-0.00003811138279692073,0.00008996778556605618,-0.0003514111313256863,2
28.0134,7,0.000002452409532243339,0.000010339613444089634,0.000012405163981560897,2
28.0134,7,-0.00006356057248967158,-0.000016263586872648416,-0.000011443710774825788,2
28.0134,7,-0.000027947417271817392,0.000003984439823787891,0.00004148620424247521,2
28.0134,7,0.00005828006069098352,0.00007446187544475525,-0.0000052135730446117894,2
28.0134,7,-0.000001186311518980116,-0.0000243229614440082,-0.00017100248024174217,2
28.0134,7,0.00012399149785021448,-0.00002243524476446383,-0.00016528097787439213,3
28.0134,7,-0.00012151375912701659,0.0000008169121437541316,-0.0000016777581083364967,2
28.0134,7,0.00008434979718021794,-0.0002933129643612042,0.00010176778255432737,2
28.0134,7,-0.00010649783428656707,0.0000015495072159402794,0.0000009579330448973488,2
28.0134,7,-0.00019613762876016542,-0.00000019631649195960514,0,1
28.0134,7,0.00002793640604508096,0.00004415296173847412,-0.000060381913621749655,2
28.0134,7,-0.00007665046143086308,-0.00000007670971785619935,0,1
28.0134,7,0.00003129249446978763,0.0000015259717399351984,0.00003702093947413562,2
28.0134,7,-0.00010202651537418352,-0.00000010211117325491852,0,1
28.0134,7,0.00026729138393350723,-0.0000015282355598282284,0.000012248460385326401,3
28.0134,7,-0.00008005991646215101,-0.0001810557450082564,-0.0004579840781515081,1
28.0134,7,-0.00004942708464137513,-0.00004305079632733494,0.000037478067300573896,2
28.0134,7,0.000049514993877319746,-0.000027196332335551926,0.000025902526531971774,2
28.0134,7,0.00014669647644016367,0.00008128521715728485,-0.0000386605043230024,2
28.0134,7,0.00011054965266643168,-0.00022345001898929965,0.00004576381643648003,3
28.0134,7,0.000045219218082362636,0.00005691325088546413,0.0002228124762509818,2
28.0134,7,-0.00007309461184465236,0.000006946603487984283,0.00006746703923562232,2
28.0134,7,-0.00021664509921014787,-0.00000021684449040803606,0,1
28.0134,7,-0.000005480611834182122,0.00002122416361055023,-0.000011231965656602266,2
28.0134,7,0.0000861248297419838,-0.00007411672545570303,0.00008194209928780021,3
28.0134,7,0.00019871023453802613,0.0001489338781012256,-0.00020497549121193458,1
28.0134,7,-0.00004973283327753261,0.000012806141828856835,-0.00008869717439218486,2
28.0134,7,0.000059314499980487765,0.00005440368188211226,-0.00002355020671815026,3
28.0134,7,-0.00000446586856029635,0.00010139900912438425,0.0000695592442316403,2
28.0134,7,-0.00009212049877851824,-0.000000043040097112471385,-0.000001918638605767252,2
28.0134,7,-0.00005870597307991577,-0.00003663084821330651,0.000010493057071602584,3
28.0134,7,-0.00015883034792490186,-0.00000015897186649888085,0,1
28.0134,7,0.00008467362846725565,-0.00010429707199254659,-0.00013440557888216853,2
28.0134,7,-0.00008295075865770122,-0.0000020979178639665823,-0.0000011564637194377374,2
28.0134,7,0.00006184046792682067,-0.00012248737642390012,0.0001675103170359545,2
28.0134,7,0.00018474376116309874,-0.00004337987506899618,0.00005450536093970212,3
28.0134,7,0.000010265067882127729,-0.0000459396598688591,-0.00015090438286697358,2
28.0134,7,0.0002669214115333631,-0.00018420629459830174,-0.00004696978806850634,3
28.0134,7,0.00000032442893420783393,-0.00009445457981379844,-0.00004319508408198473,2
28.0134,7,-0.00013045071966558204,-0.00000013056383020326538,0,1
28.0134,7,-0.000008131515282658955,0.000057243722784722184,-0.00041947431115734796,2
28.0134,7,0.00015028219716165393,-0.00005746809353230916,0.00005395352802888591,2
28.0134,7,-0.000045157078675805435,-0.000005623498160841706,-0.000003088319369575202,2
28.0134,7,0.000040898957206499977,0.0004245069121767991,0.00006539128890829827,1
28.0134,7,0.00007247916045211279,0.000308403633539171,-0.00010490147482649947,2
28.0134,7,-0.000018101858234996578,0.00003981528132737703,-0.00005024764049089191,3
28.0134,7,-0.0001136472704160357,-0.00000011374356068419999,0,1
28.0134,7,-0.00016987788514295283,-0.0000001700304623127457,0,1
28.0134,7,0.00005648689350359286,-0.00011954600544979002,0.00008507521222383004,3
28.0134,7,0.00003328915078106753,-0.00007139508273619408,-0.00018494808855489981,2
28.0134,7,-0.00010035759442404467,-0.00000010044058171323799,0,1
28.0134,7,0.00005029154869174192,-0.000029756381950552923,-0.000015558666997101555,2
28.0134,7,-0.00002944922037385373,0.00004266239538767907,0.000011222319528266558,3
28.0134,7,0.000016271301344894226,0.00002626050270975088,0.00008888669233342024,3
28.0134,7,0.00018261045694783224,-0.000003986261300957589,0.00033362273829244335,2
28.0134,7,0.0000716250204608205,0.000047303215966281924,0.00009821571166002002,2
28.0134,7,0.00003808275171451705,0.00015450948339361723,0.00042526537055471205,2
28.0134,7,-0.00009151389296456146,-0.00000009158802769974128,0,1
28.0134,7,0.000010112911110086895,-0.00012729680755787902,0.00003224427182335274,2
28.0134,7,0.000017374952224111278,-0.000030945852630748004,0.00007033300922026202,2
28.0134,7,0.0002048816371527855,-0.00003655406998506458,-0.0002008053770985963,1
28.0134,7,-0.0001392325888126841,0.000026589061443879233,-0.000003105139408846537,3
28.0134,7,-0.00009685540138289138,-0.0000000969348829733448,0,1
28.0134,7,-0.00012043726386398233,-0.000009882906271886075,0.00002098752861036512,2
28.0134,7,0.000014382593679516127,-0.0001224840785155825,-0.00005475579119251479,2
28.0134,7,-0.00001579076855589091,0.000052443722697744665,0.000010480557943891563,2
28.0134,7,0.00014663776354016761,-0.0002811820188747753,0.00025692111363749136,1
28.0134,7,0.00012082644774696778,0.00018774016006364746,0.00010637929663915899,3
28.0134,7,0.00008058638313722703,-0.00016514614145508497,-0.000007025239730348322,2
28.0134,7,0.000017463168386772406,-0.00033775569496482724,0.00003067160618200377,2
28.0134,7,0.00005459002552608099,0.0003702724803514272,-0.0001406062316753424,3
28.0134,7,0.000056254614810456364,0.000060791992459898803,0.00008129543025423632,2
28.0134,7,-0.000008865360745818043,0.000019272815291135843,-0.00003059754291868699,2
28.0134,7,0.00002855467866252449,-0.0000899630377066678,-0.00008063062226696024,2
28.0134,7,0.000029055616541369765,-0.000004186713558856389,-0.000008085296407941368,2
28.0134,7,-0.000045551451055340185,0.00000417449729292806,0.000017182370431772153,2
28.0134,7,0.000051327839894820845,-0.00004886056452082464,0.0002062070662644541,2
28.0134,7,-0.00014653493012829432,0.0000022004671722480687,-0.000004868730834897069,2
28.0134,7,0.000024197600895156172,0.00008810161778438363,0.000040119310348996285,2
28.0134,7,0.00006044021162784512,-0.000029966184219297068,0.00014297496586033356,3
28.0134,7,-0.00000038297937688356264,-0.0001181341851514993,0.0000035571043782174293,2
28.0134,7,-0.00017892260263575367,-0.00000017908423357681058,0,1
28.0134,7,0.00009131424230063301,-0.000022230059385601673,0.0000322652004628252,2
28.0134,7,-0.000026691828024504823,0.00029358139553147217,-0.00038016550411698835,1
28.0134,7,0.0000034041384771237294,-0.00011204332570837542,-0.00007377573079712544,2
28.0134,7,-0.00012292498289465136,-0.00000012303056016229377,0,1
28.0134,7,0.00009281400254793153,-0.00007197794036430791,-0.00009393066604871906,2
28.0134,7,0.00012418029993464905,0.00015150925042938833,0.00007583255229318132,3
28.0134,7,-0.00008851150572696724,0.0000029878147396741923,-0.000017384649378669217,2
28.0134,7,0.0000848830188053663,-0.00005066034733664462,0.00035569369368525347,1
28.0134,7,-0.00008224513631701434,-0.00000008230999301751194,0,1
28.0134,7,0.00004085959921349684,0.0004795637441978082,0.00031785659335679435,3
28.0134,7,0.00004069133167539901,0.000053676077042459644,0.00007357412362747033,2
28.0134,7,-0.0000010518616342956846,0.0001590026158259592,-0.00008297786245156632,2
28.0134,7,-0.000021024612418137562,0.00008122006318144801,-0.00025480438282653205,2
28.0134,7,-0.00006109698450312277,-0.000005412989717315857,-0.000003516903697052772,2
28.0134,7,0.00008821909411608742,0.000021779054953883325,-0.00029220594296343674,3
28.0134,7,0.00003461990933094695,0.00026692214234689377,-0.00017159615996238195,2
28.0134,7,-0.00007614451140335213,0.00011310092247765677,-0.00011195589133665337,2
28.0134,7,-0.00015534308426735685,-0.0000001554811120869239,0,1
28.0134,7,-0.00020521885740303083,-0.00000020540681092143238,0,1
28.0134,7,-0.0001419395353878563,-0.00000014206414624157803,0,1
28.0134,7,0.00008444190640929288,-0.000014941353654542088,0.00009202654371401504,3
28.0134,7,-0.00017189806784051727,-0.00000017205266721521262,0,1
28.0134,7,-0.000008406382193764493,-0.000004287350584388911,0.0000318850550380306,2
28.0134,7,0.000003401928209151446,-0.000027776709475827825,0.00004840557356205822,2
28.0134,7,-0.00009775442026107557,-0.00000009783480177032597,0,1
28.0134,7,0.00004512932259573552,-0.00011390575014283998,-0.00015760630537830735,2
28.0134,7,0.0005594840248765925,-0.0003342022557430614,-0.000078377614448797,2
28.0134,7,-0.0000005948259175756415,0.000030038497489267954,0.00022613003910809508,2
28.0134,7,-0.000056820480835493913,0.000007608788878142338,0.000005112060390244657,2
28.0134,7,0.00009628876649339162,-0.00014959958432364488,0.00023302324241136012,2
28.0134,7,-0.00019634048937534093,0.00002480059714705123,-0.00003368849014033659,2
28.0134,7,0.000006597216789919193,0.00008336405706395229,0.00012374497178220368,2
28.0134,7,-0.000015788244265337244,-0.000015959750296265246,-0.0000768446487224358,3
28.0134,7,-0.00007033766899027728,-0.00000007039060630406141,0,1
28.0134,7,0.00003926445016711726,0.00009064434507988509,-0.00002259425540114154,3
28.0134,7,0.000034866030610249213,-0.0000007436102721882692,-0.000007525273333336373,2
28.0134,7,0.00018802877152557677,-0.00022845865076700066,-0.000059054713773361435,1
28.0134,7,-0.00007478863072297548,0.00006395024590970163,0.00007532344839841326,3
28.0134,7,-0.000016301002713251324,-0.00000001629984927000139,0,1
28.0134,7,0.000011387402870923702,0.00007544498785571596,-0.00028043091165897517,2
28.0134,7,0.00006245734760040236,0.00021322208242563554,-0.00003550711933019048,3
28.0134,7,0.00003795844162423688,-0.00009724043094211623,-0.00012819357262914898,2
28.0134,7,0.00007364511369556464,0.000026174208563812688,0.000052172824509465654,2
28.0134,7,-0.00013541216668989557,0.0005982634248710195,-0.00031697331683310865,1
28.0134,7,-0.000041227177921239946,-0.000026838463977805398,-0.00005122378221009014,2
28.0134,7,0.000005369558817734785,0.000008227649088450477,0.0000051301727313632,2
28.0134,7,-0.000022795775896521973,-0.00003313607391486929,-0.00003110287141247072,2
28.0134,7,-0.000029999448610347965,0.000007118274906230905,-0.00001781557636597517,2
28.0134,7,-0.00011064416055425513,-0.000027714751515852098,0.00006204537983199175,3
28.0134,7,-0.00015470738441914067,-0.00008112675876868331,-0.00004982881512248538,1
28.0134,7,-0.00009182141338490972,0.0000007717469219163281,-0.000007992037212021378,2
28.0134,7,0.000020652824158408506,0.00032641545773213153,0.00023030318853550248,3
28.0134,7,-0.0000024068304867271475,-0.00003258105955898484,0.00002955982660781761,2
28.0134,7,0.0000013997127730615115,0.000016011846868708717,-0.00018871940898882377,2
28.0134,7,0.00006993518631803808,-0.000042468467977865715,-0.00022672423129992125,3
28.0134,7,0.00007556267653291528,0.00030046556960615286,-0.00015435351439755995,3
28.0134,7,-0.00010153971853829559,-0.00019041108141580439,-0.00007607598337170315,2
28.0134,7,0.00006401332549046447,-0.0001855430201551371,0.000028010166541085364,2
28.0134,7,0.0000044044895483044166,-0.00012525257898720566,0.0000072449902576882505,2
28.0134,7,0.0000242958046272,-0.000013475006349487261,-0.0001091410219602227,2
28.0134,7,-0.00017156792694163921,-0.0000001717221958449643,0,1
28.0134,7,-0.00012796005218821874,0.000009288699412259396,-0.000002608309780589218,2
28.0134,7,-0.000002314768706563112,0.00012916599797101996,0.0001290251240453137,2
28.0134,7,0.0000027116917489459964,0.00007448478773755001,-0.00011107882861386018,1
28.0134,7,-0.00002235852899476772,0.00002542214956327646,0.0000014926502725481374,2
28.0134,7,-0.000035355533642715055,0.00023866607394829983,-0.00024900196998395746,3
28.0134,7,0.000025861962890422647,-0.000234673639339571,0.0002550869020727261,3
28.0134,7,0.000052294436614557034,-0.0000933563233500155,-0.00014627044171084986,2
28.0134,7,-0.0001668247267555287,-0.00000016697424771071956,0,1
28.0134,7,0.000051684264271342604,0.000006441488278109874,0.0004482012644531546,3
28.0134,7,-0.00003391196971153364,0.00005137511790500726,-0.00011528489290402356,3
28.0134,7,-0.0001005223850304433,0.000009964811197491657,-0.0000010210806005222356,2
28.0134,7,0.000021722128247209713,-0.00008730781087976298,0.00024572834300119875,3
28.0134,7,0.000026372687761971927,0.000048223670381502543,0.000020693013911781937,2
28.0134,7,0.00004072140250386105,0.00002593917451210799,-0.0001996281492531322,2
28.0134,7,0.000048307352153603326,-0.00005782514863960842,0.00011834786585484977,2
28.0134,7,-0.00006595408527185404,-0.000016687671851680407,0.000026484587798256465,2
28.0134,7,0.000016155097041427798,-0.00012760081378762465,-0.0003502903803158576,2
28.0134,7,0.000050803881936222574,-0.00019266915183204712,-0.00012680384731065955,3
28.0134,7,-0.000017304442697348458,0.00006558425912035438,-0.0001142783468372507,2
28.0134,7,0.000013253672623936527,0.0001091501782102075,0.00003543381851466729,3
28.0134,7,-0.00001559370150897181,-0.00004998251633044981,0.00003862776092078982,2
28.0134,7,0.000008453478490684495,-0.00023069974317141884,-0.00006875852285607962,3
28.0134,7,0.00013159574544913287,0.0003539886320308906,-0.00021531234579637165,2
28.0134,7,-0.00010403883558604137,-0.00000010412550780132278,0,1
28.0134,7,0.000032283870257894647,0.0000747726897166402,0.000038815182884430466,3
28.0134,7,-0.00007922116658800501,0.00009393387095434022,-0.000055618907572243915,2
28.0134,7,0.000007759722065073772,-0.000015304662357505345,0.000006571727360156899,2
28.0134,7,-0.00001577749554173578,-0.0000371084645634559,-0.0000589075257883722,3
28.0134,7,-0.00021788684390315085,-0.00000021808747808871969,0,1
28.0134,7,-0.000024184328864207883,0.00002748544376230202,-0.00008633920725248822,3
28.0134,7,0.00003620484905806026,-0.00015722544748164068,0.0002441873938203955,2
28.0134,7,-0.000012451874107187218,0.00002087710745571391,-0.00003168811334971642,2
28.0134,7,0.00038602886896926987,0.0003533850979183072,-0.00006455157134537216,2
28.0134,7,0.000016936460524670077,-0.00021277518545162122,0.00016392615883233842,2
28.0134,7,0.0000729991138572149,-0.00007943049169635788,-0.00014897955565719648,3
28.0134,7,0.00011112374580540779,0.00022999653798818782,-0.00025228441010313843,1
28.0134,7,-0.00007141357693525695,-0.0002713188596701705,0.00041768999847991,1
28.0134,7,-0.00011884843047131637,-0.00000011894992710590238,0,1
28.0134,7,0.00005095751529818383,-0.000015022364911043514,0.00013449666504895176,2
28.0134,7,0.000024769560584506894,0.0001312266989323284,-0.0001478672818042793,2
28.0134,7,-0.00002848606951217743,0.00031642183530904166,0.00003377673724824226,2
28.0134,7,-0.00010639620016222745,-0.0004972593117685469,0.0004852969397355901,2
28.0134,7,0.000024876846216531147,-0.000013433072324745507,0.00004832408609150483,2
28.0134,7,-0.000005645297144668106,-0.00013535756683117278,0.0002932977232673654,2
28.0134,7,-0.00010352657154990415,-0.00000010361273098837261,0,1
28.0134,7,0.0000690579338159725,0.00019775267388202848,-0.0005004636611940018,3
28.0134,7,0.000022095196261550493,-0.00006603984676058845,0.00003612574095261217,2
28.0134,7,0.000002789413960466798,0.000017713403530850907,-0.0001317369736888846,2
28.0134,7,-0.0000031633656106000246,0.00008354693860571697,0.00007987254098703288,3
28.0134,7,0.00008291825865554916,-0.00034277851767080305,-0.00011646253880894907,2
28.0134,7,0.00016598341086881564,0.00018551940069262842,0.00025548453268356197,3
28.0134,7,0.000262090225031254,0.000026902311568602154,-0.00005033302483090622,3
28.0134,7,-0.0000811093751377632,-0.00000008117309494018346,0,1
28.0134,7,-0.00008807761616189174,-0.000001434392812570803,0.000002198146680762229,2
28.0134,7,0.00010655460488736621,0.0002151064835764733,0.00014905843152995075,3
28.0134,7,-0.00010073430002051286,0.0000007122584116481584,-0.00000210213095630367,2
28.0134,7,0.00009592869354589603,0.00006117370527929099,0.00009279485581113643,3
28.0134,7,0.00017397270214985415,0.00016925311373122375,0.0001174459701130602,3
28.0134,7,0.00004598034299154702,0.000028164728857600617,0.000049543140979571736,2
28.0134,7,-0.00008555162784886676,-0.00000008561979435069754,0,1
28.0134,7,0.000044566620102616404,-0.000044299114879856716,-0.00012203555114658023,2
28.0134,7,-0.00010031215303086258,-0.000004941017552440244,-0.000010606129494473975,2
28.0134,7,-0.00001802778024565551,-0.00020402102867530462,0.000015048248202683762,2
28.0134,7,0.00007289122192583001,0.00015905231155211377,0.00032717310094394823,3
28.0134,7,-0.0000791805008481845,-0.000433890883676807,-0.00008396306711092943,2
28.0134,7,0.000008678961689944297,0.00008391629199431076,-0.00003913762371892118,3
28.0134,7,-0.000001313652557004459,-0.000008503815408203523,0.00003656716896697925,2
28.0134,7,0.00006483927926234087,-0.00033170394631719445,-0.00040968117233596105,3
28.0134,7,-0.000044694951782169526,0.00004379643210777768,0.00003541707706373281,2
28.0134,7,-0.000004208747234921166,0.00007869666117348751,-0.000035758351190712266,2
28.0134,7,-0.000143597951378735,-0.00000042714485183659117,-0.0000014855244483260064,2
28.0134,7,0.00003463884315263445,-0.00003774922405310131,-0.0001185450634269379,2
28.0134,7,-0.00006604431657031513,0.00027231518499416227,-0.00030244158017000907,2
28.0134,7,0.00013890955190466113,0.00019193379935434498,0.00005498565074473469,3
28.0134,7,0.00005266870103137839,-0.00022464429161064137,0.000169575757485948,2
28.0134,7,0.00014041513849191237,-0.000095540908400032,-0.00018507334104829454,2
28.0134,7,0.0001937168157908729,0.00006463817623745089,-0.0003059800640571169,1
28.0134,7,0.000051184248358227365,0.0003533562606995926,-0.0002035077751515862,1
28.0134,7,0.00014600273500955425,-0.00006436816152689286,-0.00027530609299056876,2
28.0134,7,0.00010592155023398929,0.00008294065876804101,-0.000012885710776043694,2
28.0134,7,-0.00017674377376753622,-0.00000017690322369871506,0,1
28.0134,7,0.000011130628259051842,0.00004823547275274291,-0.00008149498744240683,2
28.0134,7,0.00003988432799624696,0.00005542449299227441,-0.000049912157093257184,3
28.0134,7,0.000042063066618987474,0.00011369325306961173,-0.00009419525327185858,3
28.0134,7,-0.000004459583469049027,-0.0000692333518282331,0.00009212275636899375,3
28.0134,7,0.00016870043070449625,0.00021175036487577865,0.00008476202379788696,1
28.0134,7,0.00003619761960199238,0.00027818749729573405,-0.00004539814500176861,2
28.0134,7,0.0000679362635277935,0.00014344662211100004,0.0003612820371596281,1
28.0134,7,0.00003178864557583198,-0.00012588075873686038,0.00006308914249278872,2
28.0134,7,0.00009453973840466239,0.00005464134269761436,-0.00003386688069784179,3
28.0134,7,-0.00016852885235046276,0.00011405650658927494,-0.00008834588657319528,2
28.0134,7,0.00007491518969298794,-0.0001828193057063244,-0.00012118033838438238,2
28.0134,7,0.00029928721127142984,0.00017189723870927607,0.00004329211642894815,3
28.0134,7,0.00008240429024470012,-0.0002758100192359161,-0.00037037656735499025,2
28.0134,7,-0.00019666419322753192,-0.00000019684358351853058,0,1
28.0134,7,0.00009897910721164229,0.0000023921488666431084,-0.000010444203866796009,2
28.0134,7,-0.00017138036958981606,-0.0003149181619920279,-0.0007748887053602967,2
28.0134,7,0.00011927284079923882,-0.00012153573558508145,-0.00026017590826867183,3
28.0134,7,-0.00007030411331664198,-0.0003800088798689291,0.000011967777674404837,2
28.0134,7,0.0001579510510134837,-0.00008055466405768853,-0.00009778202283625733,3
28.0134,7,-0.000024013585340793043,-0.00002171397141820143,0.000039224280361077056,2
28.0134,7,-0.00019569518612273207,-0.00000019587360643664882,0,1
28.0134,7,0.00012927839037797588,-0.00008721240702787595,0.000141745226197443,3
28.0134,7,-0.0000424771994240536,-0.000008931166510160538,0.0002926334506634335,2
28.0134,7,-0.00011335282894320455,-0.00000011344882447515979,0,1
28.0134,7,0.00044046604428525486,0.00012518462061947435,0.00032468820592474715,2
28.0134,7,0.00013618065475539288,0.0002102377948111344,0.000132861107198175,2
28.0134,7,0.00008666904382123651,0.00007930884630716277,0.00008530605790933226,2
28.0134,7,0.0001484497429347477,-0.00019202701270579838,0.00017320672509107163,3
28.0134,7,-0.00008892975193025514,-0.00000008900129993767289,0,1
28.0134,7,-0.000011175474317921988,0.00004926033674679725,0.000020456250126030557,2
28.0134,7,0.00006500660462208705,-0.00009419868478051438,-0.0003259188630695601,2
28.0134,7,0.000559480744027505,-0.00022919027395820355,0.00009155748994010858,2
28.0134,7,0.00034081574100419107,-0.00010621987545722156,-0.00004686715094876068,3
28.0134,7,0.00012976635281182304,-0.00007358801153129849,0.00030166789499954,1
28.0134,7,0.00022879185759365099,-0.0001075285718342731,-0.0003171317307691927,3
28.0134,7,-0.00012069352775839735,0.00001810496183842243,0.000003252625351690032,2
28.0134,7,0.0000460260811889271,0.00016489292803356263,-0.00009701873982248147,2
28.0134,7,-0.0001349391316081379,-0.00000013505673505066867,0,1
28.0134,7,0.00002427328411697457,-0.00021480167808733393,-0.00012997258171828824,1
28.0134,7,0.00011192101410213206,-0.00008969898253454775,-0.000005524485996936068,3
28.0134,7,0.00005822988468568726,0.000005540069320967355,0.000013112936060820155,2
28.0134,7,-0.000055389772832347395,0.00020050989916554747,0.00014009906567692863,2
28.0134,7,-0.00006578952892528762,-0.000002858538701497937,0.00007403730595428556,3
28.0134,7,0.00004815205122330089,-0.00009627156448298637,-0.00006871916820392073,2
28.0134,7,-0.00016913260037159291,0.000014614014439386799,-0.00003723156274801861,2
28.0134,7,-0.0000094434012303551,-0.00006943749021926516,0.000015811621368315188,2
28.0134,7,-0.0000068459239055110495,-0.0000403725556093534,0.00005739662527236888,2
28.0134,7,0.0000022294683153462602,0.00019189498091031545,0.00010760548380966209,3
28.0134,7,-0.00007294627555465802,-0.000020037675417090646,0.00014226735830640428,1
28.0134,7,0.00007129927992502151,0.00039408672943199146,0.00010134301492983232,1
28.0134,7,-0.00008846524800412365,-0.00000008853633104264639,0,1
28.0134,7,0.00008135431691366815,-0.00008139943726317884,-0.00006600362450357071,3
28.0134,7,-0.000004278722542780461,0.00008997792483355094,0.000010386091098661555,3
28.0134,7,-0.000004481066163830903,0.00009463609442740282,0.00013448995930506622,2
28.0134,7,-0.000049015120832524776,0.00008680153210381888,-0.00016832933846448308,2
28.0134,7,-0.00008373752460187433,-0.000004500115273897629,0.000012209174059736357,2
28.0134,7,0.0001307629830994505,-0.0001431967599295936,-0.00018332583049555072,2
28.0134,7,-0.00010232194970369622,-0.00038830171795115905,-0.00014015645611838005,2
28.0134,7,0.00002256070882111198,0.000210672439707773,-0.00025576991159460626,3
28.0134,7,-0.0000884814385710549,0.00034712591496855556,0.00028388792410290046,1
28.0134,7,-0.00007207432771801489,0.00037684142161402743,-0.00022871561301767034,3
28.0134,7,0.00012528175000892656,-0.000044947218050397354,0.000048564529591565884,3
28.0134,7,-0.00016344145477548968,-0.00000016358758907204186,0,1
28.0134,7,0.00010850161381315568,-0.000015015821792964282,-0.00007060795151827584,3
28.0134,7,0.00006826132750173388,0.00006853175731183839,-0.00005845558395191931,2
28.0134,7,0.00009257685760066925,0.00009265805068536538,0.00008983483272963025,3
28.0134,7,0.00019307825896876715,0.00010916132385777498,-0.00006814236596684655,2
28.0134,7,-0.00012066920911235653,-0.0000001207725283481848,0,1
28.0134,7,0.00014889182873465274,0.00029567227608033223,0.0002322930786652385,1
28.0134,7,-0.00005519572640427905,0.00011279281487987816,0.00004185804029371932,2
28.0134,7,0.00007154017535039342,-0.00007860660184331626,0.00018057720807660251,2
28.0134,7,-0.00012810311274531893,-0.00000012821387332612518,0,1
28.0134,7,-0.00017509678688995689,-0.00000017525458818562264,0,1
28.0134,7,-0.00003769174456832266,-0.00013638420122537287,-0.000370032971949922,2
28.0134,7,-0.00014262181166376498,0.00003009816359465483,-0.0000032619194908941464,2
28.0134,7,0.0000660299197247341,0.00013333221396082145,0.00015310618080878902,3
28.0134,7,0.00007508478910882852,-0.00011239300465858907,-0.00015959571108026485,3
28.0134,7,0.0000067936284749004394,-0.00022896736727252213,0.00016171687304114752,1
28.0134,7,0.00001665836478907877,0.000018847913434638228,0.00006748153528195903,2
28.0134,7,-0.000005824317717604491,-0.00007906201536311232,-0.0000012705349224159088,2
28.0134,7,-0.000010333943678424316,-0.00002562796834509173,-0.000012218957289510381,2
28.0134,7,-0.000024557428498107282,0.00009939481097630779,-0.00017276119056460826,3
28.0134,7,0.00004895268353531622,-0.00008928786274969676,-0.0002844445069855095,2
28.0134,7,0.00002600463455395333,0.0000045015014305661165,0.000048737476200818935,2
28.0134,7,0.00012399558123910945,-0.000015542999886704736,0.00008095804685820073,3
28.0134,7,0.00008938160889917788,0.00026510378639401863,-0.0000910672472435479,3
28.0134,7,-0.000006968833537619304,0.0002567676737451952,0.00014482994001344823,2
28.0134,7,-0.00011794695080598443,-0.00000011804754505852306,0,1
28.0134,7,0.00004607699322452089,-0.000024715368925423183,-0.00014912283346798578,3
28.0134,7,0.00007543446100008363,0.00001553812863489818,-0.00007583556115118099,2
28.0134,7,-0.00002996285588541122,0.0000050112829113918605,-0.00011186662585634756,3
28.0134,7,-0.000022693249419037108,-0.00011736194291325491,-0.000026706122555358377,3
28.0134,7,-0.000005652431945287169,-0.00003521481319140449,-0.0000344493970700706,2
28.0134,7,0.00039194792250826977,0.00019786550469852207,0.0000634157941848796,3
28.0134,7,-0.0000565768524803216,-0.00040583371328647207,-0.0004212394828128779,2
28.0134,7,-0.00018401385401933663,-0.00000018418058130812487,0,1
28.0134,7,0.00007487927802791894,-0.0001668453091536334,-0.00026941556823156375,2
28.0134,7,0.00015788277826676633,-0.0002108901079370988,0.00031406496528272747,3
28.0134,7,0.00025214431463010603,-0.00014663399947247157,-0.00010429778740771623,3
28.0134,7,0.00006100855267600936,0.00033701414132186194,-0.00013555315517135985,3
28.0134,7,-0.0002018507216878158,0.00002243509569326506,-0.000009670085586869903,2
28.0134,7,0.00015945405687138082,0.00004525250544612104,-0.000048382406391279134,2
28.0134,7,-0.0000010843331521602338,0.00003959505295943697,-0.00030344175415259914,3
28.0134,7,-0.00004396414869512636,0.000023129917129858672,-0.000053895935372205484,2
28.0134,7,0.000006085540205711312,-0.00014000585940656624,-0.00005429358607180267,2
28.0134,7,0.00007849084217135176,0.000022002453289689906,0.0000616042463609488,3
28.0134,7,-0.00011375096923811753,-0.00002173080606004552,-0.000006782812657076704,2
28.0134,7,0.00002359444765036043,-0.0003065301673017886,-0.00004562676186277687,3
28.0134,7,0.00004027748458011129,0.0000653332288463177,-0.00004669531835074157,3
28.0134,7,0.00005385695439820843,0.0004987195760567914,-0.00011950960677305895,3
28.0134,7,0.00012584920961647674,-0.0001525201149995777,-0.00002510614533137315,3
28.0134,7,0.00003398314943286339,0.00022387044401563978,-0.00003912660795682453,2
28.0134,7,-0.00008225015976495496,0.00006433508805524722,-0.00007998505303662734,1
28.0134,7,-0.00015793841946646023,-0.0000001580790452191595,0,1
28.0134,7,-0.000016627825567667355,-0.00002026877166245285,0.00008621043862553633,2
28.0134,7,-0.00009987070144311929,-0.000013674414815745348,0.0002764220663075884,2
28.0134,7,-0.000048948581673723354,-0.00005557477220408792,-0.00005324681885755794,3
28.0134,7,0.00007995329829238718,-0.00022478916404731667,0.00002872904443874669,2
28.0134,7,0.00007390219994046326,-0.00011458907605043458,0.00016381343163144975,2
28.0134,7,0.00025410810826991865,-0.00007813711752206574,-0.00007566368365552172,3
28.0134,7,0.00008557622562104365,0.000044687105366173585,-0.000010301612990129132,2
28.0134,7,0.000012464368545565283,-0.00018539656796474004,-0.0000341275676000652,2
28.0134,7,-0.00006402529605598581,0.0002498838087536013,0.000016046718471792177,2
28.0134,7,0.00012505985313648738,0.00020236956818915725,0.0002874898109232895,2
28.0134,7,-0.0000038809983597827485,-0.000022325402696128332,-0.0000049343784389073574,2
28.0134,7,-0.000027805939574219614,0.00004892140918736691,0.000025794584528018653,2
28.0134,7,0.000028043977645566962,0.00002080562159116431,0.00009675890413812344,2
28.0134,7,0.00002270065599597153,-0.0000588990458189604,-0.000003174007127272874,2
28.0134,7,0.0000195474994175788,0.00005019967174771352,0.00015353944128600365,2
28.0134,7,-0.00006044116334390293,0.00009620541162907928,-0.00012654015086073153,2
28.0134,7,0.000055031791418401444,-0.00000528617724058095,-0.000026443915557655864,2
28.0134,7,-0.00003995554883174449,0.00009090238119250881,-0.00010182278655458764,2
28.0134,7,0.000026025944266499128,-0.0001415988923558745,0.00008511820869126714,2
28.0134,7,0.000052875003843072376,0.00009178642660917453,0.00007846626644129587,2
28.0134,7,0.00012365697612312662,-0.0001556485564341522,0.0001338514871549727,3
28.0134,7,0.00006909446183062255,-0.00007199150174700405,0.00004330125422724489,2
28.0134,7,-0.00008098977617353113,0.00019382524681840212,0.000496953485537023,2
28.0134,7,-0.00021676911851968168,-0.00000021696863386102284,0,1
28.0134,7,0.000045337579462692656,-0.00005679576988305121,0.00005221253641811313,2
28.0134,7,-0.00009970819299250257,-0.00000009979053023021287,0,1
28.0134,7,0.00010331017377453702,0.000001398994820865997,0.000052862960103466744,3
28.0134,7,-0.00007367877561682365,0.0000014621783465687716,0.0000046190367815416366,2
28.0134,7,0.00010938479158105569,-0.00021773000276915187,-0.00011965615195501152,3
28.0134,7,0.000011583973462758355,-0.0001915887290241736,0.00003369816932986997,2
28.0134,7,0.00007451643279807716,-0.0002989944849424106,0.0002672777657263275,3
28.0134,7,0.000009174818569161917,-0.000055907872605950014,0.0003220062420352733,2
28.0134,7,0.0000503237645382482,-0.00026691995056431694,-0.00010876028568422168,3
28.0134,7,-0.00015251499219041736,0.000014521728866555419,-0.00006788173610598865,3
28.0134,7,-0.00012176185604336793,-0.00005649995475473604,-0.000032713871454882144,2
28.0134,7,0.00003599534575665169,0.00003702275073237989,-0.000001655830652999814,2
28.0134,7,-0.000010616302708116063,0.00003391603685171726,0.00009993456203212927,2
