28.0134,2,-0.000011922717107139097,-0.00000001191718099561478,0,1
28.0134,2,0.0001550333996335793,-0.00012866652346031824,0.00011544794676735526,3
28.0134,2,0.00024824209770184686,-0.000007017546700737385,0.00012822108398745708,4
28.0134,2,-0.00007855806320434028,-0.000016432698547201492,-0.000034831167926235436,1
28.0134,2,0.0003076239616605099,-0.000028689971254480653,0.00009636619161046414,3
28.0134,2,0.0002892440385527681,-0.000009714031157038936,-0.0000888097656717957,3
28.0134,2,0.00019690085955522316,-0.000025935653227665652,0.00010897879319993119,3
28.0134,2,0.00000986509927524933,0.000005612745296623306,0.00006283769411225427,3
28.0134,2,0.00010860159391888109,-0.000022241960084755474,0.00005768419489798457,3
28.0134,2,0.00016248984786866762,0.00007415608640771116,0.000049282784358045866,2
28.0134,2,0.0002704070254136152,-0.00003859511198403667,0.00000013300285072787085,3
28.0134,2,0.00031664644374181685,-0.00013729913521912278,0.00003885444442893171,4
28.0134,2,0.00005749554646752362,0.00009611902866074617,-0.000012371250978476434,2
28.0134,2,-0.000037496016012012735,-0.00019247907187330831,-0.00029392304653066276,4
28.0134,2,0.000127558505925923,0.00004687782551994438,-0.0001958693376250185,3
28.0134,2,0.0002089794858698231,0.000038438840097208176,-0.000010179406497290342,3
28.0134,2,-0.00006319346532118816,-0.00001653221132743381,-0.000007873955304012484,2
28.0134,2,-0.000045351165851986584,-0.00003491995912411213,0.000014068459724203065,2
28.0134,2,0.00006400623335753385,-0.000012728599973286306,0.0001448290556039002,2
28.0134,2,0.00011833500604128314,-0.00016877377931379364,0.00008886037607494973,3
28.0134,2,0.0003171823146712674,0.00002036213340148606,0.0001380558335147403,4
28.0134,2,0.00015065995564022226,0.0000623724335811087,0.00010945945331310226,4
28.0134,2,0.00006526452257288535,-0.000016803833878419418,-0.00014831169962322856,3
28.0134,2,-0.00003187361269553909,0.000024016012574798406,-0.00015043567625012535,4
28.0134,2,0.00022964613285785158,0.000020635072366322497,0.00013874898172741757,4
28.0134,2,0.00004072752782377866,0.00009036161667672974,-0.00005896378785071254,3
28.0134,2,0.00023793919634908489,-0.00009114889898489658,-0.000028304006868595525,3
28.0134,2,0.0000628786379000308,0.00006825465237135705,0.00015484607514501411,3
28.0134,2,0.0002837981578855258,-0.00016117048719978527,-0.00013309965753314037,3
28.0134,2,0.00003136183462339067,-0.00016260600741226376,0.00003791814646883003,2
28.0134,2,0.00027095708984207914,0.0001652078339354248,0.00005674919733965112,3
28.0134,2,0.0002919565886010339,0.00006739382069394048,-0.00010823727739574906,4
28.0134,2,0.00006441234028904883,-0.00018112386044052723,0.00019737263257449175,2
28.0134,2,0.00019184344984519484,-0.00002659703302743159,0.0000382250566570293,3
28.0134,2,0.0001979353704219929,-0.000021578812118257177,0.00004967039851604512,3
28.0134,2,0.00016545803025665604,0.00002040731881257547,0.000023667752157702694,4
28.0134,2,0.00020140112333426975,0.00018674227692104005,-0.000006898415069335275,4
28.0134,2,0.0001643001328210123,0.00004650066996819226,0.000029171914088291024,3
28.0134,2,0.00005881095464676054,0.00015222470110930054,0.000025402523106997956,3
28.0134,2,0.0002173808407777165,0.0000618421586679862,-0.00000461399681919213,3
28.0134,2,0.0003880795900592729,0.00029855945274442593,0.000033970745635267344,3
28.0134,2,0.00021739009008651608,0.00005262399567663175,-0.000031997980141830056,4
28.0134,2,0.0003401000776218551,-0.00007665108408830156,0.0000002759328577292702,4
28.0134,2,0.00012308414735537872,0.00007291096920524321,0.00010682053011916383,3
28.0134,2,0.00010520237178994657,-0.000024365478151713934,0.000014400953289985585,3
28.0134,2,0.00008190048191298362,0.00003707862288081713,-0.00007606903936538177,2
28.0134,2,0.00025784232247644284,-0.00004959147792376659,-0.00014101532509388858,3
28.0134,2,0.00018332328976981605,-0.0000763994081588254,-0.00006870361462029217,2
28.0134,2,-0.00001877653988829332,-0.000032896945186100765,-0.000011242695566110933,2
28.0134,2,0.0004006101702364579,-0.00027170170080737037,0.00013725729941798826,5
28.0134,2,0.00018838443796354528,-0.00004944757725478359,-0.0000060496787211465495,4
28.0134,2,0.0000568704756262064,0.000012255587826810045,0.00007719395928645271,3
28.0134,2,0.00006841568810344994,0.00023391171070057262,-0.00028119773068213953,4
28.0134,2,0.0003203389605167235,-0.0003266363011192277,-0.00013560145372337417,3
28.0134,2,0.0001026671306314454,0.000055901077248868854,-0.00011134206240385803,3
28.0134,2,0.00012867134953796063,0.00008576604414140585,-0.00016846097592901837,3
28.0134,2,-0.00001964810614635709,-0.00011502921647401532,-0.000015959291318714385,3
28.0134,2,-0.00017045042239062036,-0.00008777630997638294,-0.0005340347663603905,2
28.0134,2,0.000025240643691268404,-0.000022462954014267097,-0.00026650246295871255,3
28.0134,2,0.0002724970311136774,0.00008205166115249166,0.00004008120380493015,4
28.0134,2,0.0003194936383641072,0.00009329767321822296,-0.00013974770629882624,4
28.0134,2,0.00018733125121498965,0.0002624241065560067,-0.00003245878552183599,4
28.0134,2,0.00014998254754957494,-0.00003616968952615232,-0.00008079399013432999,4
28.0134,2,0.0003580028664549016,-0.00011006068114690831,-0.0000005927214436445925,4
28.0134,2,0.00008899161880727588,0.00006447819106520968,0.00022097481270261267,3
28.0134,2,0.0002787714575245347,0.000030798327367633895,0.0001354647860678541,4
28.0134,2,0.00008157221537072394,0.0000175347690572062,-0.00006585501246623017,3
28.0134,2,0.0001669427624204491,0.00012197569173770242,-0.000041867966646267965,3
28.0134,2,0.00010320344021200312,0.00011652376594617799,-0.0001935889706875528,3
28.0134,2,0.00029891822811755427,0.00006766192955118796,-0.000010921587055701993,3
28.0134,2,0.00033121808515898277,-0.00017237867610079552,-0.00014718735103009194,3
28.0134,2,0.00009598725022831733,0.0000646095288744906,0.000018297881357080472,4
28.0134,2,0.00017861549661762855,-0.00015540083654817818,0.00011992678767064409,3
28.0134,2,0.00018519265904553178,0.00000641037706146831,0.00002991943564563524,3
28.0134,2,0.00005808470331177692,-0.0001634007525125977,-0.000129993050694917,3
28.0134,2,0.00033978023789652765,-0.0003888075991726581,-0.000004910621188756454,4
28.0134,2,-0.000018309872864199932,0.00004053239010536871,-0.0001222217490041227,3
28.0134,2,-0.00008051351698114104,0.0003391011665452972,-0.000875100471218609,4
28.0134,2,0.00002650670983849903,-0.00008554592487297647,-0.00006311509918750529,2
28.0134,2,0.00010866420175768639,-0.00003889035041938121,0.00013837103128710895,3
28.0134,2,0.0003165243982916475,0.00014896060322710573,-0.000086552658828199,4
28.0134,2,-0.000014429489787108718,0.000020195052900363546,0.000026111482602474257,2
28.0134,2,0.000015856857022354815,-0.0003170820184289286,-0.00025630624559994206,4
28.0134,2,0.00026935327655599523,-0.00010734158334910675,0.00021491211829195172,4
28.0134,2,-0.00011309081648294651,-0.000017779790458906243,-0.00002222743179790236,2
28.0134,2,0.0001578322758293704,0.00008392485493870595,0.00006782797879016822,4
28.0134,2,-0.00007979764722876031,0.00002247757459160888,0.00005281879995861553,2
28.0134,2,0.00021179747183149285,-0.00028543136895385694,0.00038357607583542843,5
28.0134,2,0.000131363031204661,-0.00011661342461960878,0.00017091920034196988,3
28.0134,2,0.0003009998493398923,-0.00014940339067108738,-0.0000068930495530711054,4
28.0134,2,0.000017420446951709698,-0.0006487047893106986,0.0002353644319458146,4
28.0134,2,0.00021936382025702195,0.00013062024836748561,0.00010041094156512902,2
28.0134,2,0.00006154480353810914,-0.00002259146614468553,-0.00027683928074468544,3
28.0134,2,0.0002676030956029008,-0.00021157373529270167,0.000012945910183174774,4
28.0134,2,0.00016038919322576388,0.0001799077371775482,-0.00006982230843182844,4
28.0134,2,0.0000634493977207969,0.00009234872919248957,-0.0002943714735494501,4
28.0134,2,0.00036530285167415933,0.00010725977792564527,-0.0000040596577453531515,3
28.0134,2,-0.000051498765252488046,0.0000351637503392467,-0.000013174286659181477,2
28.0134,2,0.00011934114522032721,-0.000008855072034893203,0.00007239498092395433,3
28.0134,2,0.00030706594581235815,-0.0000554909839375826,0.00006692902378621568,4
28.0134,2,0.00003969026001275201,0.000017950269519687505,0.000056623848542616526,2
28.0134,2,0.00010213955650631764,-0.000027064684553920812,-0.000051659660558017,2
28.0134,2,0.000261153684854542,0.000038263227937388686,-0.00011454838579024761,4
28.0134,2,0.0001550118976828045,-0.00007604996805998724,0.000025257448487564864,3
28.0134,2,0.00018475825813740344,0.00020790511219648838,-0.00006431334093494827,4
28.0134,2,0.00008712691185822587,0.00013779046028649167,0.00003020997709176532,3
28.0134,2,0.00018730640050712815,0.0000082612709033229,-0.0000452414720170486,4
28.0134,2,0.000034447783045351905,0.00005270632002956471,0.0001455281591426713,2
28.0134,2,0.00015665647375334802,-0.00004694291958382359,0.00009848576938389525,3
28.0134,2,0.00026810129731815715,0.00014388039873718632,-0.00011402362106518027,3
28.0134,2,0.0001328646051339126,-0.000041115790303615914,-0.00010260760615932499,3
28.0134,2,-0.00007012788899966283,0.00005240645017703797,-0.00001313606470661605,2
28.0134,2,0.00008183255855096646,0.00000807763031517968,-0.000032507391186022606,2
28.0134,2,0.00015449424294798565,-0.00005654315140490612,0.000024498846235715455,3
28.0134,2,0.0001795611383740039,0.00013700430395956596,-0.000002170173381322114,3
28.0134,2,0.00008248407038814558,-0.0000008044586426445074,0.000005145928329225577,2
28.0134,2,0.000006114650010620594,-0.00006246560299575445,0.00014609269765079869,3
28.0134,2,0.0003148746120136827,0.00006784110065687834,0.00012747074636780501,4
28.0134,2,0.00011603896730340071,-0.00013609315286130158,0.000045750804443232114,4
28.0134,2,0.000014601915572858803,-0.0000003321557489070085,0.0000007510084631920899,2
28.0134,2,-0.000044787628350013476,-0.000007836600951996293,0.000002822461180452916,2
28.0134,2,0.0001076631889585542,-0.000030666669735882313,-0.000044230645615610955,3
28.0134,2,0.0002748675899691749,0.000041439180983735154,-0.000029890454483738323,4
28.0134,2,0.000001755251593589681,-0.00003560197941277673,0.00037514098922395285,3
28.0134,2,0.0001839281657454874,-0.00014426996207846836,-0.00010306979309608991,4
28.0134,2,0.0002578867828401653,0.00020300121263795698,-0.00009724013586637182,3
28.0134,2,0.00010165220614012303,0.00009702309970164806,0.000036944152674180384,3
28.0134,2,0.00015212821969841803,-0.00010686791770200734,-0.00007612164908850938,3
28.0134,2,-0.00017933635732117134,-0.00000017949840243108256,0,1
28.0134,2,0.000016286809736485884,-0.00008101159186322419,-0.00006767577276565915,2
28.0134,2,0.00010571509143161318,-0.000013336844799657994,0.000043391903381204103,3
28.0134,2,0.00020367279985130567,-0.00020044082604950432,0.00007260485183501389,4
28.0134,2,0.00005193410585863195,-0.00003544203550384899,0.0000004300589526807394,3
28.0134,2,0.00018959687619122482,0.0000036119723106233655,0.00007296486069925728,2
28.0134,2,0.00005370035158212449,0.00007046103351391602,0.000057877012203587575,3
28.0134,2,0.00004369494184291155,0.00017304123016536826,0.00017997559377691164,3
28.0134,2,0.00015772738217549235,-0.0000010889784680542903,-0.00009260324900554595,2
28.0134,2,0.00019386323800120776,-0.00012644995214980206,0.000005374229224877311,2
28.0134,2,-0.00020523448731934828,0.00004529793008150711,0.00014231112895466815,2
28.0134,2,0.00012049420287709508,0.00012267863331048826,-0.0001191218119127709,3
28.0134,2,0.00016019057553023046,-0.00011310352547178196,0.000044829818320482625,3
28.0134,2,0.00030336124903996767,0.00012640598486526885,-0.000030436834611221322,4
28.0134,2,0.00039346761049504513,-0.00007921449005112597,-0.0000787788630842255,4
28.0134,2,-0.000027064304915961235,0.00009184848008236005,0.000036673234753561235,3
28.0134,2,0.00014740513063968592,-0.00001611974441334072,0.00006861179296187478,3
28.0134,2,0.00007579156736984801,0.000011220654924868255,-0.000020124932985769008,2
28.0134,2,0.00013835265471758606,0.0000404230274757049,-0.00008884504572701325,3
28.0134,2,0.0002705289750514909,0.00009237423649130514,0.00028913408765587884,3
28.0134,2,-0.0001346948653428769,0.0007995687465897351,0.00031831543627202475,2
28.0134,2,0.0001473495947864727,0.00008257514212912275,0.000007153534337094743,3
28.0134,2,0.00022214679755184813,0.0001075704683418498,-0.000047026907562822203,3
28.0134,2,0.000006645258930237068,0.00031150223156571844,0.00018420830605882338,2
28.0134,2,0.0002801016995621993,-0.0001282975995732861,0.00009250423367841468,4
28.0134,2,0.0001577811916755237,0.00010743414224037444,-0.00009414692667172349,4
28.0134,2,0.00024918489706611844,-0.000010400604814903015,0.00029247097599305,4
28.0134,2,0.00016882529191133129,0.00014162580510108068,0.000116504328111777,3
28.0134,2,0.000082716954015276,-0.00011710041960549643,-0.00034620142047554574,3
28.0134,2,0.00014398489613402378,-0.00007156518581733892,-0.000015840569862513908,2
28.0134,2,-0.00007658310671248532,-0.00011037806371578423,-0.00007882912710027779,3
28.0134,2,0.0001151478298785895,-0.00006931489915217559,-0.00007625886046167683,3
28.0134,2,0.00026761874642770156,0.000017177331788831508,-0.0001693756751405727,4
28.0134,2,0.00002417374489852036,-0.0000772369205588349,0.00006793156134436408,3
28.0134,2,-0.00002130724721553911,-0.000000021311105028047228,0,1
28.0134,2,0.00033873506487313426,-0.00007972232126512307,0.000006686903704098426,4
28.0134,2,0.0002153278256949692,-0.00007666649416856634,-0.00009865178690265271,4
28.0134,2,0.00007736427046448448,0.0001443169424701127,0.0001232926463013894,3
28.0134,2,0.0001531289772539008,0.00003136482133784236,0.00005345188864483042,3
28.0134,2,0.0002080257482384397,0.00011330531703708037,-0.00015218712633114642,3
28.0134,2,0.000008637397374101039,-0.00008431001868289834,0.00003920975736293025,3
28.0134,2,0.0001723280203159981,-0.00016296731459929215,0.00015696488112823995,5
28.0134,2,0.00006331067192452313,-0.00016243338255249125,0.00011800490636281393,3
28.0134,2,0.00028950874728387167,0.00011446340387542465,0.00011503729178468813,3
28.0134,2,0.00024195517261325263,0.00004446387669320823,-0.000027092027725590237,3
28.0134,2,0.00012303437924821056,-0.00008550597479333118,0.000020105189536486036,3
28.0134,2,0.00020191337906771351,0.0000716983316100369,0.0000010450150883719445,3
28.0134,2,0.0002548614943851658,-0.00010307282293144841,0.00004467541329874383,3
28.0134,2,0.00022280984424534865,-0.00004192917740131354,0.00012948938858244256,4
28.0134,2,0.00007296735926205486,0.000055060475358539164,-0.000008563167308967327,2
28.0134,2,-0.0001670261787940447,-0.00006182440094892996,0.00005014262544445351,2
28.0134,2,0.000193319412037421,0.00006138521736779131,0.00010105304244105564,3
28.0134,2,0.00018572552018329187,-0.000021486477310914216,-0.00008768205507990313,3
28.0134,2,0.00003669819762071915,-0.00011406056825086279,0.0002763146473862608,4
28.0134,2,0.0002050093353794475,0.00010385530712691886,0.000024728353811052255,3
28.0134,2,0.00029251084266213734,0.00012082814310682269,-0.000026263417143044122,3
28.0134,2,0.00017087916598421815,-0.00007896759825059838,0.00011127266059175423,4
28.0134,2,0.00010266681856149618,0.00001572016811541084,-0.00011861139948808326,3
28.0134,2,0.000023126591770636,0.00002870872204846628,0.000019017066330726103,3
28.0134,2,0.00006709193061483992,0.0003133833191038087,0.000010999720213730477,3
28.0134,2,0.00006690217733561953,0.00023124207347487434,-0.00012231847955357096,3
28.0134,2,-0.00007012074743676022,0.00001305664455309085,-0.000004209534360977759,2
28.0134,2,0.00041790718213814053,0.00019250857326027487,-0.0000317922679306113,4
28.0134,2,0.00011569762348704315,-0.00005344898593451788,0.000130077875282876,3
28.0134,2,0.00007147414584108091,0.0000677500967635934,0.00003836819105972243,3
28.0134,2,-0.00000880053086860407,-0.000000008791869445529669,0,1
28.0134,2,0.00008351407143351073,-0.00015966939087394934,-0.00001033236760007969,3
28.0134,2,0.000025245689079086593,0.00008861467009307538,0.00011764848409538386,3
28.0134,2,0.0000485625086793495,-0.00006560446922215068,-0.00014096256313285402,3
28.0134,2,0.0001398120878164533,-0.000072897944012659,0.0003542608112630993,4
28.0134,2,0.0001298066948376894,0.0001549022500557495,0.00037651958023212896,4
28.0134,2,0.0000519804685380786,0.0000622554883659688,-0.00007643234761919304,2
28.0134,2,0.00012277811168176072,-0.0001174113785831574,-0.000021881489560740846,3
28.0134,2,0.0003527874954113819,-0.00004544390436934836,-0.0000349669103803116,3
28.0134,2,0.00009548087928041374,-0.000006517882759437068,-0.00009976205588828404,2
28.0134,2,-0.00003775164809496333,-0.000037515527330965734,-0.00004034414135809126,2
28.0134,2,0.00015821022023988613,0.000045303303222242816,0.00012563416127390171,3
28.0134,2,-0.00005040731838534496,-0.0003563236509254778,-0.000008609913873698726,2
28.0134,2,0.00012033107184618296,0.00007637726460217493,0.000013214274555601638,2
28.0134,2,0.00006958823930697351,-0.000012380140317212429,0.00003437508971183123,2
28.0134,2,0.000027364541336091924,-0.00004458095376936316,-0.000003982006983801281,4
28.0134,2,0.00003703348446305719,-0.000026780338680725078,0.00015285353499721886,3
28.0134,2,0.0002881279567097778,0.00010661547556335609,-0.000004683582575137898,4
28.0134,2,0.00006966710189943093,-0.00004782651600360046,-0.00004920273815680961,3
28.0134,2,0.000116847675908514,0.00002914428772598232,-0.00005346260465129546,2
28.0134,2,0.0003240635361252973,0.0001718576305671137,0.000012955636996200293,4
28.0134,2,0.000041352251520424646,-0.000075378749601567,0.0001420679186695684,2
28.0134,2,0.00020798501065713316,0.0000008910081002370454,0.0001502734564795229,4
28.0134,2,0.00007483849883104717,-0.000002276354050431195,-0.0000014645504414729462,3
28.0134,2,0.00008879718853688654,0.00001273076321623746,-0.00007869999905676192,2
28.0134,2,0.00011470028106177034,0.00004273225166139116,0.00009883795869000634,3
28.0134,2,0.00006185125358264,0.00006368721393758844,-0.00010600469892359341,3
28.0134,2,0.0001709777817930506,-0.0001565854755435909,0.000014813427278577308,2
28.0134,2,0.00012508584103265987,-0.0001960743860440184,0.00021028428199944873,4
28.0134,2,0.000045443444948569565,0.0000024885268598239133,0.000013686859994747196,2
28.0134,2,0.00004797336275480731,0.00009954911609084628,0.00007688357320894021,3
28.0134,2,0.000627460898812367,-0.0000037676552018013867,0.00004208195619330554,4
28.0134,2,0.0002402347373854457,-0.00021373788287974414,0.00020016886769069566,5
28.0134,2,0.0001830260836273162,-0.00014994356683103928,0.00008505613158514001,4
28.0134,2,0.00014416746824355252,-0.000025032848482947415,-0.00005509459107458179,3
28.0134,2,0.00013389025349135007,-0.00017971534859045386,0.000050780102851078144,2
28.0134,2,-0.00013205160988083334,0.000008980931045192727,-0.000009853713175504345,2
28.0134,2,0.0000889421698365804,0.000019123534553952355,0.0001298386264723491,3
28.0134,2,-0.00007878961316481284,-0.00003773488933978833,0.000029702837847513433,2
28.0134,2,0.00024111105344299386,-0.00013240051148792983,-0.00015142652602493804,3
28.0134,2,0.000042689400037723397,-0.00004988015767734704,0.00013279298595325772,3
28.0134,2,0.00011986827155168078,-0.00003083933444533159,-0.00007070396322271046,2
28.0134,2,0.00009580702692150322,-0.00020982049227964884,0.00003138497417616345,3
28.0134,2,0.0001767200373710505,-0.0000747843342221621,0.000012178680263335402,3
28.0134,2,-0.000008064134577734721,0.00017570741698764351,-0.000055449131497890726,3
28.0134,2,0.00016085385178898868,-0.00004729656266941626,0.00014778859375106095,3
28.0134,2,0.0003522087446271002,-0.00001655162286979764,-0.00006452070416923978,4
28.0134,2,0.0002386528682685118,-0.0003945811794873108,-0.0003113067413077957,3
28.0134,2,0.0003742271015805689,0.00018011258877253803,-0.00019395568818166933,4
28.0134,2,0.00021069592321557384,0.00009907443375497434,0.0001232586123929971,4
28.0134,2,0.00026833844996805665,0.00005479732509261077,0.000019094885901400754,3
28.0134,2,0.00019482717036833615,0.00020920009714736528,0.0001712987361390563,4
28.0134,2,0.00004277075575306097,-0.000051439233066013036,-0.00006849665388046834,3
28.0134,2,0.00009308825722917412,-0.000009903566540024805,0.00005209404117667148,3
28.0134,2,0.0001439232324824478,0.0000016991552595831523,0.0000009074785544444108,3
28.0134,2,0.00006219567349348171,0.000039446117495328735,0.0003169438687256461,3
28.0134,2,0.00023939925530758966,0.0000243493972678959,-0.00004201964819636483,3
28.0134,2,0.000060292275571098185,0.00006238868251719181,0.00002225877636210364,4
28.0134,2,0.00009310993312838685,0.00017010486827941004,-0.00007837918922904285,3
28.0134,2,-0.00001560395997297909,-0.00008866603970778809,0.00001527515943711346,2
28.0134,2,-0.000026494129372101167,0.00001192465481373159,-0.000001776094087276422,2
28.0134,2,-0.0001900163608436693,0.00007834772735508477,0.000022827507374889644,2
28.0134,2,0.0000502406448112602,0.00000005030840651029043,0,1
28.0134,2,0.0001790078931770702,0.00012202455170468859,0.00007415254559530773,3
28.0134,2,0.00009244259027118097,-0.0001267165053976661,-0.0001405367575152398,4
28.0134,2,0.0003497572444317429,0.00015239962426147734,0.00009034776724699851,4
28.0134,2,0.0001860900211872902,-0.00009403667831371301,0.000025160558283687285,4
28.0134,2,0.00023593933755462906,-0.0002894579288041246,-0.000007021512377380804,4
28.0134,2,0.0002900040913294191,0.00007543332733007072,0.00008964664413076033,4
28.0134,2,0.00013704297319248854,0.00007051082427829381,0.00023482500468225778,3
28.0134,2,0.00008699831396507495,-0.00010486265288183487,-0.00015301233850770066,3
28.0134,2,0.000022769767620687017,-0.00004227033332621463,-0.0000346634100861351,3
28.0134,2,-0.0001216834802041183,-0.000005662144002425186,-0.0000341093011580965,2
28.0134,2,0.00016391997492108204,0.00005768206015224704,0.000014121225928366458,3
28.0134,2,-0.00004316545109929725,-0.0001528606073464676,-0.00005137503265348421,2
28.0134,2,0.00005276284488683284,-0.000016034953638203326,0.00006002270023337231,4
28.0134,2,0.00005679828080693149,-0.00002203255516073965,-0.00007768925260868143,2
28.0134,2,0.00019255715301907955,0.00003396103251148048,-0.00024500158726796956,3
28.0134,2,-0.00008664943927616648,-0.00000008671870468833491,0,1
28.0134,2,0.00014727754410425015,0.00020327680513150623,0.00026298533551617005,3
28.0134,2,0.00018961783026627424,0.0002982492031674752,-0.00013802677201554407,4
28.0134,2,0.00001822399391724101,-0.0000006636429510839006,-0.000016039304181234983,2
28.0134,2,0.00006257368660399932,-0.00015764258730916202,-0.000036549979882774495,2
28.0134,2,0.000008164178380645863,0.00014081428587243275,-0.000004563476993600452,2
28.0134,2,0.00021326826042420238,-0.000055112910041445627,-0.00001049420138005969,4
28.0134,2,0.00014636051602385827,0.00008919750375069118,0.000018979283626059896,3
28.0134,2,0.00008029864426972558,0.00006696220659668908,0.00020949870109124996,3
28.0134,2,0.0002364286955956415,0.0000017801203735873841,0.000017734228160615597,3
28.0134,2,0.00016294089712182483,-0.00000024170175343842733,0.00009978974332117703,3
28.0134,2,0.00019467669235140864,0.00009362435818744591,0.00012717928176147287,3
28.0134,2,0.00004139534253237495,0.00014274850535539753,0.00023946661322691413,3
28.0134,2,0.0003219315491653301,-0.0001275130301567478,-0.00009422729779331533,4
28.0134,2,0.00011260216282757861,0.000034223095306139724,0.00027915228518513653,3
28.0134,2,0.00009053561799194572,0.0000592435903875877,0.00017267630694954545,2
28.0134,2,0.00016527568879326764,0.00010153949307506951,0.00004405160512896207,4
28.0134,2,0.00007626412975872669,-0.0001693056768077901,0.00008628725036663148,3
28.0134,2,0.0003196156710090454,0.00004396930943788151,-0.00006624406088444741,4
28.0134,2,0.0002469911427419527,-0.000023186416337496974,-0.00017129529282146835,3
28.0134,2,0.00006819199213904046,-0.00003625720363334643,0.00009163764463972167,3
28.0134,2,0.000009964187565001896,-0.000003524088715110357,0.000006135795680231753,2
28.0134,2,0.00001824577663552503,0.00006807590481599465,0.00009882932988800419,3
28.0134,2,0.00010522308097972226,0.00002251862157679678,-0.00015290551748734646,4
28.0134,2,0.00008140161730193165,-0.00009692361366777023,0.0002478949588495824,2
28.0134,2,-0.00013086734622726098,-0.000007578925934415492,-0.000017994028311499715,2
28.0134,2,0.00004501321095037501,-0.00004961414177431316,-0.00018987966576098833,3
28.0134,2,-0.00018590928162913036,0.000026664731874505686,0.000007597522435872824,2
28.0134,2,-0.0001702652354647121,-0.000034021246255070146,-0.00006147161613462498,2
28.0134,2,-0.00018279608717826622,-0.00000018296159548122756,0,1
28.0134,2,-0.000050392027090905116,-0.0000015087764960457276,-0.0000013342512520230237,2
28.0134,2,0.0001488949786277326,-0.000008957039923168943,-0.00007540150146819545,3
28.0134,2,0.00015023940982799157,0.0002554314482254533,-0.00013628411920666496,4
28.0134,2,0.00009881858333170263,0.000009681719423215883,0.0001223453789761206,2
28.0134,2,-0.0000012786917296836076,-0.00004033655929162908,0.00003619479120786807,2
28.0134,2,-0.00011350087145008201,0.000021548156716568512,-0.000014722900994055264,2
28.0134,2,-0.00003303621475577817,-0.00021672608972471853,0.00007093005735378023,4
28.0134,2,-0.0001386997686635346,0.000014596065343071358,-0.00002266513409799724,2
28.0134,2,0.0001011441454927555,-0.00016790695211604822,-0.00001117861527510372,3
28.0134,2,0.0002279792289438785,0.00008455791318276786,-0.0003827072608374202,4
28.0134,2,0.00017235879936554287,0.000013244365426153913,-0.00009785230714761764,3
28.0134,2,0.00005296489350572116,-0.00006453508365349272,-0.00004233197842188792,2
28.0134,2,0.00025751308992633,0.00009745550009626772,-0.00011099448480249774,3
28.0134,2,-0.000060555728783411256,0.00007617706809054321,0.000055237075506514066,3
28.0134,2,-0.00010786820174134344,-0.00007873358101450132,0.00006160189413920564,3
28.0134,2,0.00007473904748287084,0.0001280465160641149,0.00007208529743061284,3
28.0134,2,0.00017565580339434873,-0.00016385874976232326,0.00021509324832184198,3
28.0134,2,0.0001453101440567621,-0.00004852724819036908,-0.000008043438260441758,3
28.0134,2,0.00029715881365237324,-0.00012215770459968184,-0.00012361452679764194,4
28.0134,2,-0.00005834192513858907,-0.00002620560132644897,0.000019472223455680255,2
28.0134,2,0.00019827458711626125,-0.00011019120394080211,-0.0001190126193618539,3
28.0134,2,0.00019591860013299961,0.000015158642904054569,-0.00032554273934465164,3
28.0134,2,0.00008737985701094701,-0.0000574474374348262,0.00011663703882864993,3
28.0134,2,0.00014430406837935062,-0.0001680026023458134,0.00021363243214899265,4
28.0134,2,0.0003002897055520527,0.00012269774979257293,0.000036223027619413486,3
28.0134,2,0.00012966974005001748,-0.00007929118392600962,-0.000010574289538397472,2
28.0134,2,0.00035542425533491447,0.0001257313627815871,-0.00022839289890879249,4
28.0134,2,0.00032785818990221493,0.00009235895218973967,0.000034321727439098255,4
28.0134,2,0.00020074544366911078,0.000032329572704016916,-0.00003038329892234857,4
28.0134,2,0.00025443941718513634,0.00005778084725877839,0.00016685137245745873,4
28.0134,2,0.0001495243278461561,0.00004407086680384719,-0.0000688395727513295,4
28.0134,2,0.00007083589282127333,-0.000013118834232245547,-0.00016076793142626075,2
28.0134,2,0.00042689803809628843,-0.00007787766987738933,0.000025826627420676797,5
28.0134,2,0.00012658424100826234,-0.00017359292207005516,0.00002512849142219397,3
28.0134,2,0.00019488288553729053,-0.0000302043228005459,-0.000025920778502131703,3
28.0134,2,0.00017551430609742067,0.000017505750794721667,-0.000031543770582782045,4
28.0134,2,0.00007428677224703525,0.00008027152008690835,-0.000249392613317461,4
28.0134,2,0.00020644622128311674,-0.0001008685184340394,0.00023391209620649169,4
28.0134,2,0.00016452198335702763,0.0003373725835820966,0.000005681576871753801,3
28.0134,2,0.00009825162652758436,0.00008214391703826153,-0.000059047049540983904,2
28.0134,2,0.0001871201908041072,-0.000332037636273075,0.00002406438213792195,5
28.0134,2,0.00013688410242599714,-0.0000835262676305351,-0.00005181198253831732,3
28.0134,2,-0.0000224259331294105,0.000046333475187186785,-0.000004652782681739707,2
28.0134,2,0.00022930507355314896,0.00007034533519979349,-0.0001477939055491721,4
28.0134,2,0.00008344537000405361,-0.000000921037331631139,0.00005811584629676596,2
28.0134,2,0.000032949232836968055,-0.000360029206027315,0.0004213851220169874,4
28.0134,2,0.00012026243612663174,-0.000046723639206865023,-0.000022688917002498627,3
28.0134,2,0.00009845254974551324,-0.00003134563927664574,0.00010961256656100501,2
28.0134,2,0.00020795288064299415,-0.00007178154977728177,0.00009238242412146853,4
28.0134,2,0.0001525348774080623,0.000002077259531144053,-0.0000644183593612347,2
28.0134,2,0.00019200276711017034,-0.00014192325053269533,0.00031675085853780674,3
28.0134,2,0.00008877493861379923,0.00004589472835447426,0.00007766033652907698,3
28.0134,2,-0.000018117784142331927,-0.00003770719314852577,-0.0002618363562717972,3
28.0134,2,0.00007165887810468204,0.00005508159268421539,0.00009624098129043166,2
28.0134,2,-0.00010040287444442554,-0.0001666210007842327,0.0004199091935030592,4
28.0134,2,0.00009063336609485469,0.00009720924959881174,0.00002915514305284889,3
28.0134,2,0.00006638596351327398,-0.000036535099193986495,0.00003608977955191098,3
28.0134,2,0.0002954930628347623,-0.00012860403790173022,0.00021668046897560097,4
28.0134,2,0.00007796366716088978,0.00008902435411003324,-0.00006264027577673977,2
28.0134,2,0.00018781176974704756,0.0003697274354039492,-0.000036781087693979464,4
28.0134,2,0.000019251818500272763,0.0000655321880404236,-0.00011701131446191626,3
28.0134,2,0.0000431778070661813,-0.00003436102507193518,-0.00006767967396998507,3
28.0134,2,0.00013835623356782826,-0.00014076967731713552,0.00011570567163637724,4
28.0134,2,-0.000017913927126200352,0.000019843115386097388,-0.000042768597108841966,2
28.0134,2,0.00013672213510592486,0.0000037239328983267194,-0.0001369962349570903,3
28.0134,2,0.0000028233686515755604,0.00030107554152755694,0.0004792230692731446,3
28.0134,2,-0.00008324074674300627,0.00002153313693864977,0.0005093643491769217,3
28.0134,2,-0.00003233423600988469,-0.0006358535113851572,-0.00021049929872930055,3
28.0134,2,0.00040185068360432336,-0.00021717210225405487,0.00005744650334047946,3
28.0134,2,0.00023928510286571808,0.00005381468255954039,-0.0001408408667329216,4
28.0134,2,0.000030325502206826277,-0.00006085246660598814,-0.00003498776347235855,3
28.0134,2,0.0003191578168362766,-0.00018139585514131257,0.00002858461167502068,3
28.0134,2,0.00022164122731914817,-0.00013788120147304155,-0.00008215622436428559,4
28.0134,2,0.00004710165001479072,-0.0000789433760424234,-0.000043003345256695895,2
28.0134,2,-0.0000011956276336479391,0.000055086972961401836,0.00009842366920627693,2
28.0134,2,0.00016281522623338244,0.000006916331309660564,-0.000005811907838010481,4
28.0134,2,0.00013133848074585054,-0.00033607817678920845,0.000034329307116991306,3
28.0134,2,0.00022009881446088015,-0.00019248436197793058,0.00003313683197846529,3
28.0134,2,0.0001696075346205738,-0.000044853347316849786,-0.00016222296014063522,3
28.0134,2,0.00042063179780198553,0.00004012114358892561,-0.000006980244838251634,4
28.0134,2,0.00014954405118612404,0.00014555731901133982,-0.00019739789373390083,3
28.0134,2,0.000028920570895279493,0.000005553565540304684,0.000015662433765266652,2
28.0134,2,0.00017513342868187372,-0.00005917916484568702,0.00005230710508591384,4
28.0134,2,0.0000799469057080224,0.00015577581555137318,0.00006990500051943595,3
28.0134,2,0.00006456235348659347,0.00007273540780769248,0.000012946590206461826,3
28.0134,2,0.000048715516068985916,-0.00007788414360856622,-0.000046213604219671346,3
28.0134,2,0.0004763219582595689,0.000011777739111758465,-0.0001976479853281989,4
28.0134,2,0.00007380138468536349,0.000016112568019505568,0.00004089872592630485,2
28.0134,2,0.0003125559142956566,-0.0000007699530905996317,0.00003699806326749116,3
28.0134,2,-0.00006047421643349639,0.00003076677774427414,-0.00017886403368815094,3
28.0134,2,0.00019557078704708313,0.00006740546153723273,-0.00016945034529636756,3
28.0134,2,0.00014894690427287948,-0.00004570939395665843,-0.0000550864786413927,3
28.0134,2,0.00001422409282366423,-0.0000005182664115437188,0.0000035344133898292713,2
28.0134,2,0.000033703584929936036,0.0000013193086314537463,-0.0000880257608223568,3
28.0134,2,0.00018223707427857276,0.000009579868004392581,-0.0000895557312681829,2
28.0134,2,-0.00002397042215804363,-0.0000699295138137825,0.00003442110374144702,3
28.0134,2,0.0001300244821570244,0.0001469224387835697,0.00003697821827271632,3
28.0134,2,0.00022895795802384042,0.0000039135218949152825,0.000054416096321425806,3
28.0134,2,0.00012260561214813754,-0.00007346509957817705,0.00001929677159856454,3
28.0134,2,0.00016156995785941437,0.000006379683671211181,-0.0003096555903908433,4
28.0134,2,0.00028624194581878827,-0.0001614068791747047,0.000059686364072811514,4
28.0134,2,0.00008152727940029636,0.00006257430064284737,-0.000024524735942695878,3
28.0134,2,0.00004079588216654662,0.000004225048357576135,-0.00008437209252306604,3
28.0134,2,0.00017770507437041004,-0.00004790323360088385,0.00008431863707609236,3
28.0134,2,0.00023651680419522643,-0.00006680348310583392,0.00006813879843974176,3
28.0134,2,0.00018712103254867995,0.000022800312068265904,0.00010611682272827381,3
28.0134,2,0.0001955473892172415,0.00002590522859852177,-0.00009394610785753421,3
28.0134,2,-0.00005737498422538095,-0.000000057414945878739773,0,1
28.0134,2,0.0002732942095339163,-0.0002640767746555069,-0.0001543632031140064,4
28.0134,2,0.00017724802418671805,0.00003426022681670886,0.000014683872713757279,3
28.0134,2,0.00020061420793788664,-0.00008756596076685321,0.00013999009490864046,3
28.0134,2,0.00017210436034764193,-0.000027598209196749593,0.00004334681239580768,4
28.0134,2,-0.00004726035472115686,-0.000023779245696489345,-0.0000447428298824955,2
28.0134,2,-0.000021992137189626032,0.0000047784338853533795,-0.000020355384359632386,2
28.0134,2,0.0001941750317776991,-0.0001474537162596285,0.00019542336580781583,4
28.0134,2,0.0002240102295903715,-0.00007198570134359859,0.000027070202902236506,3
28.0134,2,0.000038683394583060774,-0.00021198950710596702,-0.0001734795742189425,3
28.0134,2,0.00014029389938390968,0.0002556223481398917,-0.0003553646945671703,4
28.0134,2,0.00011305527601768224,0.0002454689856020735,-0.000012116116160766482,3
28.0134,2,0.00007960226007585892,-0.000009624376279581562,0.00009699101906170522,4
28.0134,2,0.0001047027532981008,-0.0002462696784832704,0.00022952130650842555,3
28.0134,2,0.000047533915955003305,-0.00007047039060770179,-0.000020692377723450263,2
28.0134,2,0.0003201271572452856,0.000040595891002658786,-0.000041603094538521164,3
28.0134,2,0.00019524396395008599,0.00002868000085594636,0.00009664960833531181,3
28.0134,2,0.00015015113468292793,-0.0000031596530200648597,0.00005620013038697579,3
28.0134,2,0.00009692008970924229,-0.000029733751078274822,0.00018656393112813076,3
28.0134,2,0.00002467112287034964,-0.0001312894241523347,0.000023981260559167846,2
28.0134,2,0.00020816106551846964,-0.00012947781826555657,0.00015916926333775055,3
28.0134,2,0.00010672225666065542,-0.0001219808418419657,-0.00004801646454116778,3
28.0134,2,0.00027082222759835275,0.00009371647924316301,0.00006985688497008463,4
28.0134,2,0.00025742537890045234,-0.000029447078871813605,0.00009963300219334533,3
28.0134,2,0.00025581564017906525,0.00004990065961969232,-0.00015817387653544685,4
28.0134,2,0.0000715428922439799,0.00003656039407569275,-0.000021694923884940613,3
28.0134,2,-0.000044895072387379676,0.000014129108200266619,0.000014124252826941043,2
28.0134,2,0.00018653984675559392,-0.00013667102120934073,-0.0000005460398782836613,3
28.0134,2,0.0003688118112257705,0.0002083091173100913,-0.00022056329655271759,4
28.0134,2,0.00020940233970583602,-0.000005507537836837173,0.00010583723805330292,4
28.0134,2,0.000239519410569831,-0.00029140305130176067,0.00024000258522479103,4
28.0134,2,0.00013015746691111532,0.0001836032062645477,0.00018416346887355662,4
28.0134,2,0.0002940099783650342,-0.000055102773052074396,0.00008097549740048987,4
28.0134,2,-0.00014373898151596093,-0.0000001438653936170581,0,1
28.0134,2,0.00026955960180060495,0.00006762948142004386,-0.00014920213180873927,3
28.0134,2,0.00021552399830360186,-0.0001473762807731643,0.00004614009079899555,4
28.0134,2,0.00007243786125243939,0.00009759086156590204,-0.00021594500239731102,3
28.0134,2,0.000272725681908097,0.00010301311902810677,0.00005671252135530989,3
28.0134,2,0.0002049518691640898,0.00009489742060413129,0.0002926290668143838,3
28.0134,2,0.0000020345729865886866,0.00021601370597186255,-0.00038921419367393077,1
28.0134,2,0.00002657390254984197,0.000013316633813393875,-0.00009377924248377056,2
28.0134,2,0.00020233681274984982,-0.000035838221391479556,0.0001883732664232278,3
28.0134,2,0.00015465389732429835,-0.00001557556923553319,0.000048913229267118234,2
28.0134,2,0.0000632100825367076,0.00003997046223083758,0.000010787702973310166,3
28.0134,2,0.0001930247155417017,-0.00033402173252339686,-0.0003172588945306955,3
28.0134,2,0.00012885772402974007,0.00003229892836529227,-0.00004261151007165652,4
28.0134,2,0.0002372484663304791,0.00006875226894188356,-0.00003762382379717164,4
28.0134,2,0.00008098829570856854,-0.00003394742613855009,-0.000006366238028675283,2
28.0134,2,-0.0001358615439479501,0.00003959861916909278,-0.000024545389693695956,2
28.0134,2,0.00018676758345085995,0.00011404290497642891,0.00023509263127169527,4
28.0134,2,0.00030940660545685926,-0.00001859296132023293,-0.00014450337507035927,3
28.0134,2,0.00001502708040805963,-0.00032945763350066795,-0.00018162616259804156,3
28.0134,2,-0.00004901898351092779,0.0000391690479214479,0.00006146500287953469,2
28.0134,2,0.00032391427713963634,0.00003649278901291275,0.00006664125138828123,4
28.0134,2,0.00020874151621564507,0.00011727292948208293,0.00015596780976712244,3
28.0134,2,0.00012631020895177431,-0.00022875713524498644,0.00041442022057588387,3
28.0134,2,-0.0001614749221379333,-0.00000016161908793334678,0,1
28.0134,2,0.00003962231305176194,-0.000021590673999190615,0.00003143266280342634,2
28.0134,2,-0.000035943504868744465,0.00006605778563541127,0.00003431289232032282,2
28.0134,2,0.00017206071138939813,0.0000639867722472343,-0.00004833604913357847,3
28.0134,2,0.00033756744689302843,0.00005128242955108895,0.00006553281940711589,4
28.0134,2,0.00016184411739949986,0.00017372216276380622,0.00008341782467198534,3
28.0134,2,0.00032807194133226424,0.00004833862335835144,-0.00017606714332675768,4
28.0134,2,-0.000060242673131551885,0.0001444471033520955,0.00010675436314528176,3
28.0134,2,0.0002746424571292997,-0.00004840367012767901,-0.00010884988557153653,3
28.0134,2,0.00016414807345064994,0.00018181983927913523,0.000200117775135151,4
28.0134,2,-0.000035929444406948654,0.0002953709759522664,0.0003186969397444845,2
28.0134,2,0.000272658538351019,-0.00006769865452363137,0.000048834236418677746,4
28.0134,2,0.00021569108450015647,0.00003623266867118171,-0.00005713992377237102,3
28.0134,2,0.00008436855905456924,0.000025075772847210077,0.000023361139449654266,2
28.0134,2,0.00008581066283209166,0.00007446178858839278,-0.00000773187425646647,2
28.0134,2,0.0003014293519083473,-0.00000785730698160016,-0.00014179746081254932,4
28.0134,2,-0.00017076626422292992,-0.0000001709197306610711,0,1
28.0134,2,0.00004605738996604572,-0.00006425423807505274,0.0000050873398707129675,3
28.0134,2,0.00005088369103523377,-0.000043482445727767685,0.000029313673879658362,2
28.0134,2,0.00011922558092193043,0.000023740059651908206,0.000014546058461964358,2
28.0134,2,0.00025627558804312345,0.0000673237926019093,0.0002212785490658119,3
28.0134,2,0.00023791188027345669,-0.00011963898977360115,0.00010292046444047972,3
28.0134,2,0.00010926710459708303,-0.000042928832956956,-0.00003070802510357472,2
28.0134,2,0.0000987228332171042,0.000004182171237145126,0.0000588646213232294,3
28.0134,2,0.00021984963315021245,0.00018537291923866606,0.00005012184904491106,3
28.0134,2,0.0002404453542295703,0.00010480607100084496,0.00010017164089338651,3
28.0134,2,0.00011491384899727997,0.00001582293023665231,0.0000543091143646792,3
28.0134,2,-0.0000031490520475569714,0.00008983231188583141,-0.00019226352760579109,2
28.0134,2,0.00008696723582520646,0.00016061985845915584,0.00010924175676546691,3
28.0134,2,-0.000043590339518343427,-0.000000519867921139006,0.0000046448716231833024,2
28.0134,2,0.0002640140254052102,0.00016098636308230614,0.00008196198202211429,4
28.0134,2,0.00007055389819310458,-0.000004781594513096991,0.000023646951974000887,3
28.0134,2,-0.00007620794864247624,0.00003235396045530567,0.00001029671317002422,2
28.0134,2,0.00011375778876576546,0.00004213741998815632,-0.00013819862179833162,4
28.0134,2,-0.000013528784805278137,-0.0001307279229154311,-0.000058164135626590315,2
28.0134,2,-0.00009851669237212487,0.000009321487032278589,-0.0000093574150870756,2
28.0134,2,0.00038118366167640247,-0.0001066082565509417,-0.00004233399725187568,4
28.0134,2,0.00020198003889442364,-0.00006574492327627322,-0.00019007195233053533,3
28.0134,2,-0.00018369774254456503,-0.00000018386415340545062,0,1
28.0134,2,0.00004959410741518874,-0.00015861454320508956,-0.00029202460561643547,2
28.0134,2,-0.000024193658318409724,0.00012048787902706156,-0.0002472039892711506,2
28.0134,2,0.00037267933593163136,0.00002176517776612115,0.0001495149240550403,4
28.0134,2,0.00010011119561583996,-0.00005899834010149171,0.00009795773385305459,2
28.0134,2,0.00005958442671684705,0.00021346869501227497,-0.00004945793270059254,3
28.0134,2,0.00010807137977729276,-0.00017231904342340966,-0.00018496210352951723,4
28.0134,2,0.00019963372711434026,0.000007128260200975252,-0.00008130515102441409,3
28.0134,2,0.00023549466540054526,-0.000004757925980057648,-0.00012154527521787677,4
28.0134,2,0.0000896659235426512,0.0000004888831411623909,0.00005773119979607134,3
28.0134,2,0.0003377522444232668,-0.00005113712659711612,0.00007822232722845684,4
28.0134,2,0.0002530033295300542,-0.00005470783827361523,0.00006390273529221321,4
28.0134,2,-0.00016988521592808782,-0.0000513483499108304,0.000011912265109406762,2
28.0134,2,0.00020909770685618192,-0.00003257417679034307,0.00004009686310924014,3
28.0134,2,0.00016461969208252138,0.00006442348818845258,-0.000031319537501097805,2
28.0134,2,0.00031284116075413424,-0.00004573068149267912,-0.000003862686163475718,4
28.0134,2,0.00028575015996377837,-0.000044026967438698916,0.0001954247330447743,3
28.0134,2,0.00012782603989387227,-0.00003178006459860656,0.00008850612616797743,3
28.0134,2,0.00003476820247261031,0.00032866612190838185,0.00021067455923500357,4
28.0134,2,-0.00007481349754279595,-0.000012756710366856119,-0.000009548329241321627,2
28.0134,2,0.00015568686364329475,0.00007572736381594269,-0.0001594455603783048,3
28.0134,2,0.00007875081915754506,0.00008656065070555367,0.00010223750019389306,3
28.0134,2,0.00023580927499136818,0.00012246322264023964,0.00006825290535937556,3
28.0134,2,0.0000004080786123030148,0.000000000425957862685635,0,1
28.0134,2,-0.00001336636380667705,0.00028651989774297815,0.00007488170009571322,2
28.0134,2,0.00013195534850545014,-0.00006493820546356479,0.00014737194328821984,3
28.0134,2,0.0001765101499952329,0.000014250039261784925,-0.00003184734638708543,3
28.0134,2,0.00017126582112566077,0.00016364859270181356,-0.00006166884901054162,4
28.0134,2,0.00002458338314662232,0.00002092907360625477,0.000007595514219413183,2
28.0134,2,-0.00001343434056875928,-0.000000013430317593833184,0,1
28.0134,2,0.00018233713928364842,0.00018760862972163486,0.00002533362268056106,4
28.0134,2,0.000019327004678718536,0.0002074965353283001,-0.000046296049272208714,3
28.0134,2,0.0002864695049505727,-0.00014321031470744408,-0.00005069040265751112,4
28.0134,2,0.00019642960393186846,0.0000009691903892953173,0.0002978481136540551,3
28.0134,2,-0.000021623196856401297,0.0000038076999377004074,-0.0000047544257833631,2
28.0134,2,0.0000022991356938213394,0.00000000231890789423551,0,1
28.0134,2,0.0000729959497396188,-0.00004571240836005485,-0.00005082782457981177,2
28.0134,2,0.000032318772053395585,0.000007762939852695007,0.000023522176086830615,2
28.0134,2,-0.00006338945207527237,-0.00004596149869054929,0.0001103807460775133,2
28.0134,2,0.00028782189398863584,0.00005977136282059042,-0.0001023967839965304,4
28.0134,2,0.00005927133474602926,0.00007115182406987822,0.000057086067718262166,2
28.0134,2,0.00013732230380209093,-0.00006968148035579702,0.00001272576311617835,2
28.0134,2,0.0002264189450691011,0.0001045459369449807,-0.00010113665247058456,3
28.0134,2,0.00043948686189210635,0.0002447878868737267,0.00005597981956569472,4
28.0134,2,0.00007915091197788661,-0.00011609036790501125,0.00013028955265864607,3
28.0134,2,0.00009096560777775314,-0.00019951522654597346,0.00007585729496528065,4
28.0134,2,0.00015928213239715418,0.00006416456178485501,-0.00003503903249551868,3
28.0134,2,0.00028752709344274366,0.0002311006614082465,0.000130003029387254,4
28.0134,2,0.00008865681562946704,-0.00004088332889165298,0.000056691709228901055,3
28.0134,2,0.0002942088270616726,-0.00014384808235719417,0.00007831579292875407,4
28.0134,2,0.00018311041200161105,0.00019624632906424617,-0.00010319141150178096,4
28.0134,2,0.00013272897653221377,0.000019102673969941963,0.0000160805468264936,3
28.0134,2,-0.000036840689600718976,-0.0000061774938601343436,-0.0000412717896268006,2
28.0134,2,0.00016708726697703584,0.000011010641474836318,0.00008009343593405617,4
28.0134,2,0.00007849904809137699,0.00007924849274558813,-0.0001164545244692029,2
28.0134,2,0.0002647620932667391,0.00005196696382691027,0.00017692320927970926,4
28.0134,2,0.00017109869680718504,0.00009441242653572944,-0.0001881901971984911,3
28.0134,2,0.000136010022716852,-0.00023442992827477291,0.00019710709848675745,3
28.0134,2,0.0001844930135868778,0.00012859152311693665,-0.00019163128624021742,4
28.0134,2,0.000017896723109791774,-0.0000021848837343279234,0.0001492950194650551,2
28.0134,2,0.00019798476317217198,-0.00014604544639117844,-0.00015110289091049538,4
28.0134,2,0.00011088387009209656,-0.00009239808313366712,0.000059883718186304104,3
28.0134,2,0.00020772399694982715,-0.00007449427677267839,-0.00008296837704629442,3
28.0134,2,0.00006392418075818937,-0.0000191272247658897,-0.00006306667805669206,2
28.0134,2,-0.00014375589271128735,-0.00000014388232174050798,0,1
28.0134,2,0.0002138101183860778,-0.000029847197790093884,0.00016708010531439529,3
28.0134,2,0.00010311750993674614,0.000025817533331910164,-0.0004138185675399208,4
28.0134,2,0.00008083163144211092,-0.00007122737530196567,-0.00004338181573304835,2
28.0134,2,0.00016536548041160766,-0.00009231527190907827,-0.00005013973479952889,2
28.0134,2,0.00003512213562608856,-0.00027948576134901985,-0.0000076116179700204125,2
28.0134,2,-0.00005757307215309508,-0.00000005761323209266784,0,1
28.0134,2,0.00002094553622984903,-0.000011501415009989514,0.000056897705754295175,2
28.0134,2,0.0002795041211885002,0.00007611297801542297,0.00006051642160315264,3
28.0134,2,0.00003890409261612457,-0.00019467003063834926,-0.00004949554270224724,2
28.0134,2,-0.00015681392546930208,0.000012497511893774946,0.000009950909466681152,2
28.0134,2,0.00032764180079891583,0.000019064556893678835,-0.00022058940558308045,3
28.0134,2,-0.00008765781504187734,0.000994843475252498,-0.0010918071548790477,2
28.0134,2,0.00035960793867331157,-0.0002635255412179644,-0.0000035552599251897395,4
28.0134,2,-0.000009767249408872447,0.000053107768883160636,0.00004601514079609713,2
28.0134,2,0.00020892209627061572,0.00006039408985253405,0.0003886053012134052,4
28.0134,2,0.00010317580770207315,-0.00009535652747262587,0.00009769461443248466,3
28.0134,2,0.0002644973156474807,-0.00001902921045238828,0.00014885985795561055,4
28.0134,2,0.00009369975958736508,0.00006801083349091304,0.00007401383430820035,3
28.0134,2,0.000029865657602396727,-0.000001311591121271395,-0.000023382127432087415,2
28.0134,2,0.0001704309761168099,0.0000064564593688647935,-0.00010737063690147502,3
28.0134,2,0.00007671208346593709,-0.000048890603646705566,0.00001290122234398633,2
28.0134,2,0.00017483550348679683,-0.00009770274073432388,0.0001255020689209756,3
28.0134,2,0.0001239876290868059,-0.00035239615466984105,0.00003801478057829418,2
28.0134,2,0.000008073636273906071,-0.00004028836143689535,0.00004412398852816138,3
28.0134,2,0.000030183134924291997,0.00003924736560815963,-0.00006642940386158102,3
28.0134,2,0.00020877588454857224,-0.00007254412934441654,0.000064823268490842,4
28.0134,2,0.00012546288761735127,0.000017231128087139648,-0.00039252787537612574,3
28.0134,2,0.00015694445456284543,-0.0005465845618583177,-0.00012342350162793746,3
28.0134,2,0.00020394969780168526,-0.00010835951411408073,-0.00001806824147250522,4
28.0134,2,0.0001535254624021825,0.0001874701597293677,-0.000044919129880273225,3
28.0134,2,0.000029899103181189832,-0.00014872746420334775,0.0003359584543079186,4
28.0134,2,0.00009166286681981905,0.00010630641346422817,0.000036172864895103804,3
28.0134,2,-0.00010889211711899399,-0.00000010898364747394804,0,1
28.0134,2,0.0002275219526484085,0.00006391235035473399,-0.00005992164253503994,3
28.0134,2,0.00007218595909218309,0.0004252069320469276,0.00017776483157025543,4
28.0134,2,0.00020426459390265918,0.000012071060267490866,0.00006474112493959454,3
28.0134,2,0.0001736080839978738,0.00001874565210124593,0.00003914239744801346,4
28.0134,2,0.00011325165406531304,-0.00003401343198299845,0.000024634016329070337,3
28.0134,2,0.000013460847278394385,0.00006723448958995147,0.00006402760011775798,2
28.0134,2,0.00017147199598879472,-0.00013866211851080545,0.000017759805904612332,3
28.0134,2,-0.000024130964868942926,-0.000013674119814737975,-0.000033926279788419104,2
28.0134,2,-0.00010533565946576363,0.00005368038544357781,0.000033165010533165396,2
28.0134,2,0.0001914580371291574,0.00002116974185735482,0.00008616790524800412,3
28.0134,2,-0.000022130575045481244,-0.00010747140439590245,0.00008767548744756913,3
28.0134,2,0.000005435096393139554,-0.000022014205534241092,0.0000008185866092811671,2
28.0134,2,0.00010019133132170703,-0.000029789166911757523,0.00009649377007353726,3
28.0134,2,0.00005666588166260856,-0.00018657779349905493,-0.0002388071238753991,3
28.0134,2,0.00009140214162714007,-0.00008202913814242272,0.00007240593176304612,2
28.0134,2,0.00018773383310614235,0.00027972053286205305,-0.00005958297774998947,4
28.0134,2,0.00009718108491616603,-0.00011681574080006108,0.00007953209308925466,3
28.0134,2,0.00028060807289397206,0.00029995923614573023,-0.000059170130740131474,4
28.0134,2,0.000029525304161361654,0.0001894589019928824,-0.00013240868510521375,2
28.0134,2,0.0002285444830030046,-0.00017951572308161172,0.00001791305586265274,4
28.0134,2,0.00024489285005497674,-0.00023992757198918176,0.00022810357591038756,4
28.0134,2,0.00015813065108927638,-0.000012130587529295342,0.00005859385049795897,3
28.0134,2,0.000017235410418985713,0.0005266607785492981,0.00016192806119479065,3
28.0134,2,0.0001903328909255937,-0.000035939850010609977,0.000026245581254730478,4
28.0134,2,0.0003000629676940902,0.00010071459178896276,-0.000012206891342532911,4
28.0134,2,0.0002578340009844637,-0.00011692509421026507,0.00011693959239937042,4
28.0134,2,0.00012463655317687477,0.0000011291124856283983,-0.00003663105241147869,3
28.0134,2,0.00012144514136624522,0.0001252402487452688,0.00016040717908388818,3
28.0134,2,-0.000059497086911899176,0.000005297616618659215,0.000007700669670819377,2
28.0134,2,0.000056502860045579976,-0.0002957210864517985,0.00008637566389002082,2
28.0134,2,-0.00000017925438613349538,-0.0001678510776238873,0.00012901877694449412,3
28.0134,2,0.00006785088204286764,-0.00002048767858367301,0.00003636687243982587,2
28.0134,2,-0.00009036120553030767,-0.00000009043418642421197,0,1
28.0134,2,-0.000021990980486663724,0.00001384947858693215,0.00001607755763187153,2
28.0134,2,0.00011507661954063001,0.00002417351189187036,0.00005943205085697233,4
28.0134,2,-0.000056701109723484745,0.000034934473119040074,0.00008046489369223109,3
28.0134,2,0.0002045972756975143,-0.00007125441586388221,0.00011088665090787469,3
28.0134,2,0.0000143171151822278,0.00021152436072896855,0.00024632310477211953,3
28.0134,2,-0.00006981888501769516,-0.00000006987130302820344,0,1
28.0134,2,0.00007388489337923857,0.00011176627128354447,-0.00004624570668523008,2
28.0134,2,-0.00007300735988700153,-0.000019068954440593617,-0.000001181843106217874,2
28.0134,2,0.00015346869015849096,0.00013992182276731507,0.0001718617502899799,4
28.0134,2,0.0001580478477401919,-0.00004243996860719121,0.000014394000080745021,3
28.0134,2,0.0002107934678650025,-0.000012821672769090523,0.00018094968239488663,4
28.0134,2,-0.0001082612468578273,-0.00000010835214571101841,0,1
28.0134,2,0.000020566790590546143,-0.0000713057711686787,-0.00004963651122769401,2
28.0134,2,0.00025037846288787505,-0.000033880100261750495,-0.00006722927336566695,3
28.0134,2,0.00013049093883082705,-0.00015139268307298847,-0.00014889986869529416,3
28.0134,2,0.0002450336063500731,0.000020280294040475683,0.000023433334147531128,3
28.0134,2,0.00008645244887008801,-0.0001787248473456115,0.00014761817432956226,2
28.0134,2,0.00021371119729246616,-0.00008262483551707626,-0.00005584836987215227,3
28.0134,2,0.00020096029438703694,0.0002284597636020356,-0.00012071449545234179,4
28.0134,2,0.00003198271008483487,-0.00010041573753441904,0.0001844148999689107,2
28.0134,2,0.00009845660124379034,0.00035553882085246876,-0.00023811571986331675,3
28.0134,2,0.00004485144966605335,-0.00011492049189032038,0.0001753019637398748,3
28.0134,2,0.000021960698752165778,-0.00011149822652310463,-0.00010337568422602898,3
28.0134,2,0.0003489276020013165,-0.000098788486185167,0.00010751875714870061,4
28.0134,2,0.00013975707607276613,-0.00011726016323107065,0.00003789329088482624,3
28.0134,2,0.00011795062081806458,0.0001568738570554105,-0.00007513029298367082,4
28.0134,2,0.00015289107209040423,-0.00010479982698947748,0.00006234751846643114,4
28.0134,2,0.0001606988120234099,0.00004469653631282637,0.00021771999683570118,3
28.0134,2,0.000014881165845920801,-0.00003408030809848846,-0.00009645857425596197,3
28.0134,2,0.00010334707018093291,-0.00035489914771217137,0.00016622847306512042,3
28.0134,2,0.0001725484843038425,-0.000009127907815544264,-0.0001322345717109972,3
28.0134,2,0.00010602474245141513,0.00012182619757665853,-0.00016692885039454306,3
28.0134,2,-0.0001173077069261052,-0.00000011740766129488019,0,1
28.0134,2,0.00007574600650343039,-0.0000726234815123746,0.00017438131541110255,3
28.0134,2,0.00008473627063335092,0.00008985076089575503,-0.000047853022833660775,3
28.0134,2,0.0001849872219436304,0.000030943845851517394,0.00019986483031637854,3
28.0134,2,0.000277330074351172,0.00005036381462715771,0.00002726883072088027,3
28.0134,2,0.00007343677898842889,-0.00005604386737558183,0.00004855556427401399,2
28.0134,2,0.0001028832333656165,0.00011714852135613194,0.00010557369914945833,4
28.0134,2,0.00015060101091675062,-0.0001760100860955707,-0.0001595066683818525,4
28.0134,2,-0.00014688343519641468,0.0000035281753688347005,0.00003510787496353872,2
28.0134,2,0.000016824315081575316,0.000044384370539640584,0.0001157342555122748,2
28.0134,2,0.00005089578973741507,-0.000018160313258382693,0.000009708060060812988,3
28.0134,2,0.00004651733418215529,0.00002863523476875359,0.00004070320099177715,3
28.0134,2,0.0001161551412641324,-0.00009431681158098929,-0.000011847903746251467,3
28.0134,2,0.00008071219658864527,0.0000027436770422729666,-0.00001929962220874189,3
28.0134,2,0.0002479594212890429,0.00008793816617493218,0.00018254191674620105,4
28.0134,2,0.0002444651700919196,-0.000048483674444776005,-0.00007985488688883986,3
28.0134,2,0.00024289186058718755,0.00010940822523599817,0.00010632642315558224,2
28.0134,2,0.00005406102736537758,0.00002575022921418338,-0.000008283874572635087,3
28.0134,2,0.00018287336526355124,0.00005602858740295127,-0.000040046669830963586,3
28.0134,2,0.00020627440513358052,0.00001631878486887947,-0.000015982659424690173,3
28.0134,2,-0.000050512239108520656,0.000013348094847618371,-0.000007731851922741408,2
28.0134,2,0.00012398564590480676,0.00025907013790587896,0.00025519254600635564,4
28.0134,2,0.00018361264088204794,0.00002334513446376796,0.000026407956937473415,3
28.0134,2,0.00024268314094259998,0.00003733711539045419,0.00014302395536198694,3
28.0134,2,0.000008811352663494674,0.00011615640255562674,0.000006780894450896471,2
28.0134,2,0.0002468800257727244,-0.0002566372857053959,-0.00011058946062395905,3
28.0134,2,0.000017330394404539425,-0.0002239148000391651,0.0002279041529101215,2
28.0134,2,0.00016234210231203374,0.00007816975825290803,-0.00015209569232572197,4
28.0134,2,0.00011500790409318051,-0.000005330362264933819,-0.00009324885953206125,3
28.0134,2,0.00009611443767127968,0.00000770767090559938,0.00005292935271895165,3
28.0134,2,0.0004240668265662783,-0.00002855598732844127,-0.00015147771725690192,4
28.0134,2,0.0002519851688404649,0.00006402341280759612,0.00007514017831069518,4
28.0134,2,0.00013035336826461468,0.00004147219349525536,-0.0000013228848192020283,3
28.0134,2,0.00042262382437812773,-0.000038945642130946676,-0.000008582231400477969,4
28.0134,2,0.00010012260412206754,-0.000006462023799992515,0.00001579822212216224,3
28.0134,2,0.00014262278510709743,-0.00008624325065736399,-0.00006510934388804028,3
28.0134,2,0.0001785426866140752,-0.00026960510514849925,-0.00016321855733447308,4
28.0134,2,0.00011103355870867792,-0.000059391957783371386,-0.000014107675986079628,3
28.0134,2,0.000257553922516761,0.000134908755994693,-0.00006553661329897843,4
28.0134,2,0.00021156681455287307,-0.00004091277159488406,-0.0000950187208893324,3
28.0134,2,0.00026044804676975564,0.00016817120014131666,0.00012837146891672013,4
28.0134,2,0.000042688137070733326,-0.00007899222481349167,0.00001645062166545752,3
28.0134,2,0.00017895693310417013,-0.000049899730582295464,0.000017708829710806646,2
28.0134,2,0.00017021751068424369,-0.000036466500148588966,0.000052928415167620726,3
28.0134,2,0.00014425483198855524,0.00014521386332618161,-0.00004218342597264181,3
28.0134,2,0.00007165795701266671,-0.00015355690653804613,0.00004120058505151748,3
28.0134,2,0.00008867018913402256,-0.00017193990423584516,-0.00012583257969186668,3
28.0134,2,-0.00015600208380153887,-0.0000001561407712802993,0,1
28.0134,2,0.00018763158809731955,0.00002374947302473244,0.000005613853357003047,3
28.0134,2,0.0001187834698208342,0.0003542458222615206,0.000013638992890545947,3
28.0134,2,-0.00013729279008928578,-0.00000013741274954631217,0,1
28.0134,2,-0.000009194055012754367,-0.000011358446235559699,-0.0000036467577901321587,2
28.0134,2,0.00012371254569045438,0.00004096715425580491,-0.000030266195524906248,3
28.0134,2,0.00008309913538961632,-0.00005269001062688529,-0.000020014028634949736,2
28.0134,2,0.00021594582143631542,-0.00011899817382491078,-0.00009144917483425575,4
28.0134,2,0.0001581663192395273,0.00003562886594122293,0.00015211926344122024,3
28.0134,2,0.0002065455899907228,0.00008050987838058415,0.00008476789478021895,3
28.0134,2,-0.00008857692547138757,-0.00000008864812029916682,0,1
28.0134,2,0.0001482934246876525,-0.000039283355656158336,-0.000049330712394806026,3
28.0134,2,-0.00011317680186737425,-0.000014674198932282436,-0.000004522153487037066,2
28.0134,2,0.00008779825128209332,-0.000045518334989175654,0.00003392238186250051,3
28.0134,2,0.00007172509208342564,0.00008555644774132755,0.000029101319521512,2
28.0134,2,0.00021319942625612866,0.0002096705583509019,-0.00010644775335027175,4
28.0134,2,0.000055266330163015114,-0.00024807075865698183,0.0002480275935932878,4
28.0134,2,0.00003444764265629525,-0.000010359173530646728,0.000044519026595276096,2
28.0134,2,0.00008243902450870965,0.000017929004794918376,-0.00006146059381515843,3
28.0134,2,0.0004487087004580359,-0.00012474275059442126,0.0002015134144567911,4
28.0134,2,0.00014073554198726297,-0.0001356573706621361,0.0000031876643263261216,3
28.0134,2,0.0001870397396143938,-0.00002567080595139064,0.000060031139698245175,4
28.0134,2,-0.00016698820016429683,-0.00000016713788475653346,0,1
28.0134,2,0.00043442044110165686,0.000052122410073191224,-0.000013940579627982556,4
28.0134,2,0.00009186765993947251,0.000012164860712335696,-0.000023223605514940757,2
28.0134,2,0.000003407288561135614,-0.000039952309602307224,-0.000012118956053540888,3
28.0134,2,0.00018926573003547967,0.00010718398196876129,0.00007079186585755492,3
28.0134,2,0.0003381829498776565,0.00007247159106647206,0.00009025743968733495,4
28.0134,2,0.0001371064211204461,-0.00005847043877528164,-0.0001798047401527882,3
28.0134,2,0.00023978465814117716,-0.000037498209371083214,0.00010567997107115426,2
28.0134,2,0.00014703492758696594,-0.0002004208452944083,-0.000019630306815676798,3
28.0134,2,-0.00006930996132261154,0.00006105973931839983,0.00003086726858051816,2
28.0134,2,0.00001888311239372466,-0.00007264272079497942,0.00004543014984345897,3
28.0134,2,0.00013954572631223015,-0.0000905746066980167,-0.000020125957363972645,2
28.0134,2,-0.00013869302854510233,-0.00000013881438964222464,0,1
28.0134,2,0.0003308368789266459,0.000033545601305398124,0.00005505825085828123,3
28.0134,2,0.0001816482609944742,0.00016771057025076583,0.000009741146747208835,3
28.0134,2,0.00010356156709601875,-0.00001809099342050691,0.000013618164430956699,2
28.0134,2,-0.00013355334614408606,-0.00001907297252738559,-0.000028903740250252217,2
28.0134,2,0.0001712133095737156,0.000041513723023538136,0.000010714681480169895,3
28.0134,2,0.0000422890688546131,-0.000005560695680181899,-0.00006655221241745083,2
28.0134,2,0.00010146466367167278,0.00008828342842428988,-0.00006215814013776234,2
28.0134,2,0.0001394752354265804,0.000052840618463166,-0.000024701296965361115,2
28.0134,2,0.00019227144320193402,0.0001221110855688435,-0.00011099007734453122,3
28.0134,2,0.00009113019321385102,-0.00007375940465318365,-0.000029191050640470772,3
28.0134,2,-0.00001649681006235969,-0.000021298481112180868,-0.000025519366700598557,2
28.0134,2,-0.00016323385454090648,-0.000000163379781029416,0,1
28.0134,2,0.0002380289259068276,-0.000046071136762155786,-0.000059676973717323354,4
28.0134,2,0.0002459619666126591,0.0002639958429040844,0.000029435092432858326,5
28.0134,2,0.00015657924392202698,0.00010408943944838556,-0.000020274294715027464,3
28.0134,2,0.000062370597461662,0.000028203037920108836,-0.00003923747329850193,2
28.0134,2,0.0001823639914745337,-0.00008291774211306691,-0.00021800622112403016,4
28.0134,2,0.00010122295979479545,0.0003227018218960165,0.00006131161885862205,4
28.0134,2,0.00025646047436646746,0.00005561626935835288,-0.00017935443155230388,4
28.0134,2,0.0003039678308781117,0.000012623026324484973,-0.000012974921446762853,3
28.0134,2,-0.00005810506625194223,-0.00000005814575871814045,0,1
28.0134,2,0.00011146379184285069,0.00041321278626562584,0.00008893614735904446,4
28.0134,2,0.00025838117162786347,-0.00009307332088748723,0.0000021268873698921626,4
28.0134,2,-0.00007003255419923483,-0.00008356466598122357,0.00008416744050091665,3
28.0134,2,0.00010291247124679318,0.00002645966934797303,-0.000031408424351774126,3
28.0134,2,0.00006869560918689859,0.0001901990737182064,0.00005875229905354978,2
28.0134,2,0.000014129739578746777,-0.000055228124594022207,-0.0000034267414193566353,2
28.0134,2,-0.00008876038626524835,0.000031212380316947435,-0.000006849853992261349,2
28.0134,2,-0.00011866584952919885,-0.000010382604760998857,-0.00001708639270216085,2
28.0134,2,0.00007356678398632823,-0.000025689680040912394,-0.00009866891966065981,3
28.0134,2,0.00030638488046889315,0.00002550289770500449,0.00011117536789868094,3
28.0134,2,-0.00008113250509633007,-0.0004807451330112733,-0.0002604107649125588,3
28.0134,2,0.00025278245555322265,0.00004759110402374493,0.0003449732985429465,5
28.0134,2,0.00023006588940980617,-0.0000008585129408213037,0.000053865581456214584,3
28.0134,2,0.00010713847284160105,-0.00011819203262502708,0.00010463435481633385,3
28.0134,2,0.0002608866996163707,-0.00001378710220492895,-0.000012072870642958293,3
28.0134,2,0.0002005468834007736,-0.00003782928346785837,0.0000902475259015917,3
28.0134,2,0.00007258565808037994,0.000034129472166042706,0.000020443421929930583,2
28.0134,2,-0.00007370546618953882,-0.00005085587424175084,0.000037982407686054745,2
28.0134,2,0.00003437146774953183,0.00003070884039707128,-0.0001374264767973171,3
28.0134,2,0.00021760170063751702,-0.0001421800335912314,0.000030119847080344583,4
28.0134,2,0.00015120718439930978,0.000013008105607648067,-0.00002119789397372854,4
28.0134,2,0.00009896793692520039,-0.000013646786460096526,-0.00007602366175320346,2
28.0134,2,0.00013392872423158864,-0.000041770951819669314,-0.000053476543356588734,3
28.0134,2,0.00028178129936974405,-0.00008211176991553579,0.00011730638942960359,3
28.0134,2,0.000115675344884623,-0.000051855240737029314,-0.0000403486617350148,2
28.0134,2,0.00020646462364975815,0.00009416711979064046,0.00011185837121109071,3
28.0134,2,0.00009233045431194912,-0.00018031149189573983,-0.0001079257837145562,3
28.0134,2,0.00014974937256780388,-0.00009997971140463362,-0.00005955658129661694,3
28.0134,2,0.00034984286074814155,0.00020683454719864393,0.00012955503727884855,4
28.0134,2,0.00016093356254496123,0.00005361006748962419,-0.000017144751089742268,2
28.0134,2,0.0001897296687248112,-0.00015180133284744236,-0.00007882225267522891,4
28.0134,2,0.00008791675550592459,-0.00006017991578988484,0.000031698628209992185,3
28.0134,2,0.00015421250034280628,0.00005059361649189256,0.00005554129309353795,3
28.0134,2,0.00004152027436594646,0.00006939277747230785,-0.000019282357433221868,3
28.0134,2,0.00031872145865527907,-0.00005342574393712429,0.000052785848588194136,4
28.0134,2,0.00013740576879848267,0.0000280662685501607,0.00006159814625550607,3
28.0134,2,0.00024680786337095636,0.00011714472564503,-0.000276721070444859,4
28.0134,2,0.00009664154303472984,-0.0000336086839913187,0.00001887898241188722,2
28.0134,2,0.00010180184450542204,0.0001376296980487917,0.000060073244219512884,3
28.0134,2,0.00020154542509679584,-0.00014960899512698043,-0.00009227594680299162,3
28.0134,2,0.00007169852325295902,0.000049389566956251394,-0.00003511695600618019,2
28.0134,2,0.00006902675628840534,-0.00010187564004162538,-0.0003322714976552114,3
28.0134,2,0.00008336025563648095,-0.00009442645960760754,-0.00003806487445763909,2
28.0134,2,0.0002859454210884423,0.000005777728354522301,0.00002264115527647707,3
28.0134,2,0.00003211473330114458,-0.0001601873173539065,0.00027688898357066446,3
28.0134,2,0.0002909136051280797,0.00004960705633852054,-0.0002534465328203924,3
28.0134,2,-0.00011197938882654898,0.000016807070166999998,0.000010615973568180147,2
28.0134,2,0.00009457530184522086,-0.00047462050585858053,0.00001615537590814286,4
28.0134,2,0.00030800995171898876,0.00001983035040588917,0.00003799064359572293,3
28.0134,2,0.00021074423038729292,0.00016692018382169702,-0.00003378362742830998,3
28.0134,2,0.00030951525169126007,0.000537095166155416,0.00008638694436597412,2
28.0134,2,0.00010699897329125584,-0.00007920690336913274,-0.000006801527121677419,3
28.0134,2,0.00019188595333925168,-0.0001323137485409475,-0.00010385391421529952,3
28.0134,2,0.00014666224083752802,-0.00001658593329534231,0.00007677758063349369,2
28.0134,2,0.0000224237147322065,-0.00014112701557559553,-0.00018036031914484297,3
28.0134,2,0.0002946662297548198,0.000005018724977035474,-0.00008704227867054527,4
28.0134,2,0.0002361765983491097,-0.00005284415685113939,0.00005852855229275969,4
28.0134,2,0.00029171726225947096,0.000009585131130079364,0.000049176472897747855,4
28.0134,2,0.00017980356144486472,0.0000009715105213683667,-0.00001576750398771045,3
28.0134,2,0.00020937049099704604,0.00010714069334252911,-0.00003106590037986005,2
28.0134,2,0.00017645748019563335,-0.00002732702897288535,-0.0001214518125990753,4
28.0134,2,-0.00008916635778650308,0.000014501866586183647,0.000010142367742109447,2
28.0134,2,0.00016562546674945162,0.000015999018706498356,0.00012117336085078621,3
28.0134,2,0.00033193764823184074,-0.00010100891527635799,0.00003478207040927494,3
28.0134,2,0.0003418322843773267,-0.000023406451671844975,0.00007975859203551041,4
28.0134,2,-0.00000914450888964911,0.00012523431761498252,0.00008194479031049921,2
28.0134,2,0.00010758841940033628,0.00004888630211855621,-0.0000880373562149947,3
28.0134,2,0.000025909152261766494,-0.00023879267870143483,-0.000025884107191860353,4
28.0134,2,-0.0001975448486407857,0.0005667882995846841,-0.000036092581879344864,3
28.0134,2,0.0001948365181131459,0.00005221211793624941,0.00012831525534090174,3
28.0134,2,0.00017307519453668637,0.000016700713438719932,-0.000024470400691160398,3
28.0134,2,0.0001508565371192287,-0.00007956674207942574,-0.000053475682259467447,3
28.0134,2,0.00019391543002414454,-0.00006356018127468607,-0.00014349553550371385,3
28.0134,2,0.00003905993590545208,0.0002161546567179971,0.00004121778134142437,3
28.0134,2,-0.000005835921396481678,0.00031066563499949467,-0.00028790888258173537,3
28.0134,2,0.00011525712226837264,-0.00011699331935547792,0.000019401336008358005,3
28.0134,2,0.00014297138894279527,-0.0002995099138760983,0.00004944122710691253,4
28.0134,2,0.00039069225164393306,0.0000051942960927285874,0.0000516676082577779,3
28.0134,2,0.00036616457020407963,0.000012943675324592542,0.000008503747948960967,3
28.0134,2,0.00016763995153730695,0.00007621737292542767,-0.000014525720495611758,3
28.0134,2,0.00006166181676562874,-0.00011219516824580278,-0.00035387634878807984,2
28.0134,2,-0.00004429509484798973,0.00008083282177692323,0.00008122718764071754,3
28.0134,2,0.000035104186424281836,-0.000031890662475712845,0.000007009308293894418,2
28.0134,2,0.00025172811151325485,0.00022357017556813498,-0.00004705239671228147,3
28.0134,2,0.000053664285267801406,-0.00047248441770777984,0.00026998864084140385,4
28.0134,2,0.00027852286702654796,0.0000157625536619452,-0.00004537947878778136,3
28.0134,2,0.00028906049739196697,-0.00010943021208790083,0.000033888134083332577,4
28.0134,2,0.00003790003830630511,0.000008210047191339482,-0.0002544550493790694,3
28.0134,2,0.00007106457482954981,-0.0000559470408050738,0.00019451411240771637,4
28.0134,2,0.00026393535971070607,0.000045115695571058316,-0.00002422748748015474,3
28.0134,2,-0.000040821895432641406,-0.000001468157583671602,0.00001376651499757304,2
28.0134,2,0.000339878440075334,0.000011471056132031082,0.00004564747592909638,4
28.0134,2,0.00015470767902672,-0.0000028704336881211523,-0.00010287564184357649,3
28.0134,2,0.00030554434771582747,-0.000031986412452633206,-0.00007443948314151423,4
28.0134,2,0.00029197214988165065,-0.00007316132906989942,0.00024008591133855124,4
28.0134,2,0.00010201361993044484,-0.00006629621493680507,0.000029495070965970542,2
28.0134,2,0.00027866168630867307,0.00009297989568159312,-0.00011644208601916324,3
