4.002602,2,0.02266433380731434,-0.008245663888700664,0.007773755717263384,195
4.002602,2,0.002088702633448533,-0.0010987222484342978,-0.014592384295976684,171
4.002602,2,0.036164200800476644,-0.012181065876933229,0.01008363374696587,258
4.002602,2,0.041272523259708004,-0.013408906895065112,0.012723784929503167,253
4.002602,2,0.011939240411855678,0.0019116523783384565,0.009510354898590215,181
4.002602,2,0.010712676613388233,0.023756002810317877,0.002218138842253116,220
4.002602,2,0.0023326862069155065,-0.002000161997181788,-0.012520372710010833,208
4.002602,2,0.009022260628957788,-0.022071986434517864,-0.003550061685182767,198
4.002602,2,0.010786503256440521,0.010097538988769143,-0.0005170277740136788,160
4.002602,2,0.008468092925139873,-0.004800671058269521,-0.014069377627579472,164
4.002602,2,0.029440393642434896,0.0003770168355962176,0.0010984371409575268,216
4.002602,2,0.006976218868856822,0.015236647996730681,-0.0162599235212673,176
4.002602,2,0.003208973147034524,0.009551631848042624,-0.027719873858081494,215
4.002602,2,0.005246302147997143,-0.010531975811423153,0.009761683035786983,117
4.002602,2,0.02121700738904093,-0.002408186220718838,-0.010531735193734312,177
4.002602,2,0.041112257882831585,0.007360517459466914,0.002989947547278008,232
4.002602,2,0.008591748769145131,-0.024484494845934592,0.012788394129599093,220
4.002602,2,0.008857153571296504,-0.0058417280333837645,-0.007722121200136325,113
4.002602,2,0.012202257101319372,0.009293545517317486,-0.008090640603922294,205
4.002602,2,0.008622619106111352,0.02124698524145418,0.018286527236284433,197
4.002602,2,0.02766609329079026,0.011892765035890224,0.005248314206023542,238
4.002602,2,0.02176294124669714,0.010291931856954166,0.019075337705437703,205
4.002602,2,0.005284055884886075,0.015776329869949448,0.008154835144654683,207
4.002602,2,0.035881226535338304,-0.008809919218504773,-0.007985723810541334,237
4.002602,2,0.003732069730034172,-0.005766359553017521,0.0008705212717941795,108
4.002602,2,0.007461350612930968,-0.0031356884964281076,0.014093974705799034,169
4.002602,2,0.009874173964186054,0.007898664335567965,-0.008024539528305586,139
4.002602,2,0.003139664572417614,-0.006505001992024719,0.0036564498815688036,147
4.002602,2,0.004938784073107103,-0.0008170246809447394,0.016385186756697527,133
4.002602,2,0.011944914176426324,-0.007579166966482986,0.004380735823318738,208
4.002602,2,0.01783391173590857,0.010721525926780197,0.016956087328234903,192
4.002602,2,0.008669160956455504,-0.017522245453324745,-0.007593288179171167,168
4.002602,2,0.022146462190264605,-0.008121438913686416,0.03688664511375782,273
4.002602,2,0.04326870905491638,0.012318044329403961,0.012928924109218958,251
4.002602,2,0.01897437319719754,-0.004440241445616297,0.0008580522762945749,219
4.002602,2,0.014766628380761496,0.01685369624040855,-0.01439196312603054,191
4.002602,2,0.028337177976601274,0.0005395768060455042,0.0011631782584079638,209
4.002602,2,0.016372685841688498,0.0045277514785539335,0.0025511189102718347,183
4.002602,2,0.01233620129412102,0.004824250972238467,-0.00041707383299528593,150
4.002602,2,0.012782880510752487,-0.004732854060241732,-0.010173495719410787,157
4.002602,2,0.019961761473992524,-0.019179565222736332,0.022425428030636168,243
4.002602,2,0.021581858080301556,0.01977906963951983,0.0003831510876444124,228
4.002602,2,0.019285180914120088,-0.01663837326333544,-0.009647578544141585,185
4.002602,2,0.006930920409255071,0.01527598289109648,0.01479799094386708,178
4.002602,2,0.005437005056875065,0.004324972856632343,0.0014414213228453765,139
4.002602,2,0.008881849222130594,-0.004084820290564021,-0.014234254632518472,154
4.002602,2,0.0018875911354815542,0.011242558438466551,0.00705649643787713,127
4.002602,2,0.024747459866181862,-0.003680827986428196,0.013445529934780995,224
4.002602,2,0.03412668246465189,-0.01877322570798047,-0.004664721313172231,256
4.002602,2,0.03682983212310085,-0.018531347335899284,0.011526302162842644,282
4.002602,2,0.02646546807273162,-0.0025323481940303875,0.00471202175652964,211
4.002602,2,0.007700506677179518,0.005820344803736307,-0.007001632052381543,235
4.002602,2,0.010929783711158625,0.0014224799594351424,0.020337205295343164,164
4.002602,2,0.027484428268063958,-0.018318056680923876,0.015710485310386373,241
4.002602,2,0.034295535431655304,-0.010625448120945515,0.0032556034275559357,218
4.002602,2,0.006395949395313592,-0.0015769498741381842,0.016084582954304847,185
4.002602,2,0.01904563958369404,-0.008450028277607536,-0.005539361338328179,214
4.002602,2,0.034405595854874745,0.02185889608667644,0.01711959915866256,244
4.002602,2,0.016842778648535377,0.027109134015235858,0.014595971738708559,190
4.002602,2,0.016669693856074076,-0.00813586115616031,0.011305365257976069,166
4.002602,2,0.02564299505393782,-0.010215781668321624,0.0071423733098836695,230
4.002602,2,0.026497210016931647,-0.013379255598095725,0.00915798775103264,206
4.002602,2,0.023896686547998355,0.020657261817444914,-0.0075570445623699785,194
4.002602,2,0.01983399184853679,0.01883974458882175,0.013662847229444983,238
4.002602,2,0.021548772540198418,0.008475872911646998,-0.011373567574341516,165
4.002602,2,0.004333260724099987,0.017003918093073864,0.008334428459993527,144
4.002602,2,0.04358898706190848,0.01364160717804816,0.011747177852372162,264
4.002602,2,0.005348092703801041,-0.007931102626684217,-0.003786455939027747,122
4.002602,2,0.010905334841183499,0.010712457437145934,0.0036174695312548026,119
4.002602,2,0.015809332079117958,0.01967638895973818,0.0018175607097318774,222
4.002602,2,0.01726235549520537,-0.012654272911222508,-0.005460918419770739,201
4.002602,2,0.013550541750553017,-0.023515223253705475,-0.007267787524326866,198
4.002602,2,0.00539466667569239,0.0024008940271402477,-0.009994925900708844,126
4.002602,2,0.012481180525854509,0.002849846121392255,0.0031733367984540023,174
4.002602,2,0.005219618779267781,-0.005827327691389562,0.007567079216987638,137
4.002602,2,0.031875234471525224,-0.0169020353674917,0.008148344729850834,235
4.002602,2,0.023080816609983335,-0.011215551118714416,0.0014243616270986834,236
4.002602,2,0.03119132986618104,0.02138375888724391,-0.013327424315807666,237
4.002602,2,0.023533266655546548,0.002663808674489678,-0.004096468872503731,161
4.002602,2,0.008553002411908019,-0.004982761727280492,0.002591401973678648,190
4.002602,2,0.02643761977494745,-0.008397001486247611,-0.01963851363092254,258
4.002602,2,0.0427335960836064,-0.014407511781449101,0.021979290059208168,274
4.002602,2,0.017769023292338627,-0.035532154670071245,0.004750956039226379,251
4.002602,2,0.014640478923439537,0.005938869350276891,0.01187623134016044,169
4.002602,2,0.02776928132627032,0.015935000890591865,0.021527710448906195,255
4.002602,2,0.017597812510989685,0.013568039964309038,-0.0063443582063092046,191
